<html>
<head>
<title>TestNG:  Test</title>
<link href="../testng.css" rel="stylesheet" type="text/css" />
<link href="../my-testng.css" rel="stylesheet" type="text/css" />

<style type="text/css">
.log { display: none;} 
.stack-trace { display: none;} 
</style>
<script type="text/javascript">
<!--
function flip(e) {
  current = e.style.display;
  if (current == 'block') {
    e.style.display = 'none';
    return 0;
  }
  else {
    e.style.display = 'block';
    return 1;
  }
}

function toggleBox(szDivId, elem, msg1, msg2)
{
  var res = -1;  if (document.getElementById) {
    res = flip(document.getElementById(szDivId));
  }
  else if (document.all) {
    // this is the way old msie versions work
    res = flip(document.all[szDivId]);
  }
  if(elem) {
    if(res == 0) elem.innerHTML = msg1; else elem.innerHTML = msg2;
  }

}

function toggleAllBoxes() {
  if (document.getElementsByTagName) {
    d = document.getElementsByTagName('div');
    for (i = 0; i < d.length; i++) {
      if (d[i].className == 'log') {
        flip(d[i]);
      }
    }
  }
}

// -->
</script>

</head>
<body>
<h2 align='center'>Test</h2><table border='1' align="center">
<tr>
<td>Tests passed/Failed/Skipped:</td><td>17/10/0</td>
</tr><tr>
<td>Started on:</td><td>Fri Jun 09 15:43:49 IST 2017</td>
</tr>
<tr><td>Total time:</td><td>48 seconds (48168 ms)</td>
</tr><tr>
<td>Included groups:</td><td></td>
</tr><tr>
<td>Excluded groups:</td><td></td>
</tr>
</table><p/>
<small><i>(Hover the method name to see the test class name)</i></small><p/>
<table width='100%' border='1' class='invocation-failed'>
<tr><td colspan='4' align='center'><b>FAILED TESTS</b></td></tr>
<tr><td><b>Test method</b></td>
<td width="30%"><b>Exception</b></td>
<td width="10%"><b>Time (seconds)</b></td>
<td><b>Instance</b></td>
</tr>
<tr>
<td title='testcases.HybridExecuteTest.testlogin()'><b>testlogin</b><br>Test class: testcases.HybridExecuteTest<br>Parameters: , WAIT, , , 5.0</td>
<td><div><pre>java.lang.IllegalArgumentException: Invalid key code
	at sun.awt.windows.WRobotPeer.keyPress(Native Method)
	at java.awt.Robot.keyPress(Unknown Source)
	at operation.UIoperations.perform(UIoperations.java:54)
	at testcases.HybridExecuteTest.testlogin(HybridExecuteTest.java:53)
... Removed 25 stack frames</pre></div><a href='#' onClick='toggleBox("stack-trace847320212", this, "Click to show all stack frames", "Click to hide stack frames")'>Click to show all stack frames</a>
<div class='stack-trace' id='stack-trace847320212'><pre>java.lang.IllegalArgumentException: Invalid key code
	at sun.awt.windows.WRobotPeer.keyPress(Native Method)
	at java.awt.Robot.keyPress(Unknown Source)
	at operation.UIoperations.perform(UIoperations.java:54)
	at testcases.HybridExecuteTest.testlogin(HybridExecuteTest.java:53)
	at sun.reflect.NativeMethodAccessorImpl.invoke0(Native Method)
	at sun.reflect.NativeMethodAccessorImpl.invoke(Unknown Source)
	at sun.reflect.DelegatingMethodAccessorImpl.invoke(Unknown Source)
	at java.lang.reflect.Method.invoke(Unknown Source)
	at org.testng.internal.MethodInvocationHelper.invokeMethod(MethodInvocationHelper.java:108)
	at org.testng.internal.Invoker.invokeMethod(Invoker.java:661)
	at org.testng.internal.Invoker.invokeTestMethod(Invoker.java:869)
	at org.testng.internal.Invoker.invokeTestMethods(Invoker.java:1193)
	at org.testng.internal.TestMethodWorker.invokeTestMethods(TestMethodWorker.java:126)
	at org.testng.internal.TestMethodWorker.run(TestMethodWorker.java:109)
	at org.testng.TestRunner.privateRun(TestRunner.java:744)
	at org.testng.TestRunner.run(TestRunner.java:602)
	at org.testng.SuiteRunner.runTest(SuiteRunner.java:380)
	at org.testng.SuiteRunner.runSequentially(SuiteRunner.java:375)
	at org.testng.SuiteRunner.privateRun(SuiteRunner.java:340)
	at org.testng.SuiteRunner.run(SuiteRunner.java:289)
	at org.testng.SuiteRunnerWorker.runSuite(SuiteRunnerWorker.java:52)
	at org.testng.SuiteRunnerWorker.run(SuiteRunnerWorker.java:86)
	at org.testng.TestNG.runSuitesSequentially(TestNG.java:1301)
	at org.testng.TestNG.runSuitesLocally(TestNG.java:1226)
	at org.testng.TestNG.runSuites(TestNG.java:1144)
	at org.testng.TestNG.run(TestNG.java:1115)
	at org.testng.remote.AbstractRemoteTestNG.run(AbstractRemoteTestNG.java:132)
	at org.testng.remote.RemoteTestNG.initAndRun(RemoteTestNG.java:230)
	at org.testng.remote.RemoteTestNG.main(RemoteTestNG.java:76)
</pre></div></td>
<td>5</td>
<td>testcases.HybridExecuteTest@4520ebad</td></tr>
<tr>
<td title='testcases.HybridExecuteTest.testlogin()'><b>testlogin</b><br>Test class: testcases.HybridExecuteTest<br>Parameters: , WAIT, , , 5.0</td>
<td><div><pre>java.lang.IllegalArgumentException: Invalid key code
	at sun.awt.windows.WRobotPeer.keyPress(Native Method)
	at java.awt.Robot.keyPress(Unknown Source)
	at operation.UIoperations.perform(UIoperations.java:54)
	at testcases.HybridExecuteTest.testlogin(HybridExecuteTest.java:53)
... Removed 25 stack frames</pre></div><a href='#' onClick='toggleBox("stack-trace1685407532", this, "Click to show all stack frames", "Click to hide stack frames")'>Click to show all stack frames</a>
<div class='stack-trace' id='stack-trace1685407532'><pre>java.lang.IllegalArgumentException: Invalid key code
	at sun.awt.windows.WRobotPeer.keyPress(Native Method)
	at java.awt.Robot.keyPress(Unknown Source)
	at operation.UIoperations.perform(UIoperations.java:54)
	at testcases.HybridExecuteTest.testlogin(HybridExecuteTest.java:53)
	at sun.reflect.NativeMethodAccessorImpl.invoke0(Native Method)
	at sun.reflect.NativeMethodAccessorImpl.invoke(Unknown Source)
	at sun.reflect.DelegatingMethodAccessorImpl.invoke(Unknown Source)
	at java.lang.reflect.Method.invoke(Unknown Source)
	at org.testng.internal.MethodInvocationHelper.invokeMethod(MethodInvocationHelper.java:108)
	at org.testng.internal.Invoker.invokeMethod(Invoker.java:661)
	at org.testng.internal.Invoker.invokeTestMethod(Invoker.java:869)
	at org.testng.internal.Invoker.invokeTestMethods(Invoker.java:1193)
	at org.testng.internal.TestMethodWorker.invokeTestMethods(TestMethodWorker.java:126)
	at org.testng.internal.TestMethodWorker.run(TestMethodWorker.java:109)
	at org.testng.TestRunner.privateRun(TestRunner.java:744)
	at org.testng.TestRunner.run(TestRunner.java:602)
	at org.testng.SuiteRunner.runTest(SuiteRunner.java:380)
	at org.testng.SuiteRunner.runSequentially(SuiteRunner.java:375)
	at org.testng.SuiteRunner.privateRun(SuiteRunner.java:340)
	at org.testng.SuiteRunner.run(SuiteRunner.java:289)
	at org.testng.SuiteRunnerWorker.runSuite(SuiteRunnerWorker.java:52)
	at org.testng.SuiteRunnerWorker.run(SuiteRunnerWorker.java:86)
	at org.testng.TestNG.runSuitesSequentially(TestNG.java:1301)
	at org.testng.TestNG.runSuitesLocally(TestNG.java:1226)
	at org.testng.TestNG.runSuites(TestNG.java:1144)
	at org.testng.TestNG.run(TestNG.java:1115)
	at org.testng.remote.AbstractRemoteTestNG.run(AbstractRemoteTestNG.java:132)
	at org.testng.remote.RemoteTestNG.initAndRun(RemoteTestNG.java:230)
	at org.testng.remote.RemoteTestNG.main(RemoteTestNG.java:76)
</pre></div></td>
<td>5</td>
<td>testcases.HybridExecuteTest@4520ebad</td></tr>
<tr>
<td title='testcases.HybridExecuteTest.testlogin()'><b>testlogin</b><br>Test class: testcases.HybridExecuteTest<br>Parameters: , WAIT, , , 5.0</td>
<td><div><pre>java.lang.IllegalArgumentException: Invalid key code
	at sun.awt.windows.WRobotPeer.keyPress(Native Method)
	at java.awt.Robot.keyPress(Unknown Source)
	at operation.UIoperations.perform(UIoperations.java:54)
	at testcases.HybridExecuteTest.testlogin(HybridExecuteTest.java:53)
... Removed 24 stack frames</pre></div><a href='#' onClick='toggleBox("stack-trace1027319653", this, "Click to show all stack frames", "Click to hide stack frames")'>Click to show all stack frames</a>
<div class='stack-trace' id='stack-trace1027319653'><pre>java.lang.IllegalArgumentException: Invalid key code
	at sun.awt.windows.WRobotPeer.keyPress(Native Method)
	at java.awt.Robot.keyPress(Unknown Source)
	at operation.UIoperations.perform(UIoperations.java:54)
	at testcases.HybridExecuteTest.testlogin(HybridExecuteTest.java:53)
	at sun.reflect.GeneratedMethodAccessor1.invoke(Unknown Source)
	at sun.reflect.DelegatingMethodAccessorImpl.invoke(Unknown Source)
	at java.lang.reflect.Method.invoke(Unknown Source)
	at org.testng.internal.MethodInvocationHelper.invokeMethod(MethodInvocationHelper.java:108)
	at org.testng.internal.Invoker.invokeMethod(Invoker.java:661)
	at org.testng.internal.Invoker.invokeTestMethod(Invoker.java:869)
	at org.testng.internal.Invoker.invokeTestMethods(Invoker.java:1193)
	at org.testng.internal.TestMethodWorker.invokeTestMethods(TestMethodWorker.java:126)
	at org.testng.internal.TestMethodWorker.run(TestMethodWorker.java:109)
	at org.testng.TestRunner.privateRun(TestRunner.java:744)
	at org.testng.TestRunner.run(TestRunner.java:602)
	at org.testng.SuiteRunner.runTest(SuiteRunner.java:380)
	at org.testng.SuiteRunner.runSequentially(SuiteRunner.java:375)
	at org.testng.SuiteRunner.privateRun(SuiteRunner.java:340)
	at org.testng.SuiteRunner.run(SuiteRunner.java:289)
	at org.testng.SuiteRunnerWorker.runSuite(SuiteRunnerWorker.java:52)
	at org.testng.SuiteRunnerWorker.run(SuiteRunnerWorker.java:86)
	at org.testng.TestNG.runSuitesSequentially(TestNG.java:1301)
	at org.testng.TestNG.runSuitesLocally(TestNG.java:1226)
	at org.testng.TestNG.runSuites(TestNG.java:1144)
	at org.testng.TestNG.run(TestNG.java:1115)
	at org.testng.remote.AbstractRemoteTestNG.run(AbstractRemoteTestNG.java:132)
	at org.testng.remote.RemoteTestNG.initAndRun(RemoteTestNG.java:230)
	at org.testng.remote.RemoteTestNG.main(RemoteTestNG.java:76)
</pre></div></td>
<td>5</td>
<td>testcases.HybridExecuteTest@4520ebad</td></tr>
<tr>
<td title='testcases.HybridExecuteTest.testlogin()'><b>testlogin</b><br>Test class: testcases.HybridExecuteTest<br>Parameters: , WAIT, , , 3.0</td>
<td><div><pre>java.lang.IllegalArgumentException: Invalid key code
	at sun.awt.windows.WRobotPeer.keyPress(Native Method)
	at java.awt.Robot.keyPress(Unknown Source)
	at operation.UIoperations.perform(UIoperations.java:54)
	at testcases.HybridExecuteTest.testlogin(HybridExecuteTest.java:53)
... Removed 24 stack frames</pre></div><a href='#' onClick='toggleBox("stack-trace244872973", this, "Click to show all stack frames", "Click to hide stack frames")'>Click to show all stack frames</a>
<div class='stack-trace' id='stack-trace244872973'><pre>java.lang.IllegalArgumentException: Invalid key code
	at sun.awt.windows.WRobotPeer.keyPress(Native Method)
	at java.awt.Robot.keyPress(Unknown Source)
	at operation.UIoperations.perform(UIoperations.java:54)
	at testcases.HybridExecuteTest.testlogin(HybridExecuteTest.java:53)
	at sun.reflect.GeneratedMethodAccessor1.invoke(Unknown Source)
	at sun.reflect.DelegatingMethodAccessorImpl.invoke(Unknown Source)
	at java.lang.reflect.Method.invoke(Unknown Source)
	at org.testng.internal.MethodInvocationHelper.invokeMethod(MethodInvocationHelper.java:108)
	at org.testng.internal.Invoker.invokeMethod(Invoker.java:661)
	at org.testng.internal.Invoker.invokeTestMethod(Invoker.java:869)
	at org.testng.internal.Invoker.invokeTestMethods(Invoker.java:1193)
	at org.testng.internal.TestMethodWorker.invokeTestMethods(TestMethodWorker.java:126)
	at org.testng.internal.TestMethodWorker.run(TestMethodWorker.java:109)
	at org.testng.TestRunner.privateRun(TestRunner.java:744)
	at org.testng.TestRunner.run(TestRunner.java:602)
	at org.testng.SuiteRunner.runTest(SuiteRunner.java:380)
	at org.testng.SuiteRunner.runSequentially(SuiteRunner.java:375)
	at org.testng.SuiteRunner.privateRun(SuiteRunner.java:340)
	at org.testng.SuiteRunner.run(SuiteRunner.java:289)
	at org.testng.SuiteRunnerWorker.runSuite(SuiteRunnerWorker.java:52)
	at org.testng.SuiteRunnerWorker.run(SuiteRunnerWorker.java:86)
	at org.testng.TestNG.runSuitesSequentially(TestNG.java:1301)
	at org.testng.TestNG.runSuitesLocally(TestNG.java:1226)
	at org.testng.TestNG.runSuites(TestNG.java:1144)
	at org.testng.TestNG.run(TestNG.java:1115)
	at org.testng.remote.AbstractRemoteTestNG.run(AbstractRemoteTestNG.java:132)
	at org.testng.remote.RemoteTestNG.initAndRun(RemoteTestNG.java:230)
	at org.testng.remote.RemoteTestNG.main(RemoteTestNG.java:76)
</pre></div></td>
<td>3</td>
<td>testcases.HybridExecuteTest@4520ebad</td></tr>
<tr>
<td title='testcases.HybridExecuteTest.testlogin()'><b>testlogin</b><br>Test class: testcases.HybridExecuteTest<br>Parameters: , WAIT, , , 2.0</td>
<td><div><pre>java.lang.IllegalArgumentException: Invalid key code
	at sun.awt.windows.WRobotPeer.keyPress(Native Method)
	at java.awt.Robot.keyPress(Unknown Source)
	at operation.UIoperations.perform(UIoperations.java:54)
	at testcases.HybridExecuteTest.testlogin(HybridExecuteTest.java:53)
... Removed 24 stack frames</pre></div><a href='#' onClick='toggleBox("stack-trace837073696", this, "Click to show all stack frames", "Click to hide stack frames")'>Click to show all stack frames</a>
<div class='stack-trace' id='stack-trace837073696'><pre>java.lang.IllegalArgumentException: Invalid key code
	at sun.awt.windows.WRobotPeer.keyPress(Native Method)
	at java.awt.Robot.keyPress(Unknown Source)
	at operation.UIoperations.perform(UIoperations.java:54)
	at testcases.HybridExecuteTest.testlogin(HybridExecuteTest.java:53)
	at sun.reflect.GeneratedMethodAccessor1.invoke(Unknown Source)
	at sun.reflect.DelegatingMethodAccessorImpl.invoke(Unknown Source)
	at java.lang.reflect.Method.invoke(Unknown Source)
	at org.testng.internal.MethodInvocationHelper.invokeMethod(MethodInvocationHelper.java:108)
	at org.testng.internal.Invoker.invokeMethod(Invoker.java:661)
	at org.testng.internal.Invoker.invokeTestMethod(Invoker.java:869)
	at org.testng.internal.Invoker.invokeTestMethods(Invoker.java:1193)
	at org.testng.internal.TestMethodWorker.invokeTestMethods(TestMethodWorker.java:126)
	at org.testng.internal.TestMethodWorker.run(TestMethodWorker.java:109)
	at org.testng.TestRunner.privateRun(TestRunner.java:744)
	at org.testng.TestRunner.run(TestRunner.java:602)
	at org.testng.SuiteRunner.runTest(SuiteRunner.java:380)
	at org.testng.SuiteRunner.runSequentially(SuiteRunner.java:375)
	at org.testng.SuiteRunner.privateRun(SuiteRunner.java:340)
	at org.testng.SuiteRunner.run(SuiteRunner.java:289)
	at org.testng.SuiteRunnerWorker.runSuite(SuiteRunnerWorker.java:52)
	at org.testng.SuiteRunnerWorker.run(SuiteRunnerWorker.java:86)
	at org.testng.TestNG.runSuitesSequentially(TestNG.java:1301)
	at org.testng.TestNG.runSuitesLocally(TestNG.java:1226)
	at org.testng.TestNG.runSuites(TestNG.java:1144)
	at org.testng.TestNG.run(TestNG.java:1115)
	at org.testng.remote.AbstractRemoteTestNG.run(AbstractRemoteTestNG.java:132)
	at org.testng.remote.RemoteTestNG.initAndRun(RemoteTestNG.java:230)
	at org.testng.remote.RemoteTestNG.main(RemoteTestNG.java:76)
</pre></div></td>
<td>2</td>
<td>testcases.HybridExecuteTest@4520ebad</td></tr>
<tr>
<td title='testcases.HybridExecuteTest.testlogin()'><b>testlogin</b><br>Test class: testcases.HybridExecuteTest<br>Parameters: , SELECTFROMDROPDOWN, drp_sector, xpath, Consumer</td>
<td><div><pre>org.openqa.selenium.support.ui.UnexpectedTagNameException: Element should have been &quot;select&quot; but was &quot;div&quot;
Build info: version: &apos;3.4.0&apos;, revision: &apos;unknown&apos;, time: &apos;unknown&apos;
System info: host: &apos;EVS01CPB237&apos;, ip: &apos;172.16.30.135&apos;, os.name: &apos;Windows 7&apos;, os.arch: &apos;amd64&apos;, os.version: &apos;6.1&apos;, java.version: &apos;1.8.0_131&apos;
Driver info: driver.version: unknown
	at org.openqa.selenium.support.ui.Select.&lt;init&gt;(Select.java:47)
	at operation.UIoperations.perform(UIoperations.java:62)
	at testcases.HybridExecuteTest.testlogin(HybridExecuteTest.java:53)
... Removed 24 stack frames</pre></div><a href='#' onClick='toggleBox("stack-trace824881806", this, "Click to show all stack frames", "Click to hide stack frames")'>Click to show all stack frames</a>
<div class='stack-trace' id='stack-trace824881806'><pre>org.openqa.selenium.support.ui.UnexpectedTagNameException: Element should have been &quot;select&quot; but was &quot;div&quot;
Build info: version: &apos;3.4.0&apos;, revision: &apos;unknown&apos;, time: &apos;unknown&apos;
System info: host: &apos;EVS01CPB237&apos;, ip: &apos;172.16.30.135&apos;, os.name: &apos;Windows 7&apos;, os.arch: &apos;amd64&apos;, os.version: &apos;6.1&apos;, java.version: &apos;1.8.0_131&apos;
Driver info: driver.version: unknown
	at org.openqa.selenium.support.ui.Select.&lt;init&gt;(Select.java:47)
	at operation.UIoperations.perform(UIoperations.java:62)
	at testcases.HybridExecuteTest.testlogin(HybridExecuteTest.java:53)
	at sun.reflect.GeneratedMethodAccessor1.invoke(Unknown Source)
	at sun.reflect.DelegatingMethodAccessorImpl.invoke(Unknown Source)
	at java.lang.reflect.Method.invoke(Unknown Source)
	at org.testng.internal.MethodInvocationHelper.invokeMethod(MethodInvocationHelper.java:108)
	at org.testng.internal.Invoker.invokeMethod(Invoker.java:661)
	at org.testng.internal.Invoker.invokeTestMethod(Invoker.java:869)
	at org.testng.internal.Invoker.invokeTestMethods(Invoker.java:1193)
	at org.testng.internal.TestMethodWorker.invokeTestMethods(TestMethodWorker.java:126)
	at org.testng.internal.TestMethodWorker.run(TestMethodWorker.java:109)
	at org.testng.TestRunner.privateRun(TestRunner.java:744)
	at org.testng.TestRunner.run(TestRunner.java:602)
	at org.testng.SuiteRunner.runTest(SuiteRunner.java:380)
	at org.testng.SuiteRunner.runSequentially(SuiteRunner.java:375)
	at org.testng.SuiteRunner.privateRun(SuiteRunner.java:340)
	at org.testng.SuiteRunner.run(SuiteRunner.java:289)
	at org.testng.SuiteRunnerWorker.runSuite(SuiteRunnerWorker.java:52)
	at org.testng.SuiteRunnerWorker.run(SuiteRunnerWorker.java:86)
	at org.testng.TestNG.runSuitesSequentially(TestNG.java:1301)
	at org.testng.TestNG.runSuitesLocally(TestNG.java:1226)
	at org.testng.TestNG.runSuites(TestNG.java:1144)
	at org.testng.TestNG.run(TestNG.java:1115)
	at org.testng.remote.AbstractRemoteTestNG.run(AbstractRemoteTestNG.java:132)
	at org.testng.remote.RemoteTestNG.initAndRun(RemoteTestNG.java:230)
	at org.testng.remote.RemoteTestNG.main(RemoteTestNG.java:76)
</pre></div></td>
<td>0</td>
<td>testcases.HybridExecuteTest@4520ebad</td></tr>
<tr>
<td title='testcases.HybridExecuteTest.testlogin()'><b>testlogin</b><br>Test class: testcases.HybridExecuteTest<br>Parameters: , WAIT, , , 2.0</td>
<td><div><pre>java.lang.IllegalArgumentException: Invalid key code
	at sun.awt.windows.WRobotPeer.keyPress(Native Method)
	at java.awt.Robot.keyPress(Unknown Source)
	at operation.UIoperations.perform(UIoperations.java:54)
	at testcases.HybridExecuteTest.testlogin(HybridExecuteTest.java:53)
... Removed 24 stack frames</pre></div><a href='#' onClick='toggleBox("stack-trace663466110", this, "Click to show all stack frames", "Click to hide stack frames")'>Click to show all stack frames</a>
<div class='stack-trace' id='stack-trace663466110'><pre>java.lang.IllegalArgumentException: Invalid key code
	at sun.awt.windows.WRobotPeer.keyPress(Native Method)
	at java.awt.Robot.keyPress(Unknown Source)
	at operation.UIoperations.perform(UIoperations.java:54)
	at testcases.HybridExecuteTest.testlogin(HybridExecuteTest.java:53)
	at sun.reflect.GeneratedMethodAccessor1.invoke(Unknown Source)
	at sun.reflect.DelegatingMethodAccessorImpl.invoke(Unknown Source)
	at java.lang.reflect.Method.invoke(Unknown Source)
	at org.testng.internal.MethodInvocationHelper.invokeMethod(MethodInvocationHelper.java:108)
	at org.testng.internal.Invoker.invokeMethod(Invoker.java:661)
	at org.testng.internal.Invoker.invokeTestMethod(Invoker.java:869)
	at org.testng.internal.Invoker.invokeTestMethods(Invoker.java:1193)
	at org.testng.internal.TestMethodWorker.invokeTestMethods(TestMethodWorker.java:126)
	at org.testng.internal.TestMethodWorker.run(TestMethodWorker.java:109)
	at org.testng.TestRunner.privateRun(TestRunner.java:744)
	at org.testng.TestRunner.run(TestRunner.java:602)
	at org.testng.SuiteRunner.runTest(SuiteRunner.java:380)
	at org.testng.SuiteRunner.runSequentially(SuiteRunner.java:375)
	at org.testng.SuiteRunner.privateRun(SuiteRunner.java:340)
	at org.testng.SuiteRunner.run(SuiteRunner.java:289)
	at org.testng.SuiteRunnerWorker.runSuite(SuiteRunnerWorker.java:52)
	at org.testng.SuiteRunnerWorker.run(SuiteRunnerWorker.java:86)
	at org.testng.TestNG.runSuitesSequentially(TestNG.java:1301)
	at org.testng.TestNG.runSuitesLocally(TestNG.java:1226)
	at org.testng.TestNG.runSuites(TestNG.java:1144)
	at org.testng.TestNG.run(TestNG.java:1115)
	at org.testng.remote.AbstractRemoteTestNG.run(AbstractRemoteTestNG.java:132)
	at org.testng.remote.RemoteTestNG.initAndRun(RemoteTestNG.java:230)
	at org.testng.remote.RemoteTestNG.main(RemoteTestNG.java:76)
</pre></div></td>
<td>2</td>
<td>testcases.HybridExecuteTest@4520ebad</td></tr>
<tr>
<td title='testcases.HybridExecuteTest.testlogin()'><b>testlogin</b><br>Test class: testcases.HybridExecuteTest<br>Parameters: , SELECTFROMDROPDOWN, drp_subsector, xpath, Retail</td>
<td><div><pre>org.openqa.selenium.support.ui.UnexpectedTagNameException: Element should have been &quot;select&quot; but was &quot;div&quot;
Build info: version: &apos;3.4.0&apos;, revision: &apos;unknown&apos;, time: &apos;unknown&apos;
System info: host: &apos;EVS01CPB237&apos;, ip: &apos;172.16.30.135&apos;, os.name: &apos;Windows 7&apos;, os.arch: &apos;amd64&apos;, os.version: &apos;6.1&apos;, java.version: &apos;1.8.0_131&apos;
Driver info: driver.version: unknown
	at org.openqa.selenium.support.ui.Select.&lt;init&gt;(Select.java:47)
	at operation.UIoperations.perform(UIoperations.java:62)
	at testcases.HybridExecuteTest.testlogin(HybridExecuteTest.java:53)
... Removed 24 stack frames</pre></div><a href='#' onClick='toggleBox("stack-trace295180183", this, "Click to show all stack frames", "Click to hide stack frames")'>Click to show all stack frames</a>
<div class='stack-trace' id='stack-trace295180183'><pre>org.openqa.selenium.support.ui.UnexpectedTagNameException: Element should have been &quot;select&quot; but was &quot;div&quot;
Build info: version: &apos;3.4.0&apos;, revision: &apos;unknown&apos;, time: &apos;unknown&apos;
System info: host: &apos;EVS01CPB237&apos;, ip: &apos;172.16.30.135&apos;, os.name: &apos;Windows 7&apos;, os.arch: &apos;amd64&apos;, os.version: &apos;6.1&apos;, java.version: &apos;1.8.0_131&apos;
Driver info: driver.version: unknown
	at org.openqa.selenium.support.ui.Select.&lt;init&gt;(Select.java:47)
	at operation.UIoperations.perform(UIoperations.java:62)
	at testcases.HybridExecuteTest.testlogin(HybridExecuteTest.java:53)
	at sun.reflect.GeneratedMethodAccessor1.invoke(Unknown Source)
	at sun.reflect.DelegatingMethodAccessorImpl.invoke(Unknown Source)
	at java.lang.reflect.Method.invoke(Unknown Source)
	at org.testng.internal.MethodInvocationHelper.invokeMethod(MethodInvocationHelper.java:108)
	at org.testng.internal.Invoker.invokeMethod(Invoker.java:661)
	at org.testng.internal.Invoker.invokeTestMethod(Invoker.java:869)
	at org.testng.internal.Invoker.invokeTestMethods(Invoker.java:1193)
	at org.testng.internal.TestMethodWorker.invokeTestMethods(TestMethodWorker.java:126)
	at org.testng.internal.TestMethodWorker.run(TestMethodWorker.java:109)
	at org.testng.TestRunner.privateRun(TestRunner.java:744)
	at org.testng.TestRunner.run(TestRunner.java:602)
	at org.testng.SuiteRunner.runTest(SuiteRunner.java:380)
	at org.testng.SuiteRunner.runSequentially(SuiteRunner.java:375)
	at org.testng.SuiteRunner.privateRun(SuiteRunner.java:340)
	at org.testng.SuiteRunner.run(SuiteRunner.java:289)
	at org.testng.SuiteRunnerWorker.runSuite(SuiteRunnerWorker.java:52)
	at org.testng.SuiteRunnerWorker.run(SuiteRunnerWorker.java:86)
	at org.testng.TestNG.runSuitesSequentially(TestNG.java:1301)
	at org.testng.TestNG.runSuitesLocally(TestNG.java:1226)
	at org.testng.TestNG.runSuites(TestNG.java:1144)
	at org.testng.TestNG.run(TestNG.java:1115)
	at org.testng.remote.AbstractRemoteTestNG.run(AbstractRemoteTestNG.java:132)
	at org.testng.remote.RemoteTestNG.initAndRun(RemoteTestNG.java:230)
	at org.testng.remote.RemoteTestNG.main(RemoteTestNG.java:76)
</pre></div></td>
<td>0</td>
<td>testcases.HybridExecuteTest@4520ebad</td></tr>
<tr>
<td title='testcases.HybridExecuteTest.testlogin()'><b>testlogin</b><br>Test class: testcases.HybridExecuteTest<br>Parameters: , WAIT, , , 2.0</td>
<td><div><pre>java.lang.IllegalArgumentException: Invalid key code
	at sun.awt.windows.WRobotPeer.keyPress(Native Method)
	at java.awt.Robot.keyPress(Unknown Source)
	at operation.UIoperations.perform(UIoperations.java:54)
	at testcases.HybridExecuteTest.testlogin(HybridExecuteTest.java:53)
... Removed 24 stack frames</pre></div><a href='#' onClick='toggleBox("stack-trace1528769018", this, "Click to show all stack frames", "Click to hide stack frames")'>Click to show all stack frames</a>
<div class='stack-trace' id='stack-trace1528769018'><pre>java.lang.IllegalArgumentException: Invalid key code
	at sun.awt.windows.WRobotPeer.keyPress(Native Method)
	at java.awt.Robot.keyPress(Unknown Source)
	at operation.UIoperations.perform(UIoperations.java:54)
	at testcases.HybridExecuteTest.testlogin(HybridExecuteTest.java:53)
	at sun.reflect.GeneratedMethodAccessor1.invoke(Unknown Source)
	at sun.reflect.DelegatingMethodAccessorImpl.invoke(Unknown Source)
	at java.lang.reflect.Method.invoke(Unknown Source)
	at org.testng.internal.MethodInvocationHelper.invokeMethod(MethodInvocationHelper.java:108)
	at org.testng.internal.Invoker.invokeMethod(Invoker.java:661)
	at org.testng.internal.Invoker.invokeTestMethod(Invoker.java:869)
	at org.testng.internal.Invoker.invokeTestMethods(Invoker.java:1193)
	at org.testng.internal.TestMethodWorker.invokeTestMethods(TestMethodWorker.java:126)
	at org.testng.internal.TestMethodWorker.run(TestMethodWorker.java:109)
	at org.testng.TestRunner.privateRun(TestRunner.java:744)
	at org.testng.TestRunner.run(TestRunner.java:602)
	at org.testng.SuiteRunner.runTest(SuiteRunner.java:380)
	at org.testng.SuiteRunner.runSequentially(SuiteRunner.java:375)
	at org.testng.SuiteRunner.privateRun(SuiteRunner.java:340)
	at org.testng.SuiteRunner.run(SuiteRunner.java:289)
	at org.testng.SuiteRunnerWorker.runSuite(SuiteRunnerWorker.java:52)
	at org.testng.SuiteRunnerWorker.run(SuiteRunnerWorker.java:86)
	at org.testng.TestNG.runSuitesSequentially(TestNG.java:1301)
	at org.testng.TestNG.runSuitesLocally(TestNG.java:1226)
	at org.testng.TestNG.runSuites(TestNG.java:1144)
	at org.testng.TestNG.run(TestNG.java:1115)
	at org.testng.remote.AbstractRemoteTestNG.run(AbstractRemoteTestNG.java:132)
	at org.testng.remote.RemoteTestNG.initAndRun(RemoteTestNG.java:230)
	at org.testng.remote.RemoteTestNG.main(RemoteTestNG.java:76)
</pre></div></td>
<td>2</td>
<td>testcases.HybridExecuteTest@4520ebad</td></tr>
<tr>
<td title='testcases.HybridExecuteTest.testlogin()'><b>testlogin</b><br>Test class: testcases.HybridExecuteTest<br>Parameters: , SELECTFROMDROPDOWN, drp_portfolio, xpath, Apparel Manufacturers</td>
<td><div><pre>org.openqa.selenium.support.ui.UnexpectedTagNameException: Element should have been &quot;select&quot; but was &quot;div&quot;
Build info: version: &apos;3.4.0&apos;, revision: &apos;unknown&apos;, time: &apos;unknown&apos;
System info: host: &apos;EVS01CPB237&apos;, ip: &apos;172.16.30.135&apos;, os.name: &apos;Windows 7&apos;, os.arch: &apos;amd64&apos;, os.version: &apos;6.1&apos;, java.version: &apos;1.8.0_131&apos;
Driver info: driver.version: unknown
	at org.openqa.selenium.support.ui.Select.&lt;init&gt;(Select.java:47)
	at operation.UIoperations.perform(UIoperations.java:62)
	at testcases.HybridExecuteTest.testlogin(HybridExecuteTest.java:53)
... Removed 24 stack frames</pre></div><a href='#' onClick='toggleBox("stack-trace1429483328", this, "Click to show all stack frames", "Click to hide stack frames")'>Click to show all stack frames</a>
<div class='stack-trace' id='stack-trace1429483328'><pre>org.openqa.selenium.support.ui.UnexpectedTagNameException: Element should have been &quot;select&quot; but was &quot;div&quot;
Build info: version: &apos;3.4.0&apos;, revision: &apos;unknown&apos;, time: &apos;unknown&apos;
System info: host: &apos;EVS01CPB237&apos;, ip: &apos;172.16.30.135&apos;, os.name: &apos;Windows 7&apos;, os.arch: &apos;amd64&apos;, os.version: &apos;6.1&apos;, java.version: &apos;1.8.0_131&apos;
Driver info: driver.version: unknown
	at org.openqa.selenium.support.ui.Select.&lt;init&gt;(Select.java:47)
	at operation.UIoperations.perform(UIoperations.java:62)
	at testcases.HybridExecuteTest.testlogin(HybridExecuteTest.java:53)
	at sun.reflect.GeneratedMethodAccessor1.invoke(Unknown Source)
	at sun.reflect.DelegatingMethodAccessorImpl.invoke(Unknown Source)
	at java.lang.reflect.Method.invoke(Unknown Source)
	at org.testng.internal.MethodInvocationHelper.invokeMethod(MethodInvocationHelper.java:108)
	at org.testng.internal.Invoker.invokeMethod(Invoker.java:661)
	at org.testng.internal.Invoker.invokeTestMethod(Invoker.java:869)
	at org.testng.internal.Invoker.invokeTestMethods(Invoker.java:1193)
	at org.testng.internal.TestMethodWorker.invokeTestMethods(TestMethodWorker.java:126)
	at org.testng.internal.TestMethodWorker.run(TestMethodWorker.java:109)
	at org.testng.TestRunner.privateRun(TestRunner.java:744)
	at org.testng.TestRunner.run(TestRunner.java:602)
	at org.testng.SuiteRunner.runTest(SuiteRunner.java:380)
	at org.testng.SuiteRunner.runSequentially(SuiteRunner.java:375)
	at org.testng.SuiteRunner.privateRun(SuiteRunner.java:340)
	at org.testng.SuiteRunner.run(SuiteRunner.java:289)
	at org.testng.SuiteRunnerWorker.runSuite(SuiteRunnerWorker.java:52)
	at org.testng.SuiteRunnerWorker.run(SuiteRunnerWorker.java:86)
	at org.testng.TestNG.runSuitesSequentially(TestNG.java:1301)
	at org.testng.TestNG.runSuitesLocally(TestNG.java:1226)
	at org.testng.TestNG.runSuites(TestNG.java:1144)
	at org.testng.TestNG.run(TestNG.java:1115)
	at org.testng.remote.AbstractRemoteTestNG.run(AbstractRemoteTestNG.java:132)
	at org.testng.remote.RemoteTestNG.initAndRun(RemoteTestNG.java:230)
	at org.testng.remote.RemoteTestNG.main(RemoteTestNG.java:76)
</pre></div></td>
<td>0</td>
<td>testcases.HybridExecuteTest@4520ebad</td></tr>
</table><p>
<table width='100%' border='1' class='invocation-passed'>
<tr><td colspan='4' align='center'><b>PASSED TESTS</b></td></tr>
<tr><td><b>Test method</b></td>
<td width="30%"><b>Exception</b></td>
<td width="10%"><b>Time (seconds)</b></td>
<td><b>Instance</b></td>
</tr>
<tr>
<td title='testcases.HybridExecuteTest.testlogin()'><b>testlogin</b><br>Test class: testcases.HybridExecuteTest<br>Parameters: Login to application, , , , </td>
<td></td>
<td>6</td>
<td>testcases.HybridExecuteTest@4520ebad</td></tr>
<tr>
<td title='testcases.HybridExecuteTest.testlogin()'><b>testlogin</b><br>Test class: testcases.HybridExecuteTest<br>Parameters: , GOTOURL, , , url</td>
<td></td>
<td>1</td>
<td>testcases.HybridExecuteTest@4520ebad</td></tr>
<tr>
<td title='testcases.HybridExecuteTest.testlogin()'><b>testlogin</b><br>Test class: testcases.HybridExecuteTest<br>Parameters: , SETTEXT, username, id, test@evalueserve.com</td>
<td></td>
<td>0</td>
<td>testcases.HybridExecuteTest@4520ebad</td></tr>
<tr>
<td title='testcases.HybridExecuteTest.testlogin()'><b>testlogin</b><br>Test class: testcases.HybridExecuteTest<br>Parameters: , SETTEXT, password, id, 123456.0</td>
<td></td>
<td>0</td>
<td>testcases.HybridExecuteTest@4520ebad</td></tr>
<tr>
<td title='testcases.HybridExecuteTest.testlogin()'><b>testlogin</b><br>Test class: testcases.HybridExecuteTest<br>Parameters: , CLICK, login, classname, </td>
<td></td>
<td>0</td>
<td>testcases.HybridExecuteTest@4520ebad</td></tr>
<tr>
<td title='testcases.HybridExecuteTest.testlogin()'><b>testlogin</b><br>Test class: testcases.HybridExecuteTest<br>Parameters: , CLOSE, , , </td>
<td></td>
<td>0</td>
<td>testcases.HybridExecuteTest@4520ebad</td></tr>
<tr>
<td title='testcases.HybridExecuteTest.testlogin()'><b>testlogin</b><br>Test class: testcases.HybridExecuteTest<br>Parameters: Manage Comps>Open Upload Comps , , , , </td>
<td></td>
<td>4</td>
<td>testcases.HybridExecuteTest@4520ebad</td></tr>
<tr>
<td title='testcases.HybridExecuteTest.testlogin()'><b>testlogin</b><br>Test class: testcases.HybridExecuteTest<br>Parameters:  , GOTOURL, , , url</td>
<td></td>
<td>7</td>
<td>testcases.HybridExecuteTest@4520ebad</td></tr>
<tr>
<td title='testcases.HybridExecuteTest.testlogin()'><b>testlogin</b><br>Test class: testcases.HybridExecuteTest<br>Parameters: , SETTEXT, username, id, test@evalueserve.com</td>
<td></td>
<td>0</td>
<td>testcases.HybridExecuteTest@4520ebad</td></tr>
<tr>
<td title='testcases.HybridExecuteTest.testlogin()'><b>testlogin</b><br>Test class: testcases.HybridExecuteTest<br>Parameters: , SETTEXT, password, id, 123456.0</td>
<td></td>
<td>0</td>
<td>testcases.HybridExecuteTest@4520ebad</td></tr>
<tr>
<td title='testcases.HybridExecuteTest.testlogin()'><b>testlogin</b><br>Test class: testcases.HybridExecuteTest<br>Parameters: , CLICK, login, classname, </td>
<td></td>
<td>1</td>
<td>testcases.HybridExecuteTest@4520ebad</td></tr>
<tr>
<td title='testcases.HybridExecuteTest.testlogin()'><b>testlogin</b><br>Test class: testcases.HybridExecuteTest<br>Parameters: , CLICK, menu_TradingComps, xpath, </td>
<td></td>
<td>0</td>
<td>testcases.HybridExecuteTest@4520ebad</td></tr>
<tr>
<td title='testcases.HybridExecuteTest.testlogin()'><b>testlogin</b><br>Test class: testcases.HybridExecuteTest<br>Parameters: , CLICK, submenu_SelectCompanyProfile, xpath, </td>
<td></td>
<td>0</td>
<td>testcases.HybridExecuteTest@4520ebad</td></tr>
<tr>
<td title='testcases.HybridExecuteTest.testlogin()'><b>testlogin</b><br>Test class: testcases.HybridExecuteTest<br>Parameters: , CLICK, rad_companyticker, xpath, </td>
<td></td>
<td>0</td>
<td>testcases.HybridExecuteTest@4520ebad</td></tr>
<tr>
<td title='testcases.HybridExecuteTest.testlogin()'><b>testlogin</b><br>Test class: testcases.HybridExecuteTest<br>Parameters: , CLICK, txt_companysearch, xpath, </td>
<td></td>
<td>0</td>
<td>testcases.HybridExecuteTest@4520ebad</td></tr>
<tr>
<td title='testcases.HybridExecuteTest.testlogin()'><b>testlogin</b><br>Test class: testcases.HybridExecuteTest<br>Parameters: , SETTEXT, txt_companysearch, xpath, test</td>
<td></td>
<td>0</td>
<td>testcases.HybridExecuteTest@4520ebad</td></tr>
<tr>
<td title='testcases.HybridExecuteTest.testlogin()'><b>testlogin</b><br>Test class: testcases.HybridExecuteTest<br>Parameters: , ROBOTwithKEYUPandEnter, , , </td>
<td></td>
<td>0</td>
<td>testcases.HybridExecuteTest@4520ebad</td></tr>
</table><p>
</body>
</html>