<?xml version="1.0" encoding="UTF-8"?>
<!-- Generated by org.testng.reporters.JUnitXMLReporter -->
<testsuite hostname="EVS01CPB237" ignored="0" name="Test" tests="27" failures="10" timestamp="09 Jun 2017 10:14:38 GMT" time="48.168" errors="0">
  <testcase name="testlogin" time="6.422" classname="testcases.HybridExecuteTest"/>
  <testcase name="testlogin" time="1.268" classname="testcases.HybridExecuteTest"/>
  <testcase name="testlogin" time="0.074" classname="testcases.HybridExecuteTest"/>
  <testcase name="testlogin" time="0.042" classname="testcases.HybridExecuteTest"/>
  <testcase name="testlogin" time="0.938" classname="testcases.HybridExecuteTest"/>
  <testcase name="testlogin" time="0.241" classname="testcases.HybridExecuteTest"/>
  <testcase name="testlogin" time="4.787" classname="testcases.HybridExecuteTest"/>
  <testcase name="testlogin" time="7.39" classname="testcases.HybridExecuteTest"/>
  <testcase name="testlogin" time="0.069" classname="testcases.HybridExecuteTest"/>
  <testcase name="testlogin" time="0.044" classname="testcases.HybridExecuteTest"/>
  <testcase name="testlogin" time="1.411" classname="testcases.HybridExecuteTest"/>
  <testcase name="testlogin" time="5.029" classname="testcases.HybridExecuteTest">
    <failure type="java.lang.IllegalArgumentException" message="Invalid key code">
      <![CDATA[java.lang.IllegalArgumentException: Invalid key code
	at sun.awt.windows.WRobotPeer.keyPress(Native Method)
	at java.awt.Robot.keyPress(Unknown Source)
	at operation.UIoperations.perform(UIoperations.java:54)
	at testcases.HybridExecuteTest.testlogin(HybridExecuteTest.java:53)
... Removed 25 stack frames]]>
    </failure>
  </testcase> <!-- testlogin -->
  <testcase name="testlogin" time="0.054" classname="testcases.HybridExecuteTest"/>
  <testcase name="testlogin" time="0.055" classname="testcases.HybridExecuteTest"/>
  <testcase name="testlogin" time="5.04" classname="testcases.HybridExecuteTest">
    <failure type="java.lang.IllegalArgumentException" message="Invalid key code">
      <![CDATA[java.lang.IllegalArgumentException: Invalid key code
	at sun.awt.windows.WRobotPeer.keyPress(Native Method)
	at java.awt.Robot.keyPress(Unknown Source)
	at operation.UIoperations.perform(UIoperations.java:54)
	at testcases.HybridExecuteTest.testlogin(HybridExecuteTest.java:53)
... Removed 25 stack frames]]>
    </failure>
  </testcase> <!-- testlogin -->
  <testcase name="testlogin" time="0.109" classname="testcases.HybridExecuteTest"/>
  <testcase name="testlogin" time="5.008" classname="testcases.HybridExecuteTest">
    <failure type="java.lang.IllegalArgumentException" message="Invalid key code">
      <![CDATA[java.lang.IllegalArgumentException: Invalid key code
	at sun.awt.windows.WRobotPeer.keyPress(Native Method)
	at java.awt.Robot.keyPress(Unknown Source)
	at operation.UIoperations.perform(UIoperations.java:54)
	at testcases.HybridExecuteTest.testlogin(HybridExecuteTest.java:53)
... Removed 24 stack frames]]>
    </failure>
  </testcase> <!-- testlogin -->
  <testcase name="testlogin" time="0.078" classname="testcases.HybridExecuteTest"/>
  <testcase name="testlogin" time="0.047" classname="testcases.HybridExecuteTest"/>
  <testcase name="testlogin" time="3.011" classname="testcases.HybridExecuteTest">
    <failure type="java.lang.IllegalArgumentException" message="Invalid key code">
      <![CDATA[java.lang.IllegalArgumentException: Invalid key code
	at sun.awt.windows.WRobotPeer.keyPress(Native Method)
	at java.awt.Robot.keyPress(Unknown Source)
	at operation.UIoperations.perform(UIoperations.java:54)
	at testcases.HybridExecuteTest.testlogin(HybridExecuteTest.java:53)
... Removed 24 stack frames]]>
    </failure>
  </testcase> <!-- testlogin -->
  <testcase name="testlogin" time="0.0" classname="testcases.HybridExecuteTest"/>
  <testcase name="testlogin" time="2.012" classname="testcases.HybridExecuteTest">
    <failure type="java.lang.IllegalArgumentException" message="Invalid key code">
      <![CDATA[java.lang.IllegalArgumentException: Invalid key code
	at sun.awt.windows.WRobotPeer.keyPress(Native Method)
	at java.awt.Robot.keyPress(Unknown Source)
	at operation.UIoperations.perform(UIoperations.java:54)
	at testcases.HybridExecuteTest.testlogin(HybridExecuteTest.java:53)
... Removed 24 stack frames]]>
    </failure>
  </testcase> <!-- testlogin -->
  <testcase name="testlogin" time="0.047" classname="testcases.HybridExecuteTest">
    <failure type="org.openqa.selenium.support.ui.UnexpectedTagNameException" message="Element should have been &amp;quot;select&amp;quot; but was &amp;quot;div&amp;quot;
Build info: version: &amp;apos;3.4.0&amp;apos;, revision: &amp;apos;unknown&amp;apos;, time: &amp;apos;unknown&amp;apos;
System info: host: &amp;apos;EVS01CPB237&amp;apos;, ip: &amp;apos;172.16.30.135&amp;apos;, os.name: &amp;apos;Windows 7&amp;apos;, os.arch: &amp;apos;amd64&amp;apos;, os.version: &amp;apos;6.1&amp;apos;, java.version: &amp;apos;1.8.0_131&amp;apos;
Driver info: driver.version: unknown">
      <![CDATA[org.openqa.selenium.support.ui.UnexpectedTagNameException: Element should have been "select" but was "div"
Build info: version: '3.4.0', revision: 'unknown', time: 'unknown'
System info: host: 'EVS01CPB237', ip: '172.16.30.135', os.name: 'Windows 7', os.arch: 'amd64', os.version: '6.1', java.version: '1.8.0_131'
Driver info: driver.version: unknown
	at org.openqa.selenium.support.ui.Select.<init>(Select.java:47)
	at operation.UIoperations.perform(UIoperations.java:62)
	at testcases.HybridExecuteTest.testlogin(HybridExecuteTest.java:53)
... Removed 24 stack frames]]>
    </failure>
  </testcase> <!-- testlogin -->
  <testcase name="testlogin" time="2.012" classname="testcases.HybridExecuteTest">
    <failure type="java.lang.IllegalArgumentException" message="Invalid key code">
      <![CDATA[java.lang.IllegalArgumentException: Invalid key code
	at sun.awt.windows.WRobotPeer.keyPress(Native Method)
	at java.awt.Robot.keyPress(Unknown Source)
	at operation.UIoperations.perform(UIoperations.java:54)
	at testcases.HybridExecuteTest.testlogin(HybridExecuteTest.java:53)
... Removed 24 stack frames]]>
    </failure>
  </testcase> <!-- testlogin -->
  <testcase name="testlogin" time="0.016" classname="testcases.HybridExecuteTest">
    <failure type="org.openqa.selenium.support.ui.UnexpectedTagNameException" message="Element should have been &amp;quot;select&amp;quot; but was &amp;quot;div&amp;quot;
Build info: version: &amp;apos;3.4.0&amp;apos;, revision: &amp;apos;unknown&amp;apos;, time: &amp;apos;unknown&amp;apos;
System info: host: &amp;apos;EVS01CPB237&amp;apos;, ip: &amp;apos;172.16.30.135&amp;apos;, os.name: &amp;apos;Windows 7&amp;apos;, os.arch: &amp;apos;amd64&amp;apos;, os.version: &amp;apos;6.1&amp;apos;, java.version: &amp;apos;1.8.0_131&amp;apos;
Driver info: driver.version: unknown">
      <![CDATA[org.openqa.selenium.support.ui.UnexpectedTagNameException: Element should have been "select" but was "div"
Build info: version: '3.4.0', revision: 'unknown', time: 'unknown'
System info: host: 'EVS01CPB237', ip: '172.16.30.135', os.name: 'Windows 7', os.arch: 'amd64', os.version: '6.1', java.version: '1.8.0_131'
Driver info: driver.version: unknown
	at org.openqa.selenium.support.ui.Select.<init>(Select.java:47)
	at operation.UIoperations.perform(UIoperations.java:62)
	at testcases.HybridExecuteTest.testlogin(HybridExecuteTest.java:53)
... Removed 24 stack frames]]>
    </failure>
  </testcase> <!-- testlogin -->
  <testcase name="testlogin" time="2.013" classname="testcases.HybridExecuteTest">
    <failure type="java.lang.IllegalArgumentException" message="Invalid key code">
      <![CDATA[java.lang.IllegalArgumentException: Invalid key code
	at sun.awt.windows.WRobotPeer.keyPress(Native Method)
	at java.awt.Robot.keyPress(Unknown Source)
	at operation.UIoperations.perform(UIoperations.java:54)
	at testcases.HybridExecuteTest.testlogin(HybridExecuteTest.java:53)
... Removed 24 stack frames]]>
    </failure>
  </testcase> <!-- testlogin -->
  <testcase name="testlogin" time="0.031" classname="testcases.HybridExecuteTest">
    <failure type="org.openqa.selenium.support.ui.UnexpectedTagNameException" message="Element should have been &amp;quot;select&amp;quot; but was &amp;quot;div&amp;quot;
Build info: version: &amp;apos;3.4.0&amp;apos;, revision: &amp;apos;unknown&amp;apos;, time: &amp;apos;unknown&amp;apos;
System info: host: &amp;apos;EVS01CPB237&amp;apos;, ip: &amp;apos;172.16.30.135&amp;apos;, os.name: &amp;apos;Windows 7&amp;apos;, os.arch: &amp;apos;amd64&amp;apos;, os.version: &amp;apos;6.1&amp;apos;, java.version: &amp;apos;1.8.0_131&amp;apos;
Driver info: driver.version: unknown">
      <![CDATA[org.openqa.selenium.support.ui.UnexpectedTagNameException: Element should have been "select" but was "div"
Build info: version: '3.4.0', revision: 'unknown', time: 'unknown'
System info: host: 'EVS01CPB237', ip: '172.16.30.135', os.name: 'Windows 7', os.arch: 'amd64', os.version: '6.1', java.version: '1.8.0_131'
Driver info: driver.version: unknown
	at org.openqa.selenium.support.ui.Select.<init>(Select.java:47)
	at operation.UIoperations.perform(UIoperations.java:62)
	at testcases.HybridExecuteTest.testlogin(HybridExecuteTest.java:53)
... Removed 24 stack frames]]>
    </failure>
  </testcase> <!-- testlogin -->
</testsuite> <!-- Test -->
