<?xml version="1.0" encoding="UTF-8"?>
<!-- Generated by org.testng.reporters.JUnitReportReporter -->
<testsuite skipped="27" hostname="evs01cpb424" name="testcases.HybridExecuteTest" tests="43" failures="0" timestamp="7 Jun 2017 09:47:45 GMT" time="93.155" errors="5">
  <testcase name="testlogin" time="0.010" classname="testcases.HybridExecuteTest">
    <skipped/>
  </testcase> <!-- testlogin -->
  <testcase name="testlogin" time="0.000" classname="testcases.HybridExecuteTest">
    <skipped/>
  </testcase> <!-- testlogin -->
  <testcase name="testlogin" time="0.000" classname="testcases.HybridExecuteTest">
    <skipped/>
  </testcase> <!-- testlogin -->
  <testcase name="testlogin" time="0.000" classname="testcases.HybridExecuteTest">
    <skipped/>
  </testcase> <!-- testlogin -->
  <testcase name="testlogin" time="0.000" classname="testcases.HybridExecuteTest">
    <skipped/>
  </testcase> <!-- testlogin -->
  <testcase name="testlogin" time="0.000" classname="testcases.HybridExecuteTest">
    <skipped/>
  </testcase> <!-- testlogin -->
  <testcase name="testlogin" time="0.037" classname="testcases.HybridExecuteTest"/>
  <testcase name="testlogin" time="0.042" classname="testcases.HybridExecuteTest"/>
  <testcase name="testlogin" time="0.000" classname="testcases.HybridExecuteTest">
    <skipped/>
  </testcase> <!-- testlogin -->
  <testcase name="testlogin" time="0.000" classname="testcases.HybridExecuteTest">
    <skipped/>
  </testcase> <!-- testlogin -->
  <testcase name="testlogin" time="0.000" classname="testcases.HybridExecuteTest">
    <skipped/>
  </testcase> <!-- testlogin -->
  <testcase name="testlogin" time="4.867" classname="testcases.HybridExecuteTest"/>
  <testcase name="testlogin" time="0.000" classname="testcases.HybridExecuteTest">
    <error type="java.lang.NumberFormatException" message="For input string: &quot;2000.0&quot;">
      <![CDATA[java.lang.NumberFormatException: For input string: "2000.0"
	at java.lang.NumberFormatException.forInputString(Unknown Source)
	at java.lang.Integer.parseInt(Unknown Source)
	at java.lang.Integer.parseInt(Unknown Source)
	at operation.UIoperations.perform(UIoperations.java:39)
	at testcases.HybridExecuteTest.testlogin(HybridExecuteTest.java:57)
	at sun.reflect.GeneratedMethodAccessor1.invoke(Unknown Source)
	at sun.reflect.DelegatingMethodAccessorImpl.invoke(Unknown Source)
	at java.lang.reflect.Method.invoke(Unknown Source)
	at org.testng.internal.MethodInvocationHelper.invokeMethod(MethodInvocationHelper.java:100)
	at org.testng.internal.Invoker.invokeMethod(Invoker.java:646)
	at org.testng.internal.Invoker.invokeTestMethod(Invoker.java:811)
	at org.testng.internal.Invoker.invokeTestMethods(Invoker.java:1137)
	at org.testng.internal.TestMethodWorker.invokeTestMethods(TestMethodWorker.java:129)
	at org.testng.internal.TestMethodWorker.run(TestMethodWorker.java:112)
	at org.testng.TestRunner.privateRun(TestRunner.java:753)
	at org.testng.TestRunner.run(TestRunner.java:607)
	at org.testng.SuiteRunner.runTest(SuiteRunner.java:368)
	at org.testng.SuiteRunner.runSequentially(SuiteRunner.java:363)
	at org.testng.SuiteRunner.privateRun(SuiteRunner.java:321)
	at org.testng.SuiteRunner.run(SuiteRunner.java:270)
	at org.testng.SuiteRunnerWorker.runSuite(SuiteRunnerWorker.java:52)
	at org.testng.SuiteRunnerWorker.run(SuiteRunnerWorker.java:86)
	at org.testng.TestNG.runSuitesSequentially(TestNG.java:1284)
	at org.testng.TestNG.runSuitesLocally(TestNG.java:1209)
	at org.testng.TestNG.runSuites(TestNG.java:1124)
	at org.testng.TestNG.run(TestNG.java:1096)
	at org.testng.remote.AbstractRemoteTestNG.run(AbstractRemoteTestNG.java:132)
	at org.testng.remote.RemoteTestNG.initAndRun(RemoteTestNG.java:236)
	at org.testng.remote.RemoteTestNG.main(RemoteTestNG.java:81)
]]>
    </error>
  </testcase> <!-- testlogin -->
  <testcase name="testlogin" time="0.000" classname="testcases.HybridExecuteTest">
    <skipped/>
  </testcase> <!-- testlogin -->
  <testcase name="testlogin" time="0.000" classname="testcases.HybridExecuteTest">
    <skipped/>
  </testcase> <!-- testlogin -->
  <testcase name="testlogin" time="0.000" classname="testcases.HybridExecuteTest">
    <skipped/>
  </testcase> <!-- testlogin -->
  <testcase name="testlogin" time="0.053" classname="testcases.HybridExecuteTest"/>
  <testcase name="testlogin" time="0.000" classname="testcases.HybridExecuteTest">
    <skipped/>
  </testcase> <!-- testlogin -->
  <testcase name="testlogin" time="0.000" classname="testcases.HybridExecuteTest">
    <skipped/>
  </testcase> <!-- testlogin -->
  <testcase name="testlogin" time="0.000" classname="testcases.HybridExecuteTest">
    <skipped/>
  </testcase> <!-- testlogin -->
  <testcase name="testlogin" time="2.204" classname="testcases.HybridExecuteTest"/>
  <testcase name="testlogin" time="0.000" classname="testcases.HybridExecuteTest">
    <skipped/>
  </testcase> <!-- testlogin -->
  <testcase name="testlogin" time="0.000" classname="testcases.HybridExecuteTest">
    <error type="java.lang.NumberFormatException" message="For input string: &quot;2000.0&quot;">
      <![CDATA[java.lang.NumberFormatException: For input string: "2000.0"
	at java.lang.NumberFormatException.forInputString(Unknown Source)
	at java.lang.Integer.parseInt(Unknown Source)
	at java.lang.Integer.parseInt(Unknown Source)
	at operation.UIoperations.perform(UIoperations.java:39)
	at testcases.HybridExecuteTest.testlogin(HybridExecuteTest.java:57)
	at sun.reflect.GeneratedMethodAccessor1.invoke(Unknown Source)
	at sun.reflect.DelegatingMethodAccessorImpl.invoke(Unknown Source)
	at java.lang.reflect.Method.invoke(Unknown Source)
	at org.testng.internal.MethodInvocationHelper.invokeMethod(MethodInvocationHelper.java:100)
	at org.testng.internal.Invoker.invokeMethod(Invoker.java:646)
	at org.testng.internal.Invoker.invokeTestMethod(Invoker.java:811)
	at org.testng.internal.Invoker.invokeTestMethods(Invoker.java:1137)
	at org.testng.internal.TestMethodWorker.invokeTestMethods(TestMethodWorker.java:129)
	at org.testng.internal.TestMethodWorker.run(TestMethodWorker.java:112)
	at org.testng.TestRunner.privateRun(TestRunner.java:753)
	at org.testng.TestRunner.run(TestRunner.java:607)
	at org.testng.SuiteRunner.runTest(SuiteRunner.java:368)
	at org.testng.SuiteRunner.runSequentially(SuiteRunner.java:363)
	at org.testng.SuiteRunner.privateRun(SuiteRunner.java:321)
	at org.testng.SuiteRunner.run(SuiteRunner.java:270)
	at org.testng.SuiteRunnerWorker.runSuite(SuiteRunnerWorker.java:52)
	at org.testng.SuiteRunnerWorker.run(SuiteRunnerWorker.java:86)
	at org.testng.TestNG.runSuitesSequentially(TestNG.java:1284)
	at org.testng.TestNG.runSuitesLocally(TestNG.java:1209)
	at org.testng.TestNG.runSuites(TestNG.java:1124)
	at org.testng.TestNG.run(TestNG.java:1096)
	at org.testng.remote.AbstractRemoteTestNG.run(AbstractRemoteTestNG.java:132)
	at org.testng.remote.RemoteTestNG.initAndRun(RemoteTestNG.java:236)
	at org.testng.remote.RemoteTestNG.main(RemoteTestNG.java:81)
]]>
    </error>
  </testcase> <!-- testlogin -->
  <testcase name="testlogin" time="0.077" classname="testcases.HybridExecuteTest"/>
  <testcase name="testlogin" time="0.000" classname="testcases.HybridExecuteTest">
    <skipped/>
  </testcase> <!-- testlogin -->
  <testcase name="testlogin" time="0.000" classname="testcases.HybridExecuteTest">
    <skipped/>
  </testcase> <!-- testlogin -->
  <testcase name="testlogin" time="0.000" classname="testcases.HybridExecuteTest">
    <error type="java.lang.NumberFormatException" message="For input string: &quot;2000.0&quot;">
      <![CDATA[java.lang.NumberFormatException: For input string: "2000.0"
	at java.lang.NumberFormatException.forInputString(Unknown Source)
	at java.lang.Integer.parseInt(Unknown Source)
	at java.lang.Integer.parseInt(Unknown Source)
	at operation.UIoperations.perform(UIoperations.java:39)
	at testcases.HybridExecuteTest.testlogin(HybridExecuteTest.java:57)
	at sun.reflect.GeneratedMethodAccessor1.invoke(Unknown Source)
	at sun.reflect.DelegatingMethodAccessorImpl.invoke(Unknown Source)
	at java.lang.reflect.Method.invoke(Unknown Source)
	at org.testng.internal.MethodInvocationHelper.invokeMethod(MethodInvocationHelper.java:100)
	at org.testng.internal.Invoker.invokeMethod(Invoker.java:646)
	at org.testng.internal.Invoker.invokeTestMethod(Invoker.java:811)
	at org.testng.internal.Invoker.invokeTestMethods(Invoker.java:1137)
	at org.testng.internal.TestMethodWorker.invokeTestMethods(TestMethodWorker.java:129)
	at org.testng.internal.TestMethodWorker.run(TestMethodWorker.java:112)
	at org.testng.TestRunner.privateRun(TestRunner.java:753)
	at org.testng.TestRunner.run(TestRunner.java:607)
	at org.testng.SuiteRunner.runTest(SuiteRunner.java:368)
	at org.testng.SuiteRunner.runSequentially(SuiteRunner.java:363)
	at org.testng.SuiteRunner.privateRun(SuiteRunner.java:321)
	at org.testng.SuiteRunner.run(SuiteRunner.java:270)
	at org.testng.SuiteRunnerWorker.runSuite(SuiteRunnerWorker.java:52)
	at org.testng.SuiteRunnerWorker.run(SuiteRunnerWorker.java:86)
	at org.testng.TestNG.runSuitesSequentially(TestNG.java:1284)
	at org.testng.TestNG.runSuitesLocally(TestNG.java:1209)
	at org.testng.TestNG.runSuites(TestNG.java:1124)
	at org.testng.TestNG.run(TestNG.java:1096)
	at org.testng.remote.AbstractRemoteTestNG.run(AbstractRemoteTestNG.java:132)
	at org.testng.remote.RemoteTestNG.initAndRun(RemoteTestNG.java:236)
	at org.testng.remote.RemoteTestNG.main(RemoteTestNG.java:81)
]]>
    </error>
  </testcase> <!-- testlogin -->
  <testcase name="testlogin" time="0.010" classname="testcases.HybridExecuteTest">
    <skipped/>
  </testcase> <!-- testlogin -->
  <testcase name="testlogin" time="0.000" classname="testcases.HybridExecuteTest">
    <skipped/>
  </testcase> <!-- testlogin -->
  <testcase name="testlogin" time="0.000" classname="testcases.HybridExecuteTest">
    <skipped/>
  </testcase> <!-- testlogin -->
  <testcase name="testlogin" time="0.000" classname="testcases.HybridExecuteTest">
    <skipped/>
  </testcase> <!-- testlogin -->
  <testcase name="testlogin" time="0.010" classname="testcases.HybridExecuteTest"/>
  <testcase name="testlogin" time="0.000" classname="testcases.HybridExecuteTest">
    <skipped/>
  </testcase> <!-- testlogin -->
  <testcase name="testlogin" time="0.000" classname="testcases.HybridExecuteTest">
    <error type="java.lang.NumberFormatException" message="For input string: &quot;2000.0&quot;">
      <![CDATA[java.lang.NumberFormatException: For input string: "2000.0"
	at java.lang.NumberFormatException.forInputString(Unknown Source)
	at java.lang.Integer.parseInt(Unknown Source)
	at java.lang.Integer.parseInt(Unknown Source)
	at operation.UIoperations.perform(UIoperations.java:39)
	at testcases.HybridExecuteTest.testlogin(HybridExecuteTest.java:57)
	at sun.reflect.GeneratedMethodAccessor1.invoke(Unknown Source)
	at sun.reflect.DelegatingMethodAccessorImpl.invoke(Unknown Source)
	at java.lang.reflect.Method.invoke(Unknown Source)
	at org.testng.internal.MethodInvocationHelper.invokeMethod(MethodInvocationHelper.java:100)
	at org.testng.internal.Invoker.invokeMethod(Invoker.java:646)
	at org.testng.internal.Invoker.invokeTestMethod(Invoker.java:811)
	at org.testng.internal.Invoker.invokeTestMethods(Invoker.java:1137)
	at org.testng.internal.TestMethodWorker.invokeTestMethods(TestMethodWorker.java:129)
	at org.testng.internal.TestMethodWorker.run(TestMethodWorker.java:112)
	at org.testng.TestRunner.privateRun(TestRunner.java:753)
	at org.testng.TestRunner.run(TestRunner.java:607)
	at org.testng.SuiteRunner.runTest(SuiteRunner.java:368)
	at org.testng.SuiteRunner.runSequentially(SuiteRunner.java:363)
	at org.testng.SuiteRunner.privateRun(SuiteRunner.java:321)
	at org.testng.SuiteRunner.run(SuiteRunner.java:270)
	at org.testng.SuiteRunnerWorker.runSuite(SuiteRunnerWorker.java:52)
	at org.testng.SuiteRunnerWorker.run(SuiteRunnerWorker.java:86)
	at org.testng.TestNG.runSuitesSequentially(TestNG.java:1284)
	at org.testng.TestNG.runSuitesLocally(TestNG.java:1209)
	at org.testng.TestNG.runSuites(TestNG.java:1124)
	at org.testng.TestNG.run(TestNG.java:1096)
	at org.testng.remote.AbstractRemoteTestNG.run(AbstractRemoteTestNG.java:132)
	at org.testng.remote.RemoteTestNG.initAndRun(RemoteTestNG.java:236)
	at org.testng.remote.RemoteTestNG.main(RemoteTestNG.java:81)
]]>
    </error>
  </testcase> <!-- testlogin -->
  <testcase name="testlogin" time="80.082" classname="testcases.HybridExecuteTest">
    <error type="org.openqa.selenium.NoSuchElementException" message="Unable to locate element: //div[@class=&#039;k-list-scroller&#039;]//ul[@id=&#039;drp_Template_listbox&#039;]//li[text()=&#039;NY&#039;]
For documentation on this error, please visit: http://seleniumhq.org/exceptions/no_such_element.html
Build info: version: &#039;3.4.0&#039;, revision: &#039;unknown&#039;, time: &#039;unknown&#039;
System info: host: &#039;EVS01CPB424&#039;, ip: &#039;172.16.30.21&#039;, os.name: &#039;Windows 7&#039;, os.arch: &#039;amd64&#039;, os.version: &#039;6.1&#039;, java.version: &#039;1.8.0_121&#039;
Driver info: org.openqa.selenium.firefox.FirefoxDriver
Capabilities [{moz:profile=C:\Users\CHAMAN~1.PRE\AppData\Local\Temp\rust_mozprofile.O2xdp9gXuyjw, rotatable=false, timeouts={implicit=0.0, pageLoad=300000.0, script=30000.0}, pageLoadStrategy=normal, platform=ANY, specificationLevel=0.0, moz:accessibilityChecks=false, acceptInsecureCerts=false, browserVersion=53.0.3, platformVersion=6.1, moz:processID=20484.0, browserName=firefox, javascriptEnabled=true, platformName=windows_nt}]
Session ID: 9a85b0fc-8d28-47ba-bdf6-7bbd50e5af85
*** Element info: {Using=xpath, value=//div[@class=&#039;k-list-scroller&#039;]//ul[@id=&#039;drp_Template_listbox&#039;]//li[text()=&#039;NY&#039;]}">
      <![CDATA[org.openqa.selenium.NoSuchElementException: Unable to locate element: //div[@class='k-list-scroller']//ul[@id='drp_Template_listbox']//li[text()='NY']
For documentation on this error, please visit: http://seleniumhq.org/exceptions/no_such_element.html
Build info: version: '3.4.0', revision: 'unknown', time: 'unknown'
System info: host: 'EVS01CPB424', ip: '172.16.30.21', os.name: 'Windows 7', os.arch: 'amd64', os.version: '6.1', java.version: '1.8.0_121'
Driver info: org.openqa.selenium.firefox.FirefoxDriver
Capabilities [{moz:profile=C:\Users\CHAMAN~1.PRE\AppData\Local\Temp\rust_mozprofile.O2xdp9gXuyjw, rotatable=false, timeouts={implicit=0.0, pageLoad=300000.0, script=30000.0}, pageLoadStrategy=normal, platform=ANY, specificationLevel=0.0, moz:accessibilityChecks=false, acceptInsecureCerts=false, browserVersion=53.0.3, platformVersion=6.1, moz:processID=20484.0, browserName=firefox, javascriptEnabled=true, platformName=windows_nt}]
Session ID: 9a85b0fc-8d28-47ba-bdf6-7bbd50e5af85
*** Element info: {Using=xpath, value=//div[@class='k-list-scroller']//ul[@id='drp_Template_listbox']//li[text()='NY']}
	at sun.reflect.NativeConstructorAccessorImpl.newInstance0(Native Method)
	at sun.reflect.NativeConstructorAccessorImpl.newInstance(Unknown Source)
	at sun.reflect.DelegatingConstructorAccessorImpl.newInstance(Unknown Source)
	at java.lang.reflect.Constructor.newInstance(Unknown Source)
	at org.openqa.selenium.remote.http.W3CHttpResponseCodec.createException(W3CHttpResponseCodec.java:150)
	at org.openqa.selenium.remote.http.W3CHttpResponseCodec.decode(W3CHttpResponseCodec.java:115)
	at org.openqa.selenium.remote.http.W3CHttpResponseCodec.decode(W3CHttpResponseCodec.java:45)
	at org.openqa.selenium.remote.HttpCommandExecutor.execute(HttpCommandExecutor.java:164)
	at org.openqa.selenium.remote.service.DriverCommandExecutor.execute(DriverCommandExecutor.java:82)
	at org.openqa.selenium.remote.RemoteWebDriver.execute(RemoteWebDriver.java:637)
	at org.openqa.selenium.remote.RemoteWebDriver.findElement(RemoteWebDriver.java:410)
	at org.openqa.selenium.remote.RemoteWebDriver.findElementByXPath(RemoteWebDriver.java:509)
	at org.openqa.selenium.By$ByXPath.findElement(By.java:361)
	at org.openqa.selenium.remote.RemoteWebDriver.findElement(RemoteWebDriver.java:402)
	at operation.UIoperations.perform(UIoperations.java:23)
	at testcases.HybridExecuteTest.testlogin(HybridExecuteTest.java:57)
	at sun.reflect.GeneratedMethodAccessor1.invoke(Unknown Source)
	at sun.reflect.DelegatingMethodAccessorImpl.invoke(Unknown Source)
	at java.lang.reflect.Method.invoke(Unknown Source)
	at org.testng.internal.MethodInvocationHelper.invokeMethod(MethodInvocationHelper.java:100)
	at org.testng.internal.Invoker.invokeMethod(Invoker.java:646)
	at org.testng.internal.Invoker.invokeTestMethod(Invoker.java:811)
	at org.testng.internal.Invoker.invokeTestMethods(Invoker.java:1137)
	at org.testng.internal.TestMethodWorker.invokeTestMethods(TestMethodWorker.java:129)
	at org.testng.internal.TestMethodWorker.run(TestMethodWorker.java:112)
	at org.testng.TestRunner.privateRun(TestRunner.java:753)
	at org.testng.TestRunner.run(TestRunner.java:607)
	at org.testng.SuiteRunner.runTest(SuiteRunner.java:368)
	at org.testng.SuiteRunner.runSequentially(SuiteRunner.java:363)
	at org.testng.SuiteRunner.privateRun(SuiteRunner.java:321)
	at org.testng.SuiteRunner.run(SuiteRunner.java:270)
	at org.testng.SuiteRunnerWorker.runSuite(SuiteRunnerWorker.java:52)
	at org.testng.SuiteRunnerWorker.run(SuiteRunnerWorker.java:86)
	at org.testng.TestNG.runSuitesSequentially(TestNG.java:1284)
	at org.testng.TestNG.runSuitesLocally(TestNG.java:1209)
	at org.testng.TestNG.runSuites(TestNG.java:1124)
	at org.testng.TestNG.run(TestNG.java:1096)
	at org.testng.remote.AbstractRemoteTestNG.run(AbstractRemoteTestNG.java:132)
	at org.testng.remote.RemoteTestNG.initAndRun(RemoteTestNG.java:236)
	at org.testng.remote.RemoteTestNG.main(RemoteTestNG.java:81)
]]>
    </error>
  </testcase> <!-- testlogin -->
  <testcase name="testlogin" time="0.000" classname="testcases.HybridExecuteTest">
    <skipped/>
  </testcase> <!-- testlogin -->
  <testcase name="testlogin" time="4.196" classname="testcases.HybridExecuteTest"/>
  <testcase name="testlogin" time="0.000" classname="testcases.HybridExecuteTest">
    <skipped/>
  </testcase> <!-- testlogin -->
  <testcase name="testlogin" time="0.000" classname="testcases.HybridExecuteTest">
    <skipped/>
  </testcase> <!-- testlogin -->
  <testcase name="testlogin" time="0.314" classname="testcases.HybridExecuteTest"/>
  <testcase name="testlogin" time="1.253" classname="testcases.HybridExecuteTest"/>
  <testcase name="testlogin" time="0.000" classname="testcases.HybridExecuteTest"/>
  <testcase name="testlogin" time="0.000" classname="testcases.HybridExecuteTest">
    <skipped/>
  </testcase> <!-- testlogin -->
</testsuite> <!-- testcases.HybridExecuteTest -->
