<!DOCTYPE html>

<html>
  <head>
  <meta charset='utf-8'>
  <title>TestNG reports</title>

    <link type="text/css" href="testng-reports.css" rel="stylesheet" />  
    <script type="text/javascript" src="jquery-1.7.1.min.js"></script>
    <script type="text/javascript" src="testng-reports.js"></script>
    <script type="text/javascript" src="https://www.google.com/jsapi"></script>
    <script type='text/javascript'>
      google.load('visualization', '1', {packages:['table']});
      google.setOnLoadCallback(drawTable);
      var suiteTableInitFunctions = new Array();
      var suiteTableData = new Array();
    </script>
    <!--
      <script type="text/javascript" src="jquery-ui/js/jquery-ui-1.8.16.custom.min.js"></script>
     -->
  </head>

  <body>
    <div class="top-banner-root">
      <span class="top-banner-title-font">Test results</span>
      <br/>
      <span class="top-banner-font-1">1 suite</span>
    </div> <!-- top-banner-root -->
    <div class="navigator-root">
      <div class="navigator-suite-header">
        <span>All suites</span>
        <a href="#" class="collapse-all-link" title="Collapse/expand all the suites">
          <img class="collapse-all-icon" src="collapseall.gif">
          </img> <!-- collapse-all-icon -->
        </a> <!-- collapse-all-link -->
      </div> <!-- navigator-suite-header -->
      <div class="suite">
        <div class="rounded-window">
          <div class="suite-header light-rounded-window-top">
            <a href="#" class="navigator-link" panel-name="suite-Default_suite">
              <span class="suite-name border-skipped">Default suite</span>
            </a> <!-- navigator-link -->
          </div> <!-- suite-header light-rounded-window-top -->
          <div class="navigator-suite-content">
            <div class="suite-section-title">
              <span>Info</span>
            </div> <!-- suite-section-title -->
            <div class="suite-section-content">
              <ul>
                <li>
                  <a href="#" class="navigator-link " panel-name="test-xml-Default_suite">
                    <span>C:\Users\chaman.preet\AppData\Local\Temp\testng-eclipse--666658968\testng-customsuite.xml</span>
                  </a> <!-- navigator-link  -->
                </li>
                <li>
                  <a href="#" class="navigator-link " panel-name="testlist-Default_suite">
                    <span class="test-stats">1 test</span>
                  </a> <!-- navigator-link  -->
                </li>
                <li>
                  <a href="#" class="navigator-link " panel-name="group-Default_suite">
                    <span>0 groups</span>
                  </a> <!-- navigator-link  -->
                </li>
                <li>
                  <a href="#" class="navigator-link " panel-name="times-Default_suite">
                    <span>Times</span>
                  </a> <!-- navigator-link  -->
                </li>
                <li>
                  <a href="#" class="navigator-link " panel-name="reporter-Default_suite">
                    <span>Reporter output</span>
                  </a> <!-- navigator-link  -->
                </li>
                <li>
                  <a href="#" class="navigator-link " panel-name="ignored-methods-Default_suite">
                    <span>Ignored methods</span>
                  </a> <!-- navigator-link  -->
                </li>
                <li>
                  <a href="#" class="navigator-link " panel-name="chronological-Default_suite">
                    <span>Chronological view</span>
                  </a> <!-- navigator-link  -->
                </li>
              </ul>
            </div> <!-- suite-section-content -->
            <div class="result-section">
              <div class="suite-section-title">
                <span>Results</span>
              </div> <!-- suite-section-title -->
              <div class="suite-section-content">
                <ul>
                  <li>
                    <span class="method-stats">54 methods,  27 skipped,  27 passed</span>
                  </li>
                  <li>
                    <span class="method-list-title skipped">Skipped methods</span>
                    <span class="show-or-hide-methods skipped">
                      <a href="#" panel-name="suite-Default_suite" class="hide-methods skipped suite-Default_suite"> (hide)</a> <!-- hide-methods skipped suite-Default_suite -->
                      <a href="#" panel-name="suite-Default_suite" class="show-methods skipped suite-Default_suite"> (show)</a> <!-- show-methods skipped suite-Default_suite -->
                    </span>
                    <div class="method-list-content skipped suite-Default_suite">
                      <span>
                        <img width="3%" src="skipped.png"/>
                        <a href="#" class="method navigator-link" panel-name="suite-Default_suite" title="testcases.HybridExecuteTest" hash-for-method="testlogin(, CLICK, managecomps, link, , N)">testlogin(, CLICK, managecomps, link, , N)</a> <!-- method navigator-link -->
                      </span>
                      <br/>
                      <span>
                        <img width="3%" src="skipped.png"/>
                        <a href="#" class="method navigator-link" panel-name="suite-Default_suite" title="testcases.HybridExecuteTest" hash-for-method="testlogin(, SETTEXT, username, id, test@evalueserve.com, N)">testlogin(, SETTEXT, username, id, test@evalueserve.com, N)</a> <!-- method navigator-link -->
                      </span>
                      <br/>
                      <span>
                        <img width="3%" src="skipped.png"/>
                        <a href="#" class="method navigator-link" panel-name="suite-Default_suite" title="testcases.HybridExecuteTest" hash-for-method="testlogin(Open download comps, , , , , N)">testlogin(Open download comps, , , , , N)</a> <!-- method navigator-link -->
                      </span>
                      <br/>
                      <span>
                        <img width="3%" src="skipped.png"/>
                        <a href="#" class="method navigator-link" panel-name="suite-Default_suite" title="testcases.HybridExecuteTest" hash-for-method="testlogin(, SETTEXT, password, id, 123456.0, N)">testlogin(, SETTEXT, password, id, 123456.0, N)</a> <!-- method navigator-link -->
                      </span>
                      <br/>
                      <span>
                        <img width="3%" src="skipped.png"/>
                        <a href="#" class="method navigator-link" panel-name="suite-Default_suite" title="testcases.HybridExecuteTest" hash-for-method="testlogin(, CLOSE, , , , N)">testlogin(, CLOSE, , , , N)</a> <!-- method navigator-link -->
                      </span>
                      <br/>
                      <span>
                        <img width="3%" src="skipped.png"/>
                        <a href="#" class="method navigator-link" panel-name="suite-Default_suite" title="testcases.HybridExecuteTest" hash-for-method="testlogin(, IMPLICITWAIT, , , , N)">testlogin(, IMPLICITWAIT, , , , N)</a> <!-- method navigator-link -->
                      </span>
                      <br/>
                      <span>
                        <img width="3%" src="skipped.png"/>
                        <a href="#" class="method navigator-link" panel-name="suite-Default_suite" title="testcases.HybridExecuteTest" hash-for-method="testlogin(Login to application, , , , , N)">testlogin(Login to application, , , , , N)</a> <!-- method navigator-link -->
                      </span>
                      <br/>
                      <span>
                        <img width="3%" src="skipped.png"/>
                        <a href="#" class="method navigator-link" panel-name="suite-Default_suite" title="testcases.HybridExecuteTest" hash-for-method="testlogin(, IMPLICITWAIT, , , , N)">testlogin(, IMPLICITWAIT, , , , N)</a> <!-- method navigator-link -->
                      </span>
                      <br/>
                      <span>
                        <img width="3%" src="skipped.png"/>
                        <a href="#" class="method navigator-link" panel-name="suite-Default_suite" title="testcases.HybridExecuteTest" hash-for-method="testlogin(, SETTEXT, password, id, 123456.0, N)">testlogin(, SETTEXT, password, id, 123456.0, N)</a> <!-- method navigator-link -->
                      </span>
                      <br/>
                      <span>
                        <img width="3%" src="skipped.png"/>
                        <a href="#" class="method navigator-link" panel-name="suite-Default_suite" title="testcases.HybridExecuteTest" hash-for-method="testlogin(, CLICK, login, classname, , N)">testlogin(, CLICK, login, classname, , N)</a> <!-- method navigator-link -->
                      </span>
                      <br/>
                      <span>
                        <img width="3%" src="skipped.png"/>
                        <a href="#" class="method navigator-link" panel-name="suite-Default_suite" title="testcases.HybridExecuteTest" hash-for-method="testlogin(Upload Comps, , , , , N)">testlogin(Upload Comps, , , , , N)</a> <!-- method navigator-link -->
                      </span>
                      <br/>
                      <span>
                        <img width="3%" src="skipped.png"/>
                        <a href="#" class="method navigator-link" panel-name="suite-Default_suite" title="testcases.HybridExecuteTest" hash-for-method="testlogin(, CLICK, UploadcompsTab, partiallink, , N)">testlogin(, CLICK, UploadcompsTab, partiallink, , N)</a> <!-- method navigator-link -->
                      </span>
                      <br/>
                      <span>
                        <img width="3%" src="skipped.png"/>
                        <a href="#" class="method navigator-link" panel-name="suite-Default_suite" title="testcases.HybridExecuteTest" hash-for-method="testlogin(, GOTOURL, , , url, N)">testlogin(, GOTOURL, , , url, N)</a> <!-- method navigator-link -->
                      </span>
                      <br/>
                      <span>
                        <img width="3%" src="skipped.png"/>
                        <a href="#" class="method navigator-link" panel-name="suite-Default_suite" title="testcases.HybridExecuteTest" hash-for-method="testlogin(, SETTEXT, username, id, test@evalueserve.com, N)">testlogin(, SETTEXT, username, id, test@evalueserve.com, N)</a> <!-- method navigator-link -->
                      </span>
                      <br/>
                      <span>
                        <img width="3%" src="skipped.png"/>
                        <a href="#" class="method navigator-link" panel-name="suite-Default_suite" title="testcases.HybridExecuteTest" hash-for-method="testlogin(, CLICK, password, id, , N)">testlogin(, CLICK, password, id, , N)</a> <!-- method navigator-link -->
                      </span>
                      <br/>
                      <span>
                        <img width="3%" src="skipped.png"/>
                        <a href="#" class="method navigator-link" panel-name="suite-Default_suite" title="testcases.HybridExecuteTest" hash-for-method="testlogin(, IMPLICITWAIT, , , , N)">testlogin(, IMPLICITWAIT, , , , N)</a> <!-- method navigator-link -->
                      </span>
                      <br/>
                      <span>
                        <img width="3%" src="skipped.png"/>
                        <a href="#" class="method navigator-link" panel-name="suite-Default_suite" title="testcases.HybridExecuteTest" hash-for-method="testlogin(, CLICK, managecomps, link, , N)">testlogin(, CLICK, managecomps, link, , N)</a> <!-- method navigator-link -->
                      </span>
                      <br/>
                      <span>
                        <img width="3%" src="skipped.png"/>
                        <a href="#" class="method navigator-link" panel-name="suite-Default_suite" title="testcases.HybridExecuteTest" hash-for-method="testlogin(, CLOSE, , , , N)">testlogin(, CLOSE, , , , N)</a> <!-- method navigator-link -->
                      </span>
                      <br/>
                      <span>
                        <img width="3%" src="skipped.png"/>
                        <a href="#" class="method navigator-link" panel-name="suite-Default_suite" title="testcases.HybridExecuteTest" hash-for-method="testlogin(, CLICK, login, classname, , N)">testlogin(, CLICK, login, classname, , N)</a> <!-- method navigator-link -->
                      </span>
                      <br/>
                      <span>
                        <img width="3%" src="skipped.png"/>
                        <a href="#" class="method navigator-link" panel-name="suite-Default_suite" title="testcases.HybridExecuteTest" hash-for-method="testlogin(, DRIVERWAIT, , , , N)">testlogin(, DRIVERWAIT, , , , N)</a> <!-- method navigator-link -->
                      </span>
                      <br/>
                      <span>
                        <img width="3%" src="skipped.png"/>
                        <a href="#" class="method navigator-link" panel-name="suite-Default_suite" title="testcases.HybridExecuteTest" hash-for-method="testlogin(, SETTEXT, upload, name, C:\\Users\\chaman.preet\\Desktop\\Rahul.pdf, N)">testlogin(, SETTEXT, upload, name, C:\\Users\\chaman.preet\\Desktop\\Rahul.pdf, N)</a> <!-- method navigator-link -->
                      </span>
                      <br/>
                      <span>
                        <img width="3%" src="skipped.png"/>
                        <a href="#" class="method navigator-link" panel-name="suite-Default_suite" title="testcases.HybridExecuteTest" hash-for-method="testlogin(, CLICK, login, classname, , N)">testlogin(, CLICK, login, classname, , N)</a> <!-- method navigator-link -->
                      </span>
                      <br/>
                      <span>
                        <img width="3%" src="skipped.png"/>
                        <a href="#" class="method navigator-link" panel-name="suite-Default_suite" title="testcases.HybridExecuteTest" hash-for-method="testlogin(, GOTOURL, , , url, N)">testlogin(, GOTOURL, , , url, N)</a> <!-- method navigator-link -->
                      </span>
                      <br/>
                      <span>
                        <img width="3%" src="skipped.png"/>
                        <a href="#" class="method navigator-link" panel-name="suite-Default_suite" title="testcases.HybridExecuteTest" hash-for-method="testlogin(, SETTEXT, password, id, 123456.0, N)">testlogin(, SETTEXT, password, id, 123456.0, N)</a> <!-- method navigator-link -->
                      </span>
                      <br/>
                      <span>
                        <img width="3%" src="skipped.png"/>
                        <a href="#" class="method navigator-link" panel-name="suite-Default_suite" title="testcases.HybridExecuteTest" hash-for-method="testlogin(, CLOSE, , , , N)">testlogin(, CLOSE, , , , N)</a> <!-- method navigator-link -->
                      </span>
                      <br/>
                      <span>
                        <img width="3%" src="skipped.png"/>
                        <a href="#" class="method navigator-link" panel-name="suite-Default_suite" title="testcases.HybridExecuteTest" hash-for-method="testlogin(, GOTOURL, , , url, N)">testlogin(, GOTOURL, , , url, N)</a> <!-- method navigator-link -->
                      </span>
                      <br/>
                      <span>
                        <img width="3%" src="skipped.png"/>
                        <a href="#" class="method navigator-link" panel-name="suite-Default_suite" title="testcases.HybridExecuteTest" hash-for-method="testlogin(, SETTEXT, username, id, test@evalueserve.com, N)">testlogin(, SETTEXT, username, id, test@evalueserve.com, N)</a> <!-- method navigator-link -->
                      </span>
                      <br/>
                    </div> <!-- method-list-content skipped suite-Default_suite -->
                  </li>
                  <li>
                    <span class="method-list-title passed">Passed methods</span>
                    <span class="show-or-hide-methods passed">
                      <a href="#" panel-name="suite-Default_suite" class="hide-methods passed suite-Default_suite"> (hide)</a> <!-- hide-methods passed suite-Default_suite -->
                      <a href="#" panel-name="suite-Default_suite" class="show-methods passed suite-Default_suite"> (show)</a> <!-- show-methods passed suite-Default_suite -->
                    </span>
                    <div class="method-list-content passed suite-Default_suite">
                      <span>
                        <img width="3%" src="passed.png"/>
                        <a href="#" class="method navigator-link" panel-name="suite-Default_suite" title="testcases.HybridExecuteTest" hash-for-method="testlogin(, DRIVERWAIT, , , 1.0, Y)">testlogin(, DRIVERWAIT, , , 1.0, Y)</a> <!-- method navigator-link -->
                      </span>
                      <br/>
                      <span>
                        <img width="3%" src="passed.png"/>
                        <a href="#" class="method navigator-link" panel-name="suite-Default_suite" title="testcases.HybridExecuteTest" hash-for-method="testlogin(, DRIVERWAIT, , , 1.0, Y)">testlogin(, DRIVERWAIT, , , 1.0, Y)</a> <!-- method navigator-link -->
                      </span>
                      <br/>
                      <span>
                        <img width="3%" src="passed.png"/>
                        <a href="#" class="method navigator-link" panel-name="suite-Default_suite" title="testcases.HybridExecuteTest" hash-for-method="testlogin(, VERIFY, Sector_select, xpath, Consumer, Y)">testlogin(, VERIFY, Sector_select, xpath, Consumer, Y)</a> <!-- method navigator-link -->
                      </span>
                      <br/>
                      <span>
                        <img width="3%" src="passed.png"/>
                        <a href="#" class="method navigator-link" panel-name="suite-Default_suite" title="testcases.HybridExecuteTest" hash-for-method="testlogin(, CLICK, Subsector_arrow, xpath, , Y)">testlogin(, CLICK, Subsector_arrow, xpath, , Y)</a> <!-- method navigator-link -->
                      </span>
                      <br/>
                      <span>
                        <img width="3%" src="passed.png"/>
                        <a href="#" class="method navigator-link" panel-name="suite-Default_suite" title="testcases.HybridExecuteTest" hash-for-method="testlogin(, CLICK, Team_arrow, xpath, , Y)">testlogin(, CLICK, Team_arrow, xpath, , Y)</a> <!-- method navigator-link -->
                      </span>
                      <br/>
                      <span>
                        <img width="3%" src="passed.png"/>
                        <a href="#" class="method navigator-link" panel-name="suite-Default_suite" title="testcases.HybridExecuteTest" hash-for-method="testlogin(, CLICK, Subsector_select, xpath, , Y)">testlogin(, CLICK, Subsector_select, xpath, , Y)</a> <!-- method navigator-link -->
                      </span>
                      <br/>
                      <span>
                        <img width="3%" src="passed.png"/>
                        <a href="#" class="method navigator-link" panel-name="suite-Default_suite" title="testcases.HybridExecuteTest" hash-for-method="testlogin(, IMPLICITWAIT, , , , Y)">testlogin(, IMPLICITWAIT, , , , Y)</a> <!-- method navigator-link -->
                      </span>
                      <br/>
                      <span>
                        <img width="3%" src="passed.png"/>
                        <a href="#" class="method navigator-link" panel-name="suite-Default_suite" title="testcases.HybridExecuteTest" hash-for-method="testlogin(, DRIVERWAIT, , , 3.0, Y)">testlogin(, DRIVERWAIT, , , 3.0, Y)</a> <!-- method navigator-link -->
                      </span>
                      <br/>
                      <span>
                        <img width="3%" src="passed.png"/>
                        <a href="#" class="method navigator-link" panel-name="suite-Default_suite" title="testcases.HybridExecuteTest" hash-for-method="testlogin(, CLICK, managecomps, link, , Y)">testlogin(, CLICK, managecomps, link, , Y)</a> <!-- method navigator-link -->
                      </span>
                      <br/>
                      <span>
                        <img width="3%" src="passed.png"/>
                        <a href="#" class="method navigator-link" panel-name="suite-Default_suite" title="testcases.HybridExecuteTest" hash-for-method="testlogin(, CLICK, Team_select, xpath, , Y)">testlogin(, CLICK, Team_select, xpath, , Y)</a> <!-- method navigator-link -->
                      </span>
                      <br/>
                      <span>
                        <img width="3%" src="passed.png"/>
                        <a href="#" class="method navigator-link" panel-name="suite-Default_suite" title="testcases.HybridExecuteTest" hash-for-method="testlogin(, DRIVERWAIT, , , 2.0, Y)">testlogin(, DRIVERWAIT, , , 2.0, Y)</a> <!-- method navigator-link -->
                      </span>
                      <br/>
                      <span>
                        <img width="3%" src="passed.png"/>
                        <a href="#" class="method navigator-link" panel-name="suite-Default_suite" title="testcases.HybridExecuteTest" hash-for-method="testlogin(Download Comps, , , , , Y)">testlogin(Download Comps, , , , , Y)</a> <!-- method navigator-link -->
                      </span>
                      <br/>
                      <span>
                        <img width="3%" src="passed.png"/>
                        <a href="#" class="method navigator-link" panel-name="suite-Default_suite" title="testcases.HybridExecuteTest" hash-for-method="testlogin(, DRIVERWAIT, , , 2.0, Y)">testlogin(, DRIVERWAIT, , , 2.0, Y)</a> <!-- method navigator-link -->
                      </span>
                      <br/>
                      <span>
                        <img width="3%" src="passed.png"/>
                        <a href="#" class="method navigator-link" panel-name="suite-Default_suite" title="testcases.HybridExecuteTest" hash-for-method="testlogin(, DRIVERWAIT, , , 2.0, Y)">testlogin(, DRIVERWAIT, , , 2.0, Y)</a> <!-- method navigator-link -->
                      </span>
                      <br/>
                      <span>
                        <img width="3%" src="passed.png"/>
                        <a href="#" class="method navigator-link" panel-name="suite-Default_suite" title="testcases.HybridExecuteTest" hash-for-method="testlogin(, SETTEXT, password, id, 123456.0, Y)">testlogin(, SETTEXT, password, id, 123456.0, Y)</a> <!-- method navigator-link -->
                      </span>
                      <br/>
                      <span>
                        <img width="3%" src="passed.png"/>
                        <a href="#" class="method navigator-link" panel-name="suite-Default_suite" title="testcases.HybridExecuteTest" hash-for-method="testlogin(, CLICK, Portfolio_Select, xpath, , Y)">testlogin(, CLICK, Portfolio_Select, xpath, , Y)</a> <!-- method navigator-link -->
                      </span>
                      <br/>
                      <span>
                        <img width="3%" src="passed.png"/>
                        <a href="#" class="method navigator-link" panel-name="suite-Default_suite" title="testcases.HybridExecuteTest" hash-for-method="testlogin(, CLICK, Template_arrow, xpath, , Y)">testlogin(, CLICK, Template_arrow, xpath, , Y)</a> <!-- method navigator-link -->
                      </span>
                      <br/>
                      <span>
                        <img width="3%" src="passed.png"/>
                        <a href="#" class="method navigator-link" panel-name="suite-Default_suite" title="testcases.HybridExecuteTest" hash-for-method="testlogin(, DRIVERWAIT, , , 2.0, Y)">testlogin(, DRIVERWAIT, , , 2.0, Y)</a> <!-- method navigator-link -->
                      </span>
                      <br/>
                      <span>
                        <img width="3%" src="passed.png"/>
                        <a href="#" class="method navigator-link" panel-name="suite-Default_suite" title="testcases.HybridExecuteTest" hash-for-method="testlogin(, SETTEXT, username, id, test@evalueserve.com, Y)">testlogin(, SETTEXT, username, id, test@evalueserve.com, Y)</a> <!-- method navigator-link -->
                      </span>
                      <br/>
                      <span>
                        <img width="3%" src="passed.png"/>
                        <a href="#" class="method navigator-link" panel-name="suite-Default_suite" title="testcases.HybridExecuteTest" hash-for-method="testlogin(, CLICK, login, classname, , Y)">testlogin(, CLICK, login, classname, , Y)</a> <!-- method navigator-link -->
                      </span>
                      <br/>
                      <span>
                        <img width="3%" src="passed.png"/>
                        <a href="#" class="method navigator-link" panel-name="suite-Default_suite" title="testcases.HybridExecuteTest" hash-for-method="testlogin(, DRIVERWAIT, , , 1.0, Y)">testlogin(, DRIVERWAIT, , , 1.0, Y)</a> <!-- method navigator-link -->
                      </span>
                      <br/>
                      <span>
                        <img width="3%" src="passed.png"/>
                        <a href="#" class="method navigator-link" panel-name="suite-Default_suite" title="testcases.HybridExecuteTest" hash-for-method="testlogin(, SCROLL, , , , Y)">testlogin(, SCROLL, , , , Y)</a> <!-- method navigator-link -->
                      </span>
                      <br/>
                      <span>
                        <img width="3%" src="passed.png"/>
                        <a href="#" class="method navigator-link" panel-name="suite-Default_suite" title="testcases.HybridExecuteTest" hash-for-method="testlogin(, CLOSE, , , , )">testlogin(, CLOSE, , , , )</a> <!-- method navigator-link -->
                      </span>
                      <br/>
                      <span>
                        <img width="3%" src="passed.png"/>
                        <a href="#" class="method navigator-link" panel-name="suite-Default_suite" title="testcases.HybridExecuteTest" hash-for-method="testlogin(, CLICK, Portfolio_arrow, xpath, , Y)">testlogin(, CLICK, Portfolio_arrow, xpath, , Y)</a> <!-- method navigator-link -->
                      </span>
                      <br/>
                      <span>
                        <img width="3%" src="passed.png"/>
                        <a href="#" class="method navigator-link" panel-name="suite-Default_suite" title="testcases.HybridExecuteTest" hash-for-method="testlogin(, DRIVERWAIT, , , 2.0, Y)">testlogin(, DRIVERWAIT, , , 2.0, Y)</a> <!-- method navigator-link -->
                      </span>
                      <br/>
                      <span>
                        <img width="3%" src="passed.png"/>
                        <a href="#" class="method navigator-link" panel-name="suite-Default_suite" title="testcases.HybridExecuteTest" hash-for-method="testlogin(, GOTOURL, , , url, Y)">testlogin(, GOTOURL, , , url, Y)</a> <!-- method navigator-link -->
                      </span>
                      <br/>
                      <span>
                        <img width="3%" src="passed.png"/>
                        <a href="#" class="method navigator-link" panel-name="suite-Default_suite" title="testcases.HybridExecuteTest" hash-for-method="testlogin(, CLICK, Template_select, xpath, , Y)">testlogin(, CLICK, Template_select, xpath, , Y)</a> <!-- method navigator-link -->
                      </span>
                      <br/>
                    </div> <!-- method-list-content passed suite-Default_suite -->
                  </li>
                </ul>
              </div> <!-- suite-section-content -->
            </div> <!-- result-section -->
          </div> <!-- navigator-suite-content -->
        </div> <!-- rounded-window -->
      </div> <!-- suite -->
    </div> <!-- navigator-root -->
    <div class="wrapper">
      <div class="main-panel-root">
        <div panel-name="suite-Default_suite" class="panel Default_suite">
          <div class="suite-Default_suite-class-skipped">
            <div class="main-panel-header rounded-window-top">
              <img src="skipped.png"/>
              <span class="class-name">testcases.HybridExecuteTest</span>
            </div> <!-- main-panel-header rounded-window-top -->
            <div class="main-panel-content rounded-window-bottom">
              <div class="method">
                <div class="method-content">
                  <a name="testlogin(, CLICK, managecomps, link, , N)">
                  </a> <!-- testlogin(, CLICK, managecomps, link, , N) -->
                  <span class="method-name">testlogin</span>
                  <span class="parameters">(, CLICK, managecomps, link, , N)</span>
                  <div class="stack-trace">org.testng.SkipException: Test case is skipped as Run mode is N
	at testcases.HybridExecuteTest.testlogin(HybridExecuteTest.java:66)
	at sun.reflect.NativeMethodAccessorImpl.invoke0(Native Method)
	at sun.reflect.NativeMethodAccessorImpl.invoke(Unknown Source)
	at sun.reflect.DelegatingMethodAccessorImpl.invoke(Unknown Source)
	at java.lang.reflect.Method.invoke(Unknown Source)
	at org.testng.internal.MethodInvocationHelper.invokeMethod(MethodInvocationHelper.java:100)
	at org.testng.internal.Invoker.invokeMethod(Invoker.java:646)
	at org.testng.internal.Invoker.invokeTestMethod(Invoker.java:811)
	at org.testng.internal.Invoker.invokeTestMethods(Invoker.java:1137)
	at org.testng.internal.TestMethodWorker.invokeTestMethods(TestMethodWorker.java:129)
	at org.testng.internal.TestMethodWorker.run(TestMethodWorker.java:112)
	at org.testng.TestRunner.privateRun(TestRunner.java:753)
	at org.testng.TestRunner.run(TestRunner.java:607)
	at org.testng.SuiteRunner.runTest(SuiteRunner.java:368)
	at org.testng.SuiteRunner.runSequentially(SuiteRunner.java:363)
	at org.testng.SuiteRunner.privateRun(SuiteRunner.java:321)
	at org.testng.SuiteRunner.run(SuiteRunner.java:270)
	at org.testng.SuiteRunnerWorker.runSuite(SuiteRunnerWorker.java:52)
	at org.testng.SuiteRunnerWorker.run(SuiteRunnerWorker.java:86)
	at org.testng.TestNG.runSuitesSequentially(TestNG.java:1284)
	at org.testng.TestNG.runSuitesLocally(TestNG.java:1209)
	at org.testng.TestNG.runSuites(TestNG.java:1124)
	at org.testng.TestNG.run(TestNG.java:1096)
	at org.testng.remote.AbstractRemoteTestNG.run(AbstractRemoteTestNG.java:132)
	at org.testng.remote.RemoteTestNG.initAndRun(RemoteTestNG.java:236)
	at org.testng.remote.RemoteTestNG.main(RemoteTestNG.java:81)

</div> <!-- stack-trace -->
                </div> <!-- method-content -->
              </div> <!-- method -->
              <div class="method">
                <div class="method-content">
                  <a name="testlogin(, SETTEXT, username, id, test@evalueserve.com, N)">
                  </a> <!-- testlogin(, SETTEXT, username, id, test@evalueserve.com, N) -->
                  <span class="method-name">testlogin</span>
                  <span class="parameters">(, SETTEXT, username, id, test@evalueserve.com, N)</span>
                  <div class="stack-trace">org.testng.SkipException: Test case is skipped as Run mode is N
	at testcases.HybridExecuteTest.testlogin(HybridExecuteTest.java:66)
	at sun.reflect.NativeMethodAccessorImpl.invoke0(Native Method)
	at sun.reflect.NativeMethodAccessorImpl.invoke(Unknown Source)
	at sun.reflect.DelegatingMethodAccessorImpl.invoke(Unknown Source)
	at java.lang.reflect.Method.invoke(Unknown Source)
	at org.testng.internal.MethodInvocationHelper.invokeMethod(MethodInvocationHelper.java:100)
	at org.testng.internal.Invoker.invokeMethod(Invoker.java:646)
	at org.testng.internal.Invoker.invokeTestMethod(Invoker.java:811)
	at org.testng.internal.Invoker.invokeTestMethods(Invoker.java:1137)
	at org.testng.internal.TestMethodWorker.invokeTestMethods(TestMethodWorker.java:129)
	at org.testng.internal.TestMethodWorker.run(TestMethodWorker.java:112)
	at org.testng.TestRunner.privateRun(TestRunner.java:753)
	at org.testng.TestRunner.run(TestRunner.java:607)
	at org.testng.SuiteRunner.runTest(SuiteRunner.java:368)
	at org.testng.SuiteRunner.runSequentially(SuiteRunner.java:363)
	at org.testng.SuiteRunner.privateRun(SuiteRunner.java:321)
	at org.testng.SuiteRunner.run(SuiteRunner.java:270)
	at org.testng.SuiteRunnerWorker.runSuite(SuiteRunnerWorker.java:52)
	at org.testng.SuiteRunnerWorker.run(SuiteRunnerWorker.java:86)
	at org.testng.TestNG.runSuitesSequentially(TestNG.java:1284)
	at org.testng.TestNG.runSuitesLocally(TestNG.java:1209)
	at org.testng.TestNG.runSuites(TestNG.java:1124)
	at org.testng.TestNG.run(TestNG.java:1096)
	at org.testng.remote.AbstractRemoteTestNG.run(AbstractRemoteTestNG.java:132)
	at org.testng.remote.RemoteTestNG.initAndRun(RemoteTestNG.java:236)
	at org.testng.remote.RemoteTestNG.main(RemoteTestNG.java:81)

</div> <!-- stack-trace -->
                </div> <!-- method-content -->
              </div> <!-- method -->
              <div class="method">
                <div class="method-content">
                  <a name="testlogin(Open download comps, , , , , N)">
                  </a> <!-- testlogin(Open download comps, , , , , N) -->
                  <span class="method-name">testlogin</span>
                  <span class="parameters">(Open download comps, , , , , N)</span>
                  <div class="stack-trace">org.testng.SkipException: Test case is skipped as Run mode is N
	at testcases.HybridExecuteTest.testlogin(HybridExecuteTest.java:66)
	at sun.reflect.NativeMethodAccessorImpl.invoke0(Native Method)
	at sun.reflect.NativeMethodAccessorImpl.invoke(Unknown Source)
	at sun.reflect.DelegatingMethodAccessorImpl.invoke(Unknown Source)
	at java.lang.reflect.Method.invoke(Unknown Source)
	at org.testng.internal.MethodInvocationHelper.invokeMethod(MethodInvocationHelper.java:100)
	at org.testng.internal.Invoker.invokeMethod(Invoker.java:646)
	at org.testng.internal.Invoker.invokeTestMethod(Invoker.java:811)
	at org.testng.internal.Invoker.invokeTestMethods(Invoker.java:1137)
	at org.testng.internal.TestMethodWorker.invokeTestMethods(TestMethodWorker.java:129)
	at org.testng.internal.TestMethodWorker.run(TestMethodWorker.java:112)
	at org.testng.TestRunner.privateRun(TestRunner.java:753)
	at org.testng.TestRunner.run(TestRunner.java:607)
	at org.testng.SuiteRunner.runTest(SuiteRunner.java:368)
	at org.testng.SuiteRunner.runSequentially(SuiteRunner.java:363)
	at org.testng.SuiteRunner.privateRun(SuiteRunner.java:321)
	at org.testng.SuiteRunner.run(SuiteRunner.java:270)
	at org.testng.SuiteRunnerWorker.runSuite(SuiteRunnerWorker.java:52)
	at org.testng.SuiteRunnerWorker.run(SuiteRunnerWorker.java:86)
	at org.testng.TestNG.runSuitesSequentially(TestNG.java:1284)
	at org.testng.TestNG.runSuitesLocally(TestNG.java:1209)
	at org.testng.TestNG.runSuites(TestNG.java:1124)
	at org.testng.TestNG.run(TestNG.java:1096)
	at org.testng.remote.AbstractRemoteTestNG.run(AbstractRemoteTestNG.java:132)
	at org.testng.remote.RemoteTestNG.initAndRun(RemoteTestNG.java:236)
	at org.testng.remote.RemoteTestNG.main(RemoteTestNG.java:81)

</div> <!-- stack-trace -->
                </div> <!-- method-content -->
              </div> <!-- method -->
              <div class="method">
                <div class="method-content">
                  <a name="testlogin(, SETTEXT, password, id, 123456.0, N)">
                  </a> <!-- testlogin(, SETTEXT, password, id, 123456.0, N) -->
                  <span class="method-name">testlogin</span>
                  <span class="parameters">(, SETTEXT, password, id, 123456.0, N)</span>
                  <div class="stack-trace">org.testng.SkipException: Test case is skipped as Run mode is N
	at testcases.HybridExecuteTest.testlogin(HybridExecuteTest.java:66)
	at sun.reflect.NativeMethodAccessorImpl.invoke0(Native Method)
	at sun.reflect.NativeMethodAccessorImpl.invoke(Unknown Source)
	at sun.reflect.DelegatingMethodAccessorImpl.invoke(Unknown Source)
	at java.lang.reflect.Method.invoke(Unknown Source)
	at org.testng.internal.MethodInvocationHelper.invokeMethod(MethodInvocationHelper.java:100)
	at org.testng.internal.Invoker.invokeMethod(Invoker.java:646)
	at org.testng.internal.Invoker.invokeTestMethod(Invoker.java:811)
	at org.testng.internal.Invoker.invokeTestMethods(Invoker.java:1137)
	at org.testng.internal.TestMethodWorker.invokeTestMethods(TestMethodWorker.java:129)
	at org.testng.internal.TestMethodWorker.run(TestMethodWorker.java:112)
	at org.testng.TestRunner.privateRun(TestRunner.java:753)
	at org.testng.TestRunner.run(TestRunner.java:607)
	at org.testng.SuiteRunner.runTest(SuiteRunner.java:368)
	at org.testng.SuiteRunner.runSequentially(SuiteRunner.java:363)
	at org.testng.SuiteRunner.privateRun(SuiteRunner.java:321)
	at org.testng.SuiteRunner.run(SuiteRunner.java:270)
	at org.testng.SuiteRunnerWorker.runSuite(SuiteRunnerWorker.java:52)
	at org.testng.SuiteRunnerWorker.run(SuiteRunnerWorker.java:86)
	at org.testng.TestNG.runSuitesSequentially(TestNG.java:1284)
	at org.testng.TestNG.runSuitesLocally(TestNG.java:1209)
	at org.testng.TestNG.runSuites(TestNG.java:1124)
	at org.testng.TestNG.run(TestNG.java:1096)
	at org.testng.remote.AbstractRemoteTestNG.run(AbstractRemoteTestNG.java:132)
	at org.testng.remote.RemoteTestNG.initAndRun(RemoteTestNG.java:236)
	at org.testng.remote.RemoteTestNG.main(RemoteTestNG.java:81)

</div> <!-- stack-trace -->
                </div> <!-- method-content -->
              </div> <!-- method -->
              <div class="method">
                <div class="method-content">
                  <a name="testlogin(, CLOSE, , , , N)">
                  </a> <!-- testlogin(, CLOSE, , , , N) -->
                  <span class="method-name">testlogin</span>
                  <span class="parameters">(, CLOSE, , , , N)</span>
                  <div class="stack-trace">org.testng.SkipException: Test case is skipped as Run mode is N
	at testcases.HybridExecuteTest.testlogin(HybridExecuteTest.java:66)
	at sun.reflect.NativeMethodAccessorImpl.invoke0(Native Method)
	at sun.reflect.NativeMethodAccessorImpl.invoke(Unknown Source)
	at sun.reflect.DelegatingMethodAccessorImpl.invoke(Unknown Source)
	at java.lang.reflect.Method.invoke(Unknown Source)
	at org.testng.internal.MethodInvocationHelper.invokeMethod(MethodInvocationHelper.java:100)
	at org.testng.internal.Invoker.invokeMethod(Invoker.java:646)
	at org.testng.internal.Invoker.invokeTestMethod(Invoker.java:811)
	at org.testng.internal.Invoker.invokeTestMethods(Invoker.java:1137)
	at org.testng.internal.TestMethodWorker.invokeTestMethods(TestMethodWorker.java:129)
	at org.testng.internal.TestMethodWorker.run(TestMethodWorker.java:112)
	at org.testng.TestRunner.privateRun(TestRunner.java:753)
	at org.testng.TestRunner.run(TestRunner.java:607)
	at org.testng.SuiteRunner.runTest(SuiteRunner.java:368)
	at org.testng.SuiteRunner.runSequentially(SuiteRunner.java:363)
	at org.testng.SuiteRunner.privateRun(SuiteRunner.java:321)
	at org.testng.SuiteRunner.run(SuiteRunner.java:270)
	at org.testng.SuiteRunnerWorker.runSuite(SuiteRunnerWorker.java:52)
	at org.testng.SuiteRunnerWorker.run(SuiteRunnerWorker.java:86)
	at org.testng.TestNG.runSuitesSequentially(TestNG.java:1284)
	at org.testng.TestNG.runSuitesLocally(TestNG.java:1209)
	at org.testng.TestNG.runSuites(TestNG.java:1124)
	at org.testng.TestNG.run(TestNG.java:1096)
	at org.testng.remote.AbstractRemoteTestNG.run(AbstractRemoteTestNG.java:132)
	at org.testng.remote.RemoteTestNG.initAndRun(RemoteTestNG.java:236)
	at org.testng.remote.RemoteTestNG.main(RemoteTestNG.java:81)

</div> <!-- stack-trace -->
                </div> <!-- method-content -->
              </div> <!-- method -->
              <div class="method">
                <div class="method-content">
                  <a name="testlogin(, IMPLICITWAIT, , , , N)">
                  </a> <!-- testlogin(, IMPLICITWAIT, , , , N) -->
                  <span class="method-name">testlogin</span>
                  <span class="parameters">(, IMPLICITWAIT, , , , N)</span>
                  <div class="stack-trace">org.testng.SkipException: Test case is skipped as Run mode is N
	at testcases.HybridExecuteTest.testlogin(HybridExecuteTest.java:66)
	at sun.reflect.GeneratedMethodAccessor1.invoke(Unknown Source)
	at sun.reflect.DelegatingMethodAccessorImpl.invoke(Unknown Source)
	at java.lang.reflect.Method.invoke(Unknown Source)
	at org.testng.internal.MethodInvocationHelper.invokeMethod(MethodInvocationHelper.java:100)
	at org.testng.internal.Invoker.invokeMethod(Invoker.java:646)
	at org.testng.internal.Invoker.invokeTestMethod(Invoker.java:811)
	at org.testng.internal.Invoker.invokeTestMethods(Invoker.java:1137)
	at org.testng.internal.TestMethodWorker.invokeTestMethods(TestMethodWorker.java:129)
	at org.testng.internal.TestMethodWorker.run(TestMethodWorker.java:112)
	at org.testng.TestRunner.privateRun(TestRunner.java:753)
	at org.testng.TestRunner.run(TestRunner.java:607)
	at org.testng.SuiteRunner.runTest(SuiteRunner.java:368)
	at org.testng.SuiteRunner.runSequentially(SuiteRunner.java:363)
	at org.testng.SuiteRunner.privateRun(SuiteRunner.java:321)
	at org.testng.SuiteRunner.run(SuiteRunner.java:270)
	at org.testng.SuiteRunnerWorker.runSuite(SuiteRunnerWorker.java:52)
	at org.testng.SuiteRunnerWorker.run(SuiteRunnerWorker.java:86)
	at org.testng.TestNG.runSuitesSequentially(TestNG.java:1284)
	at org.testng.TestNG.runSuitesLocally(TestNG.java:1209)
	at org.testng.TestNG.runSuites(TestNG.java:1124)
	at org.testng.TestNG.run(TestNG.java:1096)
	at org.testng.remote.AbstractRemoteTestNG.run(AbstractRemoteTestNG.java:132)
	at org.testng.remote.RemoteTestNG.initAndRun(RemoteTestNG.java:236)
	at org.testng.remote.RemoteTestNG.main(RemoteTestNG.java:81)

</div> <!-- stack-trace -->
                </div> <!-- method-content -->
              </div> <!-- method -->
              <div class="method">
                <div class="method-content">
                  <a name="testlogin(Login to application, , , , , N)">
                  </a> <!-- testlogin(Login to application, , , , , N) -->
                  <span class="method-name">testlogin</span>
                  <span class="parameters">(Login to application, , , , , N)</span>
                  <div class="stack-trace">org.testng.SkipException: Test case is skipped as Run mode is N
	at testcases.HybridExecuteTest.testlogin(HybridExecuteTest.java:66)
	at sun.reflect.NativeMethodAccessorImpl.invoke0(Native Method)
	at sun.reflect.NativeMethodAccessorImpl.invoke(Unknown Source)
	at sun.reflect.DelegatingMethodAccessorImpl.invoke(Unknown Source)
	at java.lang.reflect.Method.invoke(Unknown Source)
	at org.testng.internal.MethodInvocationHelper.invokeMethod(MethodInvocationHelper.java:100)
	at org.testng.internal.Invoker.invokeMethod(Invoker.java:646)
	at org.testng.internal.Invoker.invokeTestMethod(Invoker.java:811)
	at org.testng.internal.Invoker.invokeTestMethods(Invoker.java:1137)
	at org.testng.internal.TestMethodWorker.invokeTestMethods(TestMethodWorker.java:129)
	at org.testng.internal.TestMethodWorker.run(TestMethodWorker.java:112)
	at org.testng.TestRunner.privateRun(TestRunner.java:753)
	at org.testng.TestRunner.run(TestRunner.java:607)
	at org.testng.SuiteRunner.runTest(SuiteRunner.java:368)
	at org.testng.SuiteRunner.runSequentially(SuiteRunner.java:363)
	at org.testng.SuiteRunner.privateRun(SuiteRunner.java:321)
	at org.testng.SuiteRunner.run(SuiteRunner.java:270)
	at org.testng.SuiteRunnerWorker.runSuite(SuiteRunnerWorker.java:52)
	at org.testng.SuiteRunnerWorker.run(SuiteRunnerWorker.java:86)
	at org.testng.TestNG.runSuitesSequentially(TestNG.java:1284)
	at org.testng.TestNG.runSuitesLocally(TestNG.java:1209)
	at org.testng.TestNG.runSuites(TestNG.java:1124)
	at org.testng.TestNG.run(TestNG.java:1096)
	at org.testng.remote.AbstractRemoteTestNG.run(AbstractRemoteTestNG.java:132)
	at org.testng.remote.RemoteTestNG.initAndRun(RemoteTestNG.java:236)
	at org.testng.remote.RemoteTestNG.main(RemoteTestNG.java:81)

</div> <!-- stack-trace -->
                </div> <!-- method-content -->
              </div> <!-- method -->
              <div class="method">
                <div class="method-content">
                  <a name="testlogin(, IMPLICITWAIT, , , , N)">
                  </a> <!-- testlogin(, IMPLICITWAIT, , , , N) -->
                  <span class="method-name">testlogin</span>
                  <span class="parameters">(, IMPLICITWAIT, , , , N)</span>
                  <div class="stack-trace">org.testng.SkipException: Test case is skipped as Run mode is N
	at testcases.HybridExecuteTest.testlogin(HybridExecuteTest.java:66)
	at sun.reflect.GeneratedMethodAccessor1.invoke(Unknown Source)
	at sun.reflect.DelegatingMethodAccessorImpl.invoke(Unknown Source)
	at java.lang.reflect.Method.invoke(Unknown Source)
	at org.testng.internal.MethodInvocationHelper.invokeMethod(MethodInvocationHelper.java:100)
	at org.testng.internal.Invoker.invokeMethod(Invoker.java:646)
	at org.testng.internal.Invoker.invokeTestMethod(Invoker.java:811)
	at org.testng.internal.Invoker.invokeTestMethods(Invoker.java:1137)
	at org.testng.internal.TestMethodWorker.invokeTestMethods(TestMethodWorker.java:129)
	at org.testng.internal.TestMethodWorker.run(TestMethodWorker.java:112)
	at org.testng.TestRunner.privateRun(TestRunner.java:753)
	at org.testng.TestRunner.run(TestRunner.java:607)
	at org.testng.SuiteRunner.runTest(SuiteRunner.java:368)
	at org.testng.SuiteRunner.runSequentially(SuiteRunner.java:363)
	at org.testng.SuiteRunner.privateRun(SuiteRunner.java:321)
	at org.testng.SuiteRunner.run(SuiteRunner.java:270)
	at org.testng.SuiteRunnerWorker.runSuite(SuiteRunnerWorker.java:52)
	at org.testng.SuiteRunnerWorker.run(SuiteRunnerWorker.java:86)
	at org.testng.TestNG.runSuitesSequentially(TestNG.java:1284)
	at org.testng.TestNG.runSuitesLocally(TestNG.java:1209)
	at org.testng.TestNG.runSuites(TestNG.java:1124)
	at org.testng.TestNG.run(TestNG.java:1096)
	at org.testng.remote.AbstractRemoteTestNG.run(AbstractRemoteTestNG.java:132)
	at org.testng.remote.RemoteTestNG.initAndRun(RemoteTestNG.java:236)
	at org.testng.remote.RemoteTestNG.main(RemoteTestNG.java:81)

</div> <!-- stack-trace -->
                </div> <!-- method-content -->
              </div> <!-- method -->
              <div class="method">
                <div class="method-content">
                  <a name="testlogin(, SETTEXT, password, id, 123456.0, N)">
                  </a> <!-- testlogin(, SETTEXT, password, id, 123456.0, N) -->
                  <span class="method-name">testlogin</span>
                  <span class="parameters">(, SETTEXT, password, id, 123456.0, N)</span>
                  <div class="stack-trace">org.testng.SkipException: Test case is skipped as Run mode is N
	at testcases.HybridExecuteTest.testlogin(HybridExecuteTest.java:66)
	at sun.reflect.GeneratedMethodAccessor1.invoke(Unknown Source)
	at sun.reflect.DelegatingMethodAccessorImpl.invoke(Unknown Source)
	at java.lang.reflect.Method.invoke(Unknown Source)
	at org.testng.internal.MethodInvocationHelper.invokeMethod(MethodInvocationHelper.java:100)
	at org.testng.internal.Invoker.invokeMethod(Invoker.java:646)
	at org.testng.internal.Invoker.invokeTestMethod(Invoker.java:811)
	at org.testng.internal.Invoker.invokeTestMethods(Invoker.java:1137)
	at org.testng.internal.TestMethodWorker.invokeTestMethods(TestMethodWorker.java:129)
	at org.testng.internal.TestMethodWorker.run(TestMethodWorker.java:112)
	at org.testng.TestRunner.privateRun(TestRunner.java:753)
	at org.testng.TestRunner.run(TestRunner.java:607)
	at org.testng.SuiteRunner.runTest(SuiteRunner.java:368)
	at org.testng.SuiteRunner.runSequentially(SuiteRunner.java:363)
	at org.testng.SuiteRunner.privateRun(SuiteRunner.java:321)
	at org.testng.SuiteRunner.run(SuiteRunner.java:270)
	at org.testng.SuiteRunnerWorker.runSuite(SuiteRunnerWorker.java:52)
	at org.testng.SuiteRunnerWorker.run(SuiteRunnerWorker.java:86)
	at org.testng.TestNG.runSuitesSequentially(TestNG.java:1284)
	at org.testng.TestNG.runSuitesLocally(TestNG.java:1209)
	at org.testng.TestNG.runSuites(TestNG.java:1124)
	at org.testng.TestNG.run(TestNG.java:1096)
	at org.testng.remote.AbstractRemoteTestNG.run(AbstractRemoteTestNG.java:132)
	at org.testng.remote.RemoteTestNG.initAndRun(RemoteTestNG.java:236)
	at org.testng.remote.RemoteTestNG.main(RemoteTestNG.java:81)

</div> <!-- stack-trace -->
                </div> <!-- method-content -->
              </div> <!-- method -->
              <div class="method">
                <div class="method-content">
                  <a name="testlogin(, CLICK, login, classname, , N)">
                  </a> <!-- testlogin(, CLICK, login, classname, , N) -->
                  <span class="method-name">testlogin</span>
                  <span class="parameters">(, CLICK, login, classname, , N)</span>
                  <div class="stack-trace">org.testng.SkipException: Test case is skipped as Run mode is N
	at testcases.HybridExecuteTest.testlogin(HybridExecuteTest.java:66)
	at sun.reflect.NativeMethodAccessorImpl.invoke0(Native Method)
	at sun.reflect.NativeMethodAccessorImpl.invoke(Unknown Source)
	at sun.reflect.DelegatingMethodAccessorImpl.invoke(Unknown Source)
	at java.lang.reflect.Method.invoke(Unknown Source)
	at org.testng.internal.MethodInvocationHelper.invokeMethod(MethodInvocationHelper.java:100)
	at org.testng.internal.Invoker.invokeMethod(Invoker.java:646)
	at org.testng.internal.Invoker.invokeTestMethod(Invoker.java:811)
	at org.testng.internal.Invoker.invokeTestMethods(Invoker.java:1137)
	at org.testng.internal.TestMethodWorker.invokeTestMethods(TestMethodWorker.java:129)
	at org.testng.internal.TestMethodWorker.run(TestMethodWorker.java:112)
	at org.testng.TestRunner.privateRun(TestRunner.java:753)
	at org.testng.TestRunner.run(TestRunner.java:607)
	at org.testng.SuiteRunner.runTest(SuiteRunner.java:368)
	at org.testng.SuiteRunner.runSequentially(SuiteRunner.java:363)
	at org.testng.SuiteRunner.privateRun(SuiteRunner.java:321)
	at org.testng.SuiteRunner.run(SuiteRunner.java:270)
	at org.testng.SuiteRunnerWorker.runSuite(SuiteRunnerWorker.java:52)
	at org.testng.SuiteRunnerWorker.run(SuiteRunnerWorker.java:86)
	at org.testng.TestNG.runSuitesSequentially(TestNG.java:1284)
	at org.testng.TestNG.runSuitesLocally(TestNG.java:1209)
	at org.testng.TestNG.runSuites(TestNG.java:1124)
	at org.testng.TestNG.run(TestNG.java:1096)
	at org.testng.remote.AbstractRemoteTestNG.run(AbstractRemoteTestNG.java:132)
	at org.testng.remote.RemoteTestNG.initAndRun(RemoteTestNG.java:236)
	at org.testng.remote.RemoteTestNG.main(RemoteTestNG.java:81)

</div> <!-- stack-trace -->
                </div> <!-- method-content -->
              </div> <!-- method -->
              <div class="method">
                <div class="method-content">
                  <a name="testlogin(Upload Comps, , , , , N)">
                  </a> <!-- testlogin(Upload Comps, , , , , N) -->
                  <span class="method-name">testlogin</span>
                  <span class="parameters">(Upload Comps, , , , , N)</span>
                  <div class="stack-trace">org.testng.SkipException: Test case is skipped as Run mode is N
	at testcases.HybridExecuteTest.testlogin(HybridExecuteTest.java:66)
	at sun.reflect.GeneratedMethodAccessor1.invoke(Unknown Source)
	at sun.reflect.DelegatingMethodAccessorImpl.invoke(Unknown Source)
	at java.lang.reflect.Method.invoke(Unknown Source)
	at org.testng.internal.MethodInvocationHelper.invokeMethod(MethodInvocationHelper.java:100)
	at org.testng.internal.Invoker.invokeMethod(Invoker.java:646)
	at org.testng.internal.Invoker.invokeTestMethod(Invoker.java:811)
	at org.testng.internal.Invoker.invokeTestMethods(Invoker.java:1137)
	at org.testng.internal.TestMethodWorker.invokeTestMethods(TestMethodWorker.java:129)
	at org.testng.internal.TestMethodWorker.run(TestMethodWorker.java:112)
	at org.testng.TestRunner.privateRun(TestRunner.java:753)
	at org.testng.TestRunner.run(TestRunner.java:607)
	at org.testng.SuiteRunner.runTest(SuiteRunner.java:368)
	at org.testng.SuiteRunner.runSequentially(SuiteRunner.java:363)
	at org.testng.SuiteRunner.privateRun(SuiteRunner.java:321)
	at org.testng.SuiteRunner.run(SuiteRunner.java:270)
	at org.testng.SuiteRunnerWorker.runSuite(SuiteRunnerWorker.java:52)
	at org.testng.SuiteRunnerWorker.run(SuiteRunnerWorker.java:86)
	at org.testng.TestNG.runSuitesSequentially(TestNG.java:1284)
	at org.testng.TestNG.runSuitesLocally(TestNG.java:1209)
	at org.testng.TestNG.runSuites(TestNG.java:1124)
	at org.testng.TestNG.run(TestNG.java:1096)
	at org.testng.remote.AbstractRemoteTestNG.run(AbstractRemoteTestNG.java:132)
	at org.testng.remote.RemoteTestNG.initAndRun(RemoteTestNG.java:236)
	at org.testng.remote.RemoteTestNG.main(RemoteTestNG.java:81)

</div> <!-- stack-trace -->
                </div> <!-- method-content -->
              </div> <!-- method -->
              <div class="method">
                <div class="method-content">
                  <a name="testlogin(, CLICK, UploadcompsTab, partiallink, , N)">
                  </a> <!-- testlogin(, CLICK, UploadcompsTab, partiallink, , N) -->
                  <span class="method-name">testlogin</span>
                  <span class="parameters">(, CLICK, UploadcompsTab, partiallink, , N)</span>
                  <div class="stack-trace">org.testng.SkipException: Test case is skipped as Run mode is N
	at testcases.HybridExecuteTest.testlogin(HybridExecuteTest.java:66)
	at sun.reflect.GeneratedMethodAccessor1.invoke(Unknown Source)
	at sun.reflect.DelegatingMethodAccessorImpl.invoke(Unknown Source)
	at java.lang.reflect.Method.invoke(Unknown Source)
	at org.testng.internal.MethodInvocationHelper.invokeMethod(MethodInvocationHelper.java:100)
	at org.testng.internal.Invoker.invokeMethod(Invoker.java:646)
	at org.testng.internal.Invoker.invokeTestMethod(Invoker.java:811)
	at org.testng.internal.Invoker.invokeTestMethods(Invoker.java:1137)
	at org.testng.internal.TestMethodWorker.invokeTestMethods(TestMethodWorker.java:129)
	at org.testng.internal.TestMethodWorker.run(TestMethodWorker.java:112)
	at org.testng.TestRunner.privateRun(TestRunner.java:753)
	at org.testng.TestRunner.run(TestRunner.java:607)
	at org.testng.SuiteRunner.runTest(SuiteRunner.java:368)
	at org.testng.SuiteRunner.runSequentially(SuiteRunner.java:363)
	at org.testng.SuiteRunner.privateRun(SuiteRunner.java:321)
	at org.testng.SuiteRunner.run(SuiteRunner.java:270)
	at org.testng.SuiteRunnerWorker.runSuite(SuiteRunnerWorker.java:52)
	at org.testng.SuiteRunnerWorker.run(SuiteRunnerWorker.java:86)
	at org.testng.TestNG.runSuitesSequentially(TestNG.java:1284)
	at org.testng.TestNG.runSuitesLocally(TestNG.java:1209)
	at org.testng.TestNG.runSuites(TestNG.java:1124)
	at org.testng.TestNG.run(TestNG.java:1096)
	at org.testng.remote.AbstractRemoteTestNG.run(AbstractRemoteTestNG.java:132)
	at org.testng.remote.RemoteTestNG.initAndRun(RemoteTestNG.java:236)
	at org.testng.remote.RemoteTestNG.main(RemoteTestNG.java:81)

</div> <!-- stack-trace -->
                </div> <!-- method-content -->
              </div> <!-- method -->
              <div class="method">
                <div class="method-content">
                  <a name="testlogin(, GOTOURL, , , url, N)">
                  </a> <!-- testlogin(, GOTOURL, , , url, N) -->
                  <span class="method-name">testlogin</span>
                  <span class="parameters">(, GOTOURL, , , url, N)</span>
                  <div class="stack-trace">org.testng.SkipException: Test case is skipped as Run mode is N
	at testcases.HybridExecuteTest.testlogin(HybridExecuteTest.java:66)
	at sun.reflect.NativeMethodAccessorImpl.invoke0(Native Method)
	at sun.reflect.NativeMethodAccessorImpl.invoke(Unknown Source)
	at sun.reflect.DelegatingMethodAccessorImpl.invoke(Unknown Source)
	at java.lang.reflect.Method.invoke(Unknown Source)
	at org.testng.internal.MethodInvocationHelper.invokeMethod(MethodInvocationHelper.java:100)
	at org.testng.internal.Invoker.invokeMethod(Invoker.java:646)
	at org.testng.internal.Invoker.invokeTestMethod(Invoker.java:811)
	at org.testng.internal.Invoker.invokeTestMethods(Invoker.java:1137)
	at org.testng.internal.TestMethodWorker.invokeTestMethods(TestMethodWorker.java:129)
	at org.testng.internal.TestMethodWorker.run(TestMethodWorker.java:112)
	at org.testng.TestRunner.privateRun(TestRunner.java:753)
	at org.testng.TestRunner.run(TestRunner.java:607)
	at org.testng.SuiteRunner.runTest(SuiteRunner.java:368)
	at org.testng.SuiteRunner.runSequentially(SuiteRunner.java:363)
	at org.testng.SuiteRunner.privateRun(SuiteRunner.java:321)
	at org.testng.SuiteRunner.run(SuiteRunner.java:270)
	at org.testng.SuiteRunnerWorker.runSuite(SuiteRunnerWorker.java:52)
	at org.testng.SuiteRunnerWorker.run(SuiteRunnerWorker.java:86)
	at org.testng.TestNG.runSuitesSequentially(TestNG.java:1284)
	at org.testng.TestNG.runSuitesLocally(TestNG.java:1209)
	at org.testng.TestNG.runSuites(TestNG.java:1124)
	at org.testng.TestNG.run(TestNG.java:1096)
	at org.testng.remote.AbstractRemoteTestNG.run(AbstractRemoteTestNG.java:132)
	at org.testng.remote.RemoteTestNG.initAndRun(RemoteTestNG.java:236)
	at org.testng.remote.RemoteTestNG.main(RemoteTestNG.java:81)

</div> <!-- stack-trace -->
                </div> <!-- method-content -->
              </div> <!-- method -->
              <div class="method">
                <div class="method-content">
                  <a name="testlogin(, SETTEXT, username, id, test@evalueserve.com, N)">
                  </a> <!-- testlogin(, SETTEXT, username, id, test@evalueserve.com, N) -->
                  <span class="method-name">testlogin</span>
                  <span class="parameters">(, SETTEXT, username, id, test@evalueserve.com, N)</span>
                  <div class="stack-trace">org.testng.SkipException: Test case is skipped as Run mode is N
	at testcases.HybridExecuteTest.testlogin(HybridExecuteTest.java:66)
	at sun.reflect.NativeMethodAccessorImpl.invoke0(Native Method)
	at sun.reflect.NativeMethodAccessorImpl.invoke(Unknown Source)
	at sun.reflect.DelegatingMethodAccessorImpl.invoke(Unknown Source)
	at java.lang.reflect.Method.invoke(Unknown Source)
	at org.testng.internal.MethodInvocationHelper.invokeMethod(MethodInvocationHelper.java:100)
	at org.testng.internal.Invoker.invokeMethod(Invoker.java:646)
	at org.testng.internal.Invoker.invokeTestMethod(Invoker.java:811)
	at org.testng.internal.Invoker.invokeTestMethods(Invoker.java:1137)
	at org.testng.internal.TestMethodWorker.invokeTestMethods(TestMethodWorker.java:129)
	at org.testng.internal.TestMethodWorker.run(TestMethodWorker.java:112)
	at org.testng.TestRunner.privateRun(TestRunner.java:753)
	at org.testng.TestRunner.run(TestRunner.java:607)
	at org.testng.SuiteRunner.runTest(SuiteRunner.java:368)
	at org.testng.SuiteRunner.runSequentially(SuiteRunner.java:363)
	at org.testng.SuiteRunner.privateRun(SuiteRunner.java:321)
	at org.testng.SuiteRunner.run(SuiteRunner.java:270)
	at org.testng.SuiteRunnerWorker.runSuite(SuiteRunnerWorker.java:52)
	at org.testng.SuiteRunnerWorker.run(SuiteRunnerWorker.java:86)
	at org.testng.TestNG.runSuitesSequentially(TestNG.java:1284)
	at org.testng.TestNG.runSuitesLocally(TestNG.java:1209)
	at org.testng.TestNG.runSuites(TestNG.java:1124)
	at org.testng.TestNG.run(TestNG.java:1096)
	at org.testng.remote.AbstractRemoteTestNG.run(AbstractRemoteTestNG.java:132)
	at org.testng.remote.RemoteTestNG.initAndRun(RemoteTestNG.java:236)
	at org.testng.remote.RemoteTestNG.main(RemoteTestNG.java:81)

</div> <!-- stack-trace -->
                </div> <!-- method-content -->
              </div> <!-- method -->
              <div class="method">
                <div class="method-content">
                  <a name="testlogin(, CLICK, password, id, , N)">
                  </a> <!-- testlogin(, CLICK, password, id, , N) -->
                  <span class="method-name">testlogin</span>
                  <span class="parameters">(, CLICK, password, id, , N)</span>
                  <div class="stack-trace">org.testng.SkipException: Test case is skipped as Run mode is N
	at testcases.HybridExecuteTest.testlogin(HybridExecuteTest.java:66)
	at sun.reflect.NativeMethodAccessorImpl.invoke0(Native Method)
	at sun.reflect.NativeMethodAccessorImpl.invoke(Unknown Source)
	at sun.reflect.DelegatingMethodAccessorImpl.invoke(Unknown Source)
	at java.lang.reflect.Method.invoke(Unknown Source)
	at org.testng.internal.MethodInvocationHelper.invokeMethod(MethodInvocationHelper.java:100)
	at org.testng.internal.Invoker.invokeMethod(Invoker.java:646)
	at org.testng.internal.Invoker.invokeTestMethod(Invoker.java:811)
	at org.testng.internal.Invoker.invokeTestMethods(Invoker.java:1137)
	at org.testng.internal.TestMethodWorker.invokeTestMethods(TestMethodWorker.java:129)
	at org.testng.internal.TestMethodWorker.run(TestMethodWorker.java:112)
	at org.testng.TestRunner.privateRun(TestRunner.java:753)
	at org.testng.TestRunner.run(TestRunner.java:607)
	at org.testng.SuiteRunner.runTest(SuiteRunner.java:368)
	at org.testng.SuiteRunner.runSequentially(SuiteRunner.java:363)
	at org.testng.SuiteRunner.privateRun(SuiteRunner.java:321)
	at org.testng.SuiteRunner.run(SuiteRunner.java:270)
	at org.testng.SuiteRunnerWorker.runSuite(SuiteRunnerWorker.java:52)
	at org.testng.SuiteRunnerWorker.run(SuiteRunnerWorker.java:86)
	at org.testng.TestNG.runSuitesSequentially(TestNG.java:1284)
	at org.testng.TestNG.runSuitesLocally(TestNG.java:1209)
	at org.testng.TestNG.runSuites(TestNG.java:1124)
	at org.testng.TestNG.run(TestNG.java:1096)
	at org.testng.remote.AbstractRemoteTestNG.run(AbstractRemoteTestNG.java:132)
	at org.testng.remote.RemoteTestNG.initAndRun(RemoteTestNG.java:236)
	at org.testng.remote.RemoteTestNG.main(RemoteTestNG.java:81)

</div> <!-- stack-trace -->
                </div> <!-- method-content -->
              </div> <!-- method -->
              <div class="method">
                <div class="method-content">
                  <a name="testlogin(, IMPLICITWAIT, , , , N)">
                  </a> <!-- testlogin(, IMPLICITWAIT, , , , N) -->
                  <span class="method-name">testlogin</span>
                  <span class="parameters">(, IMPLICITWAIT, , , , N)</span>
                  <div class="stack-trace">org.testng.SkipException: Test case is skipped as Run mode is N
	at testcases.HybridExecuteTest.testlogin(HybridExecuteTest.java:66)
	at sun.reflect.NativeMethodAccessorImpl.invoke0(Native Method)
	at sun.reflect.NativeMethodAccessorImpl.invoke(Unknown Source)
	at sun.reflect.DelegatingMethodAccessorImpl.invoke(Unknown Source)
	at java.lang.reflect.Method.invoke(Unknown Source)
	at org.testng.internal.MethodInvocationHelper.invokeMethod(MethodInvocationHelper.java:100)
	at org.testng.internal.Invoker.invokeMethod(Invoker.java:646)
	at org.testng.internal.Invoker.invokeTestMethod(Invoker.java:811)
	at org.testng.internal.Invoker.invokeTestMethods(Invoker.java:1137)
	at org.testng.internal.TestMethodWorker.invokeTestMethods(TestMethodWorker.java:129)
	at org.testng.internal.TestMethodWorker.run(TestMethodWorker.java:112)
	at org.testng.TestRunner.privateRun(TestRunner.java:753)
	at org.testng.TestRunner.run(TestRunner.java:607)
	at org.testng.SuiteRunner.runTest(SuiteRunner.java:368)
	at org.testng.SuiteRunner.runSequentially(SuiteRunner.java:363)
	at org.testng.SuiteRunner.privateRun(SuiteRunner.java:321)
	at org.testng.SuiteRunner.run(SuiteRunner.java:270)
	at org.testng.SuiteRunnerWorker.runSuite(SuiteRunnerWorker.java:52)
	at org.testng.SuiteRunnerWorker.run(SuiteRunnerWorker.java:86)
	at org.testng.TestNG.runSuitesSequentially(TestNG.java:1284)
	at org.testng.TestNG.runSuitesLocally(TestNG.java:1209)
	at org.testng.TestNG.runSuites(TestNG.java:1124)
	at org.testng.TestNG.run(TestNG.java:1096)
	at org.testng.remote.AbstractRemoteTestNG.run(AbstractRemoteTestNG.java:132)
	at org.testng.remote.RemoteTestNG.initAndRun(RemoteTestNG.java:236)
	at org.testng.remote.RemoteTestNG.main(RemoteTestNG.java:81)

</div> <!-- stack-trace -->
                </div> <!-- method-content -->
              </div> <!-- method -->
              <div class="method">
                <div class="method-content">
                  <a name="testlogin(, CLICK, managecomps, link, , N)">
                  </a> <!-- testlogin(, CLICK, managecomps, link, , N) -->
                  <span class="method-name">testlogin</span>
                  <span class="parameters">(, CLICK, managecomps, link, , N)</span>
                  <div class="stack-trace">org.testng.SkipException: Test case is skipped as Run mode is N
	at testcases.HybridExecuteTest.testlogin(HybridExecuteTest.java:66)
	at sun.reflect.GeneratedMethodAccessor1.invoke(Unknown Source)
	at sun.reflect.DelegatingMethodAccessorImpl.invoke(Unknown Source)
	at java.lang.reflect.Method.invoke(Unknown Source)
	at org.testng.internal.MethodInvocationHelper.invokeMethod(MethodInvocationHelper.java:100)
	at org.testng.internal.Invoker.invokeMethod(Invoker.java:646)
	at org.testng.internal.Invoker.invokeTestMethod(Invoker.java:811)
	at org.testng.internal.Invoker.invokeTestMethods(Invoker.java:1137)
	at org.testng.internal.TestMethodWorker.invokeTestMethods(TestMethodWorker.java:129)
	at org.testng.internal.TestMethodWorker.run(TestMethodWorker.java:112)
	at org.testng.TestRunner.privateRun(TestRunner.java:753)
	at org.testng.TestRunner.run(TestRunner.java:607)
	at org.testng.SuiteRunner.runTest(SuiteRunner.java:368)
	at org.testng.SuiteRunner.runSequentially(SuiteRunner.java:363)
	at org.testng.SuiteRunner.privateRun(SuiteRunner.java:321)
	at org.testng.SuiteRunner.run(SuiteRunner.java:270)
	at org.testng.SuiteRunnerWorker.runSuite(SuiteRunnerWorker.java:52)
	at org.testng.SuiteRunnerWorker.run(SuiteRunnerWorker.java:86)
	at org.testng.TestNG.runSuitesSequentially(TestNG.java:1284)
	at org.testng.TestNG.runSuitesLocally(TestNG.java:1209)
	at org.testng.TestNG.runSuites(TestNG.java:1124)
	at org.testng.TestNG.run(TestNG.java:1096)
	at org.testng.remote.AbstractRemoteTestNG.run(AbstractRemoteTestNG.java:132)
	at org.testng.remote.RemoteTestNG.initAndRun(RemoteTestNG.java:236)
	at org.testng.remote.RemoteTestNG.main(RemoteTestNG.java:81)

</div> <!-- stack-trace -->
                </div> <!-- method-content -->
              </div> <!-- method -->
              <div class="method">
                <div class="method-content">
                  <a name="testlogin(, CLOSE, , , , N)">
                  </a> <!-- testlogin(, CLOSE, , , , N) -->
                  <span class="method-name">testlogin</span>
                  <span class="parameters">(, CLOSE, , , , N)</span>
                  <div class="stack-trace">org.testng.SkipException: Test case is skipped as Run mode is N
	at testcases.HybridExecuteTest.testlogin(HybridExecuteTest.java:66)
	at sun.reflect.NativeMethodAccessorImpl.invoke0(Native Method)
	at sun.reflect.NativeMethodAccessorImpl.invoke(Unknown Source)
	at sun.reflect.DelegatingMethodAccessorImpl.invoke(Unknown Source)
	at java.lang.reflect.Method.invoke(Unknown Source)
	at org.testng.internal.MethodInvocationHelper.invokeMethod(MethodInvocationHelper.java:100)
	at org.testng.internal.Invoker.invokeMethod(Invoker.java:646)
	at org.testng.internal.Invoker.invokeTestMethod(Invoker.java:811)
	at org.testng.internal.Invoker.invokeTestMethods(Invoker.java:1137)
	at org.testng.internal.TestMethodWorker.invokeTestMethods(TestMethodWorker.java:129)
	at org.testng.internal.TestMethodWorker.run(TestMethodWorker.java:112)
	at org.testng.TestRunner.privateRun(TestRunner.java:753)
	at org.testng.TestRunner.run(TestRunner.java:607)
	at org.testng.SuiteRunner.runTest(SuiteRunner.java:368)
	at org.testng.SuiteRunner.runSequentially(SuiteRunner.java:363)
	at org.testng.SuiteRunner.privateRun(SuiteRunner.java:321)
	at org.testng.SuiteRunner.run(SuiteRunner.java:270)
	at org.testng.SuiteRunnerWorker.runSuite(SuiteRunnerWorker.java:52)
	at org.testng.SuiteRunnerWorker.run(SuiteRunnerWorker.java:86)
	at org.testng.TestNG.runSuitesSequentially(TestNG.java:1284)
	at org.testng.TestNG.runSuitesLocally(TestNG.java:1209)
	at org.testng.TestNG.runSuites(TestNG.java:1124)
	at org.testng.TestNG.run(TestNG.java:1096)
	at org.testng.remote.AbstractRemoteTestNG.run(AbstractRemoteTestNG.java:132)
	at org.testng.remote.RemoteTestNG.initAndRun(RemoteTestNG.java:236)
	at org.testng.remote.RemoteTestNG.main(RemoteTestNG.java:81)

</div> <!-- stack-trace -->
                </div> <!-- method-content -->
              </div> <!-- method -->
              <div class="method">
                <div class="method-content">
                  <a name="testlogin(, CLICK, login, classname, , N)">
                  </a> <!-- testlogin(, CLICK, login, classname, , N) -->
                  <span class="method-name">testlogin</span>
                  <span class="parameters">(, CLICK, login, classname, , N)</span>
                  <div class="stack-trace">org.testng.SkipException: Test case is skipped as Run mode is N
	at testcases.HybridExecuteTest.testlogin(HybridExecuteTest.java:66)
	at sun.reflect.NativeMethodAccessorImpl.invoke0(Native Method)
	at sun.reflect.NativeMethodAccessorImpl.invoke(Unknown Source)
	at sun.reflect.DelegatingMethodAccessorImpl.invoke(Unknown Source)
	at java.lang.reflect.Method.invoke(Unknown Source)
	at org.testng.internal.MethodInvocationHelper.invokeMethod(MethodInvocationHelper.java:100)
	at org.testng.internal.Invoker.invokeMethod(Invoker.java:646)
	at org.testng.internal.Invoker.invokeTestMethod(Invoker.java:811)
	at org.testng.internal.Invoker.invokeTestMethods(Invoker.java:1137)
	at org.testng.internal.TestMethodWorker.invokeTestMethods(TestMethodWorker.java:129)
	at org.testng.internal.TestMethodWorker.run(TestMethodWorker.java:112)
	at org.testng.TestRunner.privateRun(TestRunner.java:753)
	at org.testng.TestRunner.run(TestRunner.java:607)
	at org.testng.SuiteRunner.runTest(SuiteRunner.java:368)
	at org.testng.SuiteRunner.runSequentially(SuiteRunner.java:363)
	at org.testng.SuiteRunner.privateRun(SuiteRunner.java:321)
	at org.testng.SuiteRunner.run(SuiteRunner.java:270)
	at org.testng.SuiteRunnerWorker.runSuite(SuiteRunnerWorker.java:52)
	at org.testng.SuiteRunnerWorker.run(SuiteRunnerWorker.java:86)
	at org.testng.TestNG.runSuitesSequentially(TestNG.java:1284)
	at org.testng.TestNG.runSuitesLocally(TestNG.java:1209)
	at org.testng.TestNG.runSuites(TestNG.java:1124)
	at org.testng.TestNG.run(TestNG.java:1096)
	at org.testng.remote.AbstractRemoteTestNG.run(AbstractRemoteTestNG.java:132)
	at org.testng.remote.RemoteTestNG.initAndRun(RemoteTestNG.java:236)
	at org.testng.remote.RemoteTestNG.main(RemoteTestNG.java:81)

</div> <!-- stack-trace -->
                </div> <!-- method-content -->
              </div> <!-- method -->
              <div class="method">
                <div class="method-content">
                  <a name="testlogin(, DRIVERWAIT, , , , N)">
                  </a> <!-- testlogin(, DRIVERWAIT, , , , N) -->
                  <span class="method-name">testlogin</span>
                  <span class="parameters">(, DRIVERWAIT, , , , N)</span>
                  <div class="stack-trace">org.testng.SkipException: Test case is skipped as Run mode is N
	at testcases.HybridExecuteTest.testlogin(HybridExecuteTest.java:66)
	at sun.reflect.GeneratedMethodAccessor1.invoke(Unknown Source)
	at sun.reflect.DelegatingMethodAccessorImpl.invoke(Unknown Source)
	at java.lang.reflect.Method.invoke(Unknown Source)
	at org.testng.internal.MethodInvocationHelper.invokeMethod(MethodInvocationHelper.java:100)
	at org.testng.internal.Invoker.invokeMethod(Invoker.java:646)
	at org.testng.internal.Invoker.invokeTestMethod(Invoker.java:811)
	at org.testng.internal.Invoker.invokeTestMethods(Invoker.java:1137)
	at org.testng.internal.TestMethodWorker.invokeTestMethods(TestMethodWorker.java:129)
	at org.testng.internal.TestMethodWorker.run(TestMethodWorker.java:112)
	at org.testng.TestRunner.privateRun(TestRunner.java:753)
	at org.testng.TestRunner.run(TestRunner.java:607)
	at org.testng.SuiteRunner.runTest(SuiteRunner.java:368)
	at org.testng.SuiteRunner.runSequentially(SuiteRunner.java:363)
	at org.testng.SuiteRunner.privateRun(SuiteRunner.java:321)
	at org.testng.SuiteRunner.run(SuiteRunner.java:270)
	at org.testng.SuiteRunnerWorker.runSuite(SuiteRunnerWorker.java:52)
	at org.testng.SuiteRunnerWorker.run(SuiteRunnerWorker.java:86)
	at org.testng.TestNG.runSuitesSequentially(TestNG.java:1284)
	at org.testng.TestNG.runSuitesLocally(TestNG.java:1209)
	at org.testng.TestNG.runSuites(TestNG.java:1124)
	at org.testng.TestNG.run(TestNG.java:1096)
	at org.testng.remote.AbstractRemoteTestNG.run(AbstractRemoteTestNG.java:132)
	at org.testng.remote.RemoteTestNG.initAndRun(RemoteTestNG.java:236)
	at org.testng.remote.RemoteTestNG.main(RemoteTestNG.java:81)

</div> <!-- stack-trace -->
                </div> <!-- method-content -->
              </div> <!-- method -->
              <div class="method">
                <div class="method-content">
                  <a name="testlogin(, SETTEXT, upload, name, C:\\Users\\chaman.preet\\Desktop\\Rahul.pdf, N)">
                  </a> <!-- testlogin(, SETTEXT, upload, name, C:\\Users\\chaman.preet\\Desktop\\Rahul.pdf, N) -->
                  <span class="method-name">testlogin</span>
                  <span class="parameters">(, SETTEXT, upload, name, C:\\Users\\chaman.preet\\Desktop\\Rahul.pdf, N)</span>
                  <div class="stack-trace">org.testng.SkipException: Test case is skipped as Run mode is N
	at testcases.HybridExecuteTest.testlogin(HybridExecuteTest.java:66)
	at sun.reflect.GeneratedMethodAccessor1.invoke(Unknown Source)
	at sun.reflect.DelegatingMethodAccessorImpl.invoke(Unknown Source)
	at java.lang.reflect.Method.invoke(Unknown Source)
	at org.testng.internal.MethodInvocationHelper.invokeMethod(MethodInvocationHelper.java:100)
	at org.testng.internal.Invoker.invokeMethod(Invoker.java:646)
	at org.testng.internal.Invoker.invokeTestMethod(Invoker.java:811)
	at org.testng.internal.Invoker.invokeTestMethods(Invoker.java:1137)
	at org.testng.internal.TestMethodWorker.invokeTestMethods(TestMethodWorker.java:129)
	at org.testng.internal.TestMethodWorker.run(TestMethodWorker.java:112)
	at org.testng.TestRunner.privateRun(TestRunner.java:753)
	at org.testng.TestRunner.run(TestRunner.java:607)
	at org.testng.SuiteRunner.runTest(SuiteRunner.java:368)
	at org.testng.SuiteRunner.runSequentially(SuiteRunner.java:363)
	at org.testng.SuiteRunner.privateRun(SuiteRunner.java:321)
	at org.testng.SuiteRunner.run(SuiteRunner.java:270)
	at org.testng.SuiteRunnerWorker.runSuite(SuiteRunnerWorker.java:52)
	at org.testng.SuiteRunnerWorker.run(SuiteRunnerWorker.java:86)
	at org.testng.TestNG.runSuitesSequentially(TestNG.java:1284)
	at org.testng.TestNG.runSuitesLocally(TestNG.java:1209)
	at org.testng.TestNG.runSuites(TestNG.java:1124)
	at org.testng.TestNG.run(TestNG.java:1096)
	at org.testng.remote.AbstractRemoteTestNG.run(AbstractRemoteTestNG.java:132)
	at org.testng.remote.RemoteTestNG.initAndRun(RemoteTestNG.java:236)
	at org.testng.remote.RemoteTestNG.main(RemoteTestNG.java:81)

</div> <!-- stack-trace -->
                </div> <!-- method-content -->
              </div> <!-- method -->
              <div class="method">
                <div class="method-content">
                  <a name="testlogin(, CLICK, login, classname, , N)">
                  </a> <!-- testlogin(, CLICK, login, classname, , N) -->
                  <span class="method-name">testlogin</span>
                  <span class="parameters">(, CLICK, login, classname, , N)</span>
                  <div class="stack-trace">org.testng.SkipException: Test case is skipped as Run mode is N
	at testcases.HybridExecuteTest.testlogin(HybridExecuteTest.java:66)
	at sun.reflect.GeneratedMethodAccessor1.invoke(Unknown Source)
	at sun.reflect.DelegatingMethodAccessorImpl.invoke(Unknown Source)
	at java.lang.reflect.Method.invoke(Unknown Source)
	at org.testng.internal.MethodInvocationHelper.invokeMethod(MethodInvocationHelper.java:100)
	at org.testng.internal.Invoker.invokeMethod(Invoker.java:646)
	at org.testng.internal.Invoker.invokeTestMethod(Invoker.java:811)
	at org.testng.internal.Invoker.invokeTestMethods(Invoker.java:1137)
	at org.testng.internal.TestMethodWorker.invokeTestMethods(TestMethodWorker.java:129)
	at org.testng.internal.TestMethodWorker.run(TestMethodWorker.java:112)
	at org.testng.TestRunner.privateRun(TestRunner.java:753)
	at org.testng.TestRunner.run(TestRunner.java:607)
	at org.testng.SuiteRunner.runTest(SuiteRunner.java:368)
	at org.testng.SuiteRunner.runSequentially(SuiteRunner.java:363)
	at org.testng.SuiteRunner.privateRun(SuiteRunner.java:321)
	at org.testng.SuiteRunner.run(SuiteRunner.java:270)
	at org.testng.SuiteRunnerWorker.runSuite(SuiteRunnerWorker.java:52)
	at org.testng.SuiteRunnerWorker.run(SuiteRunnerWorker.java:86)
	at org.testng.TestNG.runSuitesSequentially(TestNG.java:1284)
	at org.testng.TestNG.runSuitesLocally(TestNG.java:1209)
	at org.testng.TestNG.runSuites(TestNG.java:1124)
	at org.testng.TestNG.run(TestNG.java:1096)
	at org.testng.remote.AbstractRemoteTestNG.run(AbstractRemoteTestNG.java:132)
	at org.testng.remote.RemoteTestNG.initAndRun(RemoteTestNG.java:236)
	at org.testng.remote.RemoteTestNG.main(RemoteTestNG.java:81)

</div> <!-- stack-trace -->
                </div> <!-- method-content -->
              </div> <!-- method -->
              <div class="method">
                <div class="method-content">
                  <a name="testlogin(, GOTOURL, , , url, N)">
                  </a> <!-- testlogin(, GOTOURL, , , url, N) -->
                  <span class="method-name">testlogin</span>
                  <span class="parameters">(, GOTOURL, , , url, N)</span>
                  <div class="stack-trace">org.testng.SkipException: Test case is skipped as Run mode is N
	at testcases.HybridExecuteTest.testlogin(HybridExecuteTest.java:66)
	at sun.reflect.NativeMethodAccessorImpl.invoke0(Native Method)
	at sun.reflect.NativeMethodAccessorImpl.invoke(Unknown Source)
	at sun.reflect.DelegatingMethodAccessorImpl.invoke(Unknown Source)
	at java.lang.reflect.Method.invoke(Unknown Source)
	at org.testng.internal.MethodInvocationHelper.invokeMethod(MethodInvocationHelper.java:100)
	at org.testng.internal.Invoker.invokeMethod(Invoker.java:646)
	at org.testng.internal.Invoker.invokeTestMethod(Invoker.java:811)
	at org.testng.internal.Invoker.invokeTestMethods(Invoker.java:1137)
	at org.testng.internal.TestMethodWorker.invokeTestMethods(TestMethodWorker.java:129)
	at org.testng.internal.TestMethodWorker.run(TestMethodWorker.java:112)
	at org.testng.TestRunner.privateRun(TestRunner.java:753)
	at org.testng.TestRunner.run(TestRunner.java:607)
	at org.testng.SuiteRunner.runTest(SuiteRunner.java:368)
	at org.testng.SuiteRunner.runSequentially(SuiteRunner.java:363)
	at org.testng.SuiteRunner.privateRun(SuiteRunner.java:321)
	at org.testng.SuiteRunner.run(SuiteRunner.java:270)
	at org.testng.SuiteRunnerWorker.runSuite(SuiteRunnerWorker.java:52)
	at org.testng.SuiteRunnerWorker.run(SuiteRunnerWorker.java:86)
	at org.testng.TestNG.runSuitesSequentially(TestNG.java:1284)
	at org.testng.TestNG.runSuitesLocally(TestNG.java:1209)
	at org.testng.TestNG.runSuites(TestNG.java:1124)
	at org.testng.TestNG.run(TestNG.java:1096)
	at org.testng.remote.AbstractRemoteTestNG.run(AbstractRemoteTestNG.java:132)
	at org.testng.remote.RemoteTestNG.initAndRun(RemoteTestNG.java:236)
	at org.testng.remote.RemoteTestNG.main(RemoteTestNG.java:81)

</div> <!-- stack-trace -->
                </div> <!-- method-content -->
              </div> <!-- method -->
              <div class="method">
                <div class="method-content">
                  <a name="testlogin(, SETTEXT, password, id, 123456.0, N)">
                  </a> <!-- testlogin(, SETTEXT, password, id, 123456.0, N) -->
                  <span class="method-name">testlogin</span>
                  <span class="parameters">(, SETTEXT, password, id, 123456.0, N)</span>
                  <div class="stack-trace">org.testng.SkipException: Test case is skipped as Run mode is N
	at testcases.HybridExecuteTest.testlogin(HybridExecuteTest.java:66)
	at sun.reflect.NativeMethodAccessorImpl.invoke0(Native Method)
	at sun.reflect.NativeMethodAccessorImpl.invoke(Unknown Source)
	at sun.reflect.DelegatingMethodAccessorImpl.invoke(Unknown Source)
	at java.lang.reflect.Method.invoke(Unknown Source)
	at org.testng.internal.MethodInvocationHelper.invokeMethod(MethodInvocationHelper.java:100)
	at org.testng.internal.Invoker.invokeMethod(Invoker.java:646)
	at org.testng.internal.Invoker.invokeTestMethod(Invoker.java:811)
	at org.testng.internal.Invoker.invokeTestMethods(Invoker.java:1137)
	at org.testng.internal.TestMethodWorker.invokeTestMethods(TestMethodWorker.java:129)
	at org.testng.internal.TestMethodWorker.run(TestMethodWorker.java:112)
	at org.testng.TestRunner.privateRun(TestRunner.java:753)
	at org.testng.TestRunner.run(TestRunner.java:607)
	at org.testng.SuiteRunner.runTest(SuiteRunner.java:368)
	at org.testng.SuiteRunner.runSequentially(SuiteRunner.java:363)
	at org.testng.SuiteRunner.privateRun(SuiteRunner.java:321)
	at org.testng.SuiteRunner.run(SuiteRunner.java:270)
	at org.testng.SuiteRunnerWorker.runSuite(SuiteRunnerWorker.java:52)
	at org.testng.SuiteRunnerWorker.run(SuiteRunnerWorker.java:86)
	at org.testng.TestNG.runSuitesSequentially(TestNG.java:1284)
	at org.testng.TestNG.runSuitesLocally(TestNG.java:1209)
	at org.testng.TestNG.runSuites(TestNG.java:1124)
	at org.testng.TestNG.run(TestNG.java:1096)
	at org.testng.remote.AbstractRemoteTestNG.run(AbstractRemoteTestNG.java:132)
	at org.testng.remote.RemoteTestNG.initAndRun(RemoteTestNG.java:236)
	at org.testng.remote.RemoteTestNG.main(RemoteTestNG.java:81)

</div> <!-- stack-trace -->
                </div> <!-- method-content -->
              </div> <!-- method -->
              <div class="method">
                <div class="method-content">
                  <a name="testlogin(, CLOSE, , , , N)">
                  </a> <!-- testlogin(, CLOSE, , , , N) -->
                  <span class="method-name">testlogin</span>
                  <span class="parameters">(, CLOSE, , , , N)</span>
                  <div class="stack-trace">org.testng.SkipException: Test case is skipped as Run mode is N
	at testcases.HybridExecuteTest.testlogin(HybridExecuteTest.java:66)
	at sun.reflect.GeneratedMethodAccessor1.invoke(Unknown Source)
	at sun.reflect.DelegatingMethodAccessorImpl.invoke(Unknown Source)
	at java.lang.reflect.Method.invoke(Unknown Source)
	at org.testng.internal.MethodInvocationHelper.invokeMethod(MethodInvocationHelper.java:100)
	at org.testng.internal.Invoker.invokeMethod(Invoker.java:646)
	at org.testng.internal.Invoker.invokeTestMethod(Invoker.java:811)
	at org.testng.internal.Invoker.invokeTestMethods(Invoker.java:1137)
	at org.testng.internal.TestMethodWorker.invokeTestMethods(TestMethodWorker.java:129)
	at org.testng.internal.TestMethodWorker.run(TestMethodWorker.java:112)
	at org.testng.TestRunner.privateRun(TestRunner.java:753)
	at org.testng.TestRunner.run(TestRunner.java:607)
	at org.testng.SuiteRunner.runTest(SuiteRunner.java:368)
	at org.testng.SuiteRunner.runSequentially(SuiteRunner.java:363)
	at org.testng.SuiteRunner.privateRun(SuiteRunner.java:321)
	at org.testng.SuiteRunner.run(SuiteRunner.java:270)
	at org.testng.SuiteRunnerWorker.runSuite(SuiteRunnerWorker.java:52)
	at org.testng.SuiteRunnerWorker.run(SuiteRunnerWorker.java:86)
	at org.testng.TestNG.runSuitesSequentially(TestNG.java:1284)
	at org.testng.TestNG.runSuitesLocally(TestNG.java:1209)
	at org.testng.TestNG.runSuites(TestNG.java:1124)
	at org.testng.TestNG.run(TestNG.java:1096)
	at org.testng.remote.AbstractRemoteTestNG.run(AbstractRemoteTestNG.java:132)
	at org.testng.remote.RemoteTestNG.initAndRun(RemoteTestNG.java:236)
	at org.testng.remote.RemoteTestNG.main(RemoteTestNG.java:81)

</div> <!-- stack-trace -->
                </div> <!-- method-content -->
              </div> <!-- method -->
              <div class="method">
                <div class="method-content">
                  <a name="testlogin(, GOTOURL, , , url, N)">
                  </a> <!-- testlogin(, GOTOURL, , , url, N) -->
                  <span class="method-name">testlogin</span>
                  <span class="parameters">(, GOTOURL, , , url, N)</span>
                  <div class="stack-trace">org.testng.SkipException: Test case is skipped as Run mode is N
	at testcases.HybridExecuteTest.testlogin(HybridExecuteTest.java:66)
	at sun.reflect.GeneratedMethodAccessor1.invoke(Unknown Source)
	at sun.reflect.DelegatingMethodAccessorImpl.invoke(Unknown Source)
	at java.lang.reflect.Method.invoke(Unknown Source)
	at org.testng.internal.MethodInvocationHelper.invokeMethod(MethodInvocationHelper.java:100)
	at org.testng.internal.Invoker.invokeMethod(Invoker.java:646)
	at org.testng.internal.Invoker.invokeTestMethod(Invoker.java:811)
	at org.testng.internal.Invoker.invokeTestMethods(Invoker.java:1137)
	at org.testng.internal.TestMethodWorker.invokeTestMethods(TestMethodWorker.java:129)
	at org.testng.internal.TestMethodWorker.run(TestMethodWorker.java:112)
	at org.testng.TestRunner.privateRun(TestRunner.java:753)
	at org.testng.TestRunner.run(TestRunner.java:607)
	at org.testng.SuiteRunner.runTest(SuiteRunner.java:368)
	at org.testng.SuiteRunner.runSequentially(SuiteRunner.java:363)
	at org.testng.SuiteRunner.privateRun(SuiteRunner.java:321)
	at org.testng.SuiteRunner.run(SuiteRunner.java:270)
	at org.testng.SuiteRunnerWorker.runSuite(SuiteRunnerWorker.java:52)
	at org.testng.SuiteRunnerWorker.run(SuiteRunnerWorker.java:86)
	at org.testng.TestNG.runSuitesSequentially(TestNG.java:1284)
	at org.testng.TestNG.runSuitesLocally(TestNG.java:1209)
	at org.testng.TestNG.runSuites(TestNG.java:1124)
	at org.testng.TestNG.run(TestNG.java:1096)
	at org.testng.remote.AbstractRemoteTestNG.run(AbstractRemoteTestNG.java:132)
	at org.testng.remote.RemoteTestNG.initAndRun(RemoteTestNG.java:236)
	at org.testng.remote.RemoteTestNG.main(RemoteTestNG.java:81)

</div> <!-- stack-trace -->
                </div> <!-- method-content -->
              </div> <!-- method -->
              <div class="method">
                <div class="method-content">
                  <a name="testlogin(, SETTEXT, username, id, test@evalueserve.com, N)">
                  </a> <!-- testlogin(, SETTEXT, username, id, test@evalueserve.com, N) -->
                  <span class="method-name">testlogin</span>
                  <span class="parameters">(, SETTEXT, username, id, test@evalueserve.com, N)</span>
                  <div class="stack-trace">org.testng.SkipException: Test case is skipped as Run mode is N
	at testcases.HybridExecuteTest.testlogin(HybridExecuteTest.java:66)
	at sun.reflect.GeneratedMethodAccessor1.invoke(Unknown Source)
	at sun.reflect.DelegatingMethodAccessorImpl.invoke(Unknown Source)
	at java.lang.reflect.Method.invoke(Unknown Source)
	at org.testng.internal.MethodInvocationHelper.invokeMethod(MethodInvocationHelper.java:100)
	at org.testng.internal.Invoker.invokeMethod(Invoker.java:646)
	at org.testng.internal.Invoker.invokeTestMethod(Invoker.java:811)
	at org.testng.internal.Invoker.invokeTestMethods(Invoker.java:1137)
	at org.testng.internal.TestMethodWorker.invokeTestMethods(TestMethodWorker.java:129)
	at org.testng.internal.TestMethodWorker.run(TestMethodWorker.java:112)
	at org.testng.TestRunner.privateRun(TestRunner.java:753)
	at org.testng.TestRunner.run(TestRunner.java:607)
	at org.testng.SuiteRunner.runTest(SuiteRunner.java:368)
	at org.testng.SuiteRunner.runSequentially(SuiteRunner.java:363)
	at org.testng.SuiteRunner.privateRun(SuiteRunner.java:321)
	at org.testng.SuiteRunner.run(SuiteRunner.java:270)
	at org.testng.SuiteRunnerWorker.runSuite(SuiteRunnerWorker.java:52)
	at org.testng.SuiteRunnerWorker.run(SuiteRunnerWorker.java:86)
	at org.testng.TestNG.runSuitesSequentially(TestNG.java:1284)
	at org.testng.TestNG.runSuitesLocally(TestNG.java:1209)
	at org.testng.TestNG.runSuites(TestNG.java:1124)
	at org.testng.TestNG.run(TestNG.java:1096)
	at org.testng.remote.AbstractRemoteTestNG.run(AbstractRemoteTestNG.java:132)
	at org.testng.remote.RemoteTestNG.initAndRun(RemoteTestNG.java:236)
	at org.testng.remote.RemoteTestNG.main(RemoteTestNG.java:81)

</div> <!-- stack-trace -->
                </div> <!-- method-content -->
              </div> <!-- method -->
            </div> <!-- main-panel-content rounded-window-bottom -->
          </div> <!-- suite-Default_suite-class-skipped -->
          <div class="suite-Default_suite-class-passed">
            <div class="main-panel-header rounded-window-top">
              <img src="passed.png"/>
              <span class="class-name">testcases.HybridExecuteTest</span>
            </div> <!-- main-panel-header rounded-window-top -->
            <div class="main-panel-content rounded-window-bottom">
              <div class="method">
                <div class="method-content">
                  <a name="testlogin(, DRIVERWAIT, , , 1.0, Y)">
                  </a> <!-- testlogin(, DRIVERWAIT, , , 1.0, Y) -->
                  <span class="method-name">testlogin</span>
                  <span class="parameters">(, DRIVERWAIT, , , 1.0, Y)</span>
                </div> <!-- method-content -->
              </div> <!-- method -->
              <div class="method">
                <div class="method-content">
                  <a name="testlogin(, DRIVERWAIT, , , 1.0, Y)">
                  </a> <!-- testlogin(, DRIVERWAIT, , , 1.0, Y) -->
                  <span class="method-name">testlogin</span>
                  <span class="parameters">(, DRIVERWAIT, , , 1.0, Y)</span>
                </div> <!-- method-content -->
              </div> <!-- method -->
              <div class="method">
                <div class="method-content">
                  <a name="testlogin(, VERIFY, Sector_select, xpath, Consumer, Y)">
                  </a> <!-- testlogin(, VERIFY, Sector_select, xpath, Consumer, Y) -->
                  <span class="method-name">testlogin</span>
                  <span class="parameters">(, VERIFY, Sector_select, xpath, Consumer, Y)</span>
                </div> <!-- method-content -->
              </div> <!-- method -->
              <div class="method">
                <div class="method-content">
                  <a name="testlogin(, CLICK, Subsector_arrow, xpath, , Y)">
                  </a> <!-- testlogin(, CLICK, Subsector_arrow, xpath, , Y) -->
                  <span class="method-name">testlogin</span>
                  <span class="parameters">(, CLICK, Subsector_arrow, xpath, , Y)</span>
                </div> <!-- method-content -->
              </div> <!-- method -->
              <div class="method">
                <div class="method-content">
                  <a name="testlogin(, CLICK, Team_arrow, xpath, , Y)">
                  </a> <!-- testlogin(, CLICK, Team_arrow, xpath, , Y) -->
                  <span class="method-name">testlogin</span>
                  <span class="parameters">(, CLICK, Team_arrow, xpath, , Y)</span>
                </div> <!-- method-content -->
              </div> <!-- method -->
              <div class="method">
                <div class="method-content">
                  <a name="testlogin(, CLICK, Subsector_select, xpath, , Y)">
                  </a> <!-- testlogin(, CLICK, Subsector_select, xpath, , Y) -->
                  <span class="method-name">testlogin</span>
                  <span class="parameters">(, CLICK, Subsector_select, xpath, , Y)</span>
                </div> <!-- method-content -->
              </div> <!-- method -->
              <div class="method">
                <div class="method-content">
                  <a name="testlogin(, IMPLICITWAIT, , , , Y)">
                  </a> <!-- testlogin(, IMPLICITWAIT, , , , Y) -->
                  <span class="method-name">testlogin</span>
                  <span class="parameters">(, IMPLICITWAIT, , , , Y)</span>
                </div> <!-- method-content -->
              </div> <!-- method -->
              <div class="method">
                <div class="method-content">
                  <a name="testlogin(, DRIVERWAIT, , , 3.0, Y)">
                  </a> <!-- testlogin(, DRIVERWAIT, , , 3.0, Y) -->
                  <span class="method-name">testlogin</span>
                  <span class="parameters">(, DRIVERWAIT, , , 3.0, Y)</span>
                </div> <!-- method-content -->
              </div> <!-- method -->
              <div class="method">
                <div class="method-content">
                  <a name="testlogin(, CLICK, managecomps, link, , Y)">
                  </a> <!-- testlogin(, CLICK, managecomps, link, , Y) -->
                  <span class="method-name">testlogin</span>
                  <span class="parameters">(, CLICK, managecomps, link, , Y)</span>
                </div> <!-- method-content -->
              </div> <!-- method -->
              <div class="method">
                <div class="method-content">
                  <a name="testlogin(, CLICK, Team_select, xpath, , Y)">
                  </a> <!-- testlogin(, CLICK, Team_select, xpath, , Y) -->
                  <span class="method-name">testlogin</span>
                  <span class="parameters">(, CLICK, Team_select, xpath, , Y)</span>
                </div> <!-- method-content -->
              </div> <!-- method -->
              <div class="method">
                <div class="method-content">
                  <a name="testlogin(, DRIVERWAIT, , , 2.0, Y)">
                  </a> <!-- testlogin(, DRIVERWAIT, , , 2.0, Y) -->
                  <span class="method-name">testlogin</span>
                  <span class="parameters">(, DRIVERWAIT, , , 2.0, Y)</span>
                </div> <!-- method-content -->
              </div> <!-- method -->
              <div class="method">
                <div class="method-content">
                  <a name="testlogin(Download Comps, , , , , Y)">
                  </a> <!-- testlogin(Download Comps, , , , , Y) -->
                  <span class="method-name">testlogin</span>
                  <span class="parameters">(Download Comps, , , , , Y)</span>
                </div> <!-- method-content -->
              </div> <!-- method -->
              <div class="method">
                <div class="method-content">
                  <a name="testlogin(, DRIVERWAIT, , , 2.0, Y)">
                  </a> <!-- testlogin(, DRIVERWAIT, , , 2.0, Y) -->
                  <span class="method-name">testlogin</span>
                  <span class="parameters">(, DRIVERWAIT, , , 2.0, Y)</span>
                </div> <!-- method-content -->
              </div> <!-- method -->
              <div class="method">
                <div class="method-content">
                  <a name="testlogin(, DRIVERWAIT, , , 2.0, Y)">
                  </a> <!-- testlogin(, DRIVERWAIT, , , 2.0, Y) -->
                  <span class="method-name">testlogin</span>
                  <span class="parameters">(, DRIVERWAIT, , , 2.0, Y)</span>
                </div> <!-- method-content -->
              </div> <!-- method -->
              <div class="method">
                <div class="method-content">
                  <a name="testlogin(, SETTEXT, password, id, 123456.0, Y)">
                  </a> <!-- testlogin(, SETTEXT, password, id, 123456.0, Y) -->
                  <span class="method-name">testlogin</span>
                  <span class="parameters">(, SETTEXT, password, id, 123456.0, Y)</span>
                </div> <!-- method-content -->
              </div> <!-- method -->
              <div class="method">
                <div class="method-content">
                  <a name="testlogin(, CLICK, Portfolio_Select, xpath, , Y)">
                  </a> <!-- testlogin(, CLICK, Portfolio_Select, xpath, , Y) -->
                  <span class="method-name">testlogin</span>
                  <span class="parameters">(, CLICK, Portfolio_Select, xpath, , Y)</span>
                </div> <!-- method-content -->
              </div> <!-- method -->
              <div class="method">
                <div class="method-content">
                  <a name="testlogin(, CLICK, Template_arrow, xpath, , Y)">
                  </a> <!-- testlogin(, CLICK, Template_arrow, xpath, , Y) -->
                  <span class="method-name">testlogin</span>
                  <span class="parameters">(, CLICK, Template_arrow, xpath, , Y)</span>
                </div> <!-- method-content -->
              </div> <!-- method -->
              <div class="method">
                <div class="method-content">
                  <a name="testlogin(, DRIVERWAIT, , , 2.0, Y)">
                  </a> <!-- testlogin(, DRIVERWAIT, , , 2.0, Y) -->
                  <span class="method-name">testlogin</span>
                  <span class="parameters">(, DRIVERWAIT, , , 2.0, Y)</span>
                </div> <!-- method-content -->
              </div> <!-- method -->
              <div class="method">
                <div class="method-content">
                  <a name="testlogin(, SETTEXT, username, id, test@evalueserve.com, Y)">
                  </a> <!-- testlogin(, SETTEXT, username, id, test@evalueserve.com, Y) -->
                  <span class="method-name">testlogin</span>
                  <span class="parameters">(, SETTEXT, username, id, test@evalueserve.com, Y)</span>
                </div> <!-- method-content -->
              </div> <!-- method -->
              <div class="method">
                <div class="method-content">
                  <a name="testlogin(, CLICK, login, classname, , Y)">
                  </a> <!-- testlogin(, CLICK, login, classname, , Y) -->
                  <span class="method-name">testlogin</span>
                  <span class="parameters">(, CLICK, login, classname, , Y)</span>
                </div> <!-- method-content -->
              </div> <!-- method -->
              <div class="method">
                <div class="method-content">
                  <a name="testlogin(, DRIVERWAIT, , , 1.0, Y)">
                  </a> <!-- testlogin(, DRIVERWAIT, , , 1.0, Y) -->
                  <span class="method-name">testlogin</span>
                  <span class="parameters">(, DRIVERWAIT, , , 1.0, Y)</span>
                </div> <!-- method-content -->
              </div> <!-- method -->
              <div class="method">
                <div class="method-content">
                  <a name="testlogin(, SCROLL, , , , Y)">
                  </a> <!-- testlogin(, SCROLL, , , , Y) -->
                  <span class="method-name">testlogin</span>
                  <span class="parameters">(, SCROLL, , , , Y)</span>
                </div> <!-- method-content -->
              </div> <!-- method -->
              <div class="method">
                <div class="method-content">
                  <a name="testlogin(, CLOSE, , , , )">
                  </a> <!-- testlogin(, CLOSE, , , , ) -->
                  <span class="method-name">testlogin</span>
                  <span class="parameters">(, CLOSE, , , , )</span>
                </div> <!-- method-content -->
              </div> <!-- method -->
              <div class="method">
                <div class="method-content">
                  <a name="testlogin(, CLICK, Portfolio_arrow, xpath, , Y)">
                  </a> <!-- testlogin(, CLICK, Portfolio_arrow, xpath, , Y) -->
                  <span class="method-name">testlogin</span>
                  <span class="parameters">(, CLICK, Portfolio_arrow, xpath, , Y)</span>
                </div> <!-- method-content -->
              </div> <!-- method -->
              <div class="method">
                <div class="method-content">
                  <a name="testlogin(, DRIVERWAIT, , , 2.0, Y)">
                  </a> <!-- testlogin(, DRIVERWAIT, , , 2.0, Y) -->
                  <span class="method-name">testlogin</span>
                  <span class="parameters">(, DRIVERWAIT, , , 2.0, Y)</span>
                </div> <!-- method-content -->
              </div> <!-- method -->
              <div class="method">
                <div class="method-content">
                  <a name="testlogin(, GOTOURL, , , url, Y)">
                  </a> <!-- testlogin(, GOTOURL, , , url, Y) -->
                  <span class="method-name">testlogin</span>
                  <span class="parameters">(, GOTOURL, , , url, Y)</span>
                </div> <!-- method-content -->
              </div> <!-- method -->
              <div class="method">
                <div class="method-content">
                  <a name="testlogin(, CLICK, Template_select, xpath, , Y)">
                  </a> <!-- testlogin(, CLICK, Template_select, xpath, , Y) -->
                  <span class="method-name">testlogin</span>
                  <span class="parameters">(, CLICK, Template_select, xpath, , Y)</span>
                </div> <!-- method-content -->
              </div> <!-- method -->
            </div> <!-- main-panel-content rounded-window-bottom -->
          </div> <!-- suite-Default_suite-class-passed -->
        </div> <!-- panel Default_suite -->
        <div panel-name="test-xml-Default_suite" class="panel">
          <div class="main-panel-header rounded-window-top">
            <span class="header-content">C:\Users\chaman.preet\AppData\Local\Temp\testng-eclipse--666658968\testng-customsuite.xml</span>
          </div> <!-- main-panel-header rounded-window-top -->
          <div class="main-panel-content rounded-window-bottom">
            <pre>
&lt;?xml version=&quot;1.0&quot; encoding=&quot;UTF-8&quot;?&gt;
&lt;!DOCTYPE suite SYSTEM &quot;http://testng.org/testng-1.0.dtd&quot;&gt;
&lt;suite guice-stage=&quot;DEVELOPMENT&quot; name=&quot;Default suite&quot;&gt;
  &lt;test verbose=&quot;2&quot; name=&quot;Default test&quot;&gt;
    &lt;classes&gt;
      &lt;class name=&quot;testcases.HybridExecuteTest&quot;/&gt;
    &lt;/classes&gt;
  &lt;/test&gt; &lt;!-- Default test --&gt;
&lt;/suite&gt; &lt;!-- Default suite --&gt;
            </pre>
          </div> <!-- main-panel-content rounded-window-bottom -->
        </div> <!-- panel -->
        <div panel-name="testlist-Default_suite" class="panel">
          <div class="main-panel-header rounded-window-top">
            <span class="header-content">Tests for Default suite</span>
          </div> <!-- main-panel-header rounded-window-top -->
          <div class="main-panel-content rounded-window-bottom">
            <ul>
              <li>
                <span class="test-name">Default test (1 class)</span>
              </li>
            </ul>
          </div> <!-- main-panel-content rounded-window-bottom -->
        </div> <!-- panel -->
        <div panel-name="group-Default_suite" class="panel">
          <div class="main-panel-header rounded-window-top">
            <span class="header-content">Groups for Default suite</span>
          </div> <!-- main-panel-header rounded-window-top -->
          <div class="main-panel-content rounded-window-bottom">
          </div> <!-- main-panel-content rounded-window-bottom -->
        </div> <!-- panel -->
        <div panel-name="times-Default_suite" class="panel">
          <div class="main-panel-header rounded-window-top">
            <span class="header-content">Times for Default suite</span>
          </div> <!-- main-panel-header rounded-window-top -->
          <div class="main-panel-content rounded-window-bottom">
            <div class="times-div">
              <script type="text/javascript">
suiteTableInitFunctions.push('tableData_Default_suite');
function tableData_Default_suite() {
var data = new google.visualization.DataTable();
data.addColumn('number', 'Number');
data.addColumn('string', 'Method');
data.addColumn('string', 'Class');
data.addColumn('number', 'Time (ms)');
data.addRows(54);
data.setCell(0, 0, 0)
data.setCell(0, 1, 'testlogin')
data.setCell(0, 2, 'testcases.HybridExecuteTest')
data.setCell(0, 3, 4230);
data.setCell(1, 0, 1)
data.setCell(1, 1, 'testlogin')
data.setCell(1, 2, 'testcases.HybridExecuteTest')
data.setCell(1, 3, 3001);
data.setCell(2, 0, 2)
data.setCell(2, 1, 'testlogin')
data.setCell(2, 2, 'testcases.HybridExecuteTest')
data.setCell(2, 3, 2001);
data.setCell(3, 0, 3)
data.setCell(3, 1, 'testlogin')
data.setCell(3, 2, 'testcases.HybridExecuteTest')
data.setCell(3, 3, 2001);
data.setCell(4, 0, 4)
data.setCell(4, 1, 'testlogin')
data.setCell(4, 2, 'testcases.HybridExecuteTest')
data.setCell(4, 3, 2001);
data.setCell(5, 0, 5)
data.setCell(5, 1, 'testlogin')
data.setCell(5, 2, 'testcases.HybridExecuteTest')
data.setCell(5, 3, 2001);
data.setCell(6, 0, 6)
data.setCell(6, 1, 'testlogin')
data.setCell(6, 2, 'testcases.HybridExecuteTest')
data.setCell(6, 3, 2000);
data.setCell(7, 0, 7)
data.setCell(7, 1, 'testlogin')
data.setCell(7, 2, 'testcases.HybridExecuteTest')
data.setCell(7, 3, 1992);
data.setCell(8, 0, 8)
data.setCell(8, 1, 'testlogin')
data.setCell(8, 2, 'testcases.HybridExecuteTest')
data.setCell(8, 3, 1423);
data.setCell(9, 0, 9)
data.setCell(9, 1, 'testlogin')
data.setCell(9, 2, 'testcases.HybridExecuteTest')
data.setCell(9, 3, 1001);
data.setCell(10, 0, 10)
data.setCell(10, 1, 'testlogin')
data.setCell(10, 2, 'testcases.HybridExecuteTest')
data.setCell(10, 3, 1001);
data.setCell(11, 0, 11)
data.setCell(11, 1, 'testlogin')
data.setCell(11, 2, 'testcases.HybridExecuteTest')
data.setCell(11, 3, 1001);
data.setCell(12, 0, 12)
data.setCell(12, 1, 'testlogin')
data.setCell(12, 2, 'testcases.HybridExecuteTest')
data.setCell(12, 3, 398);
data.setCell(13, 0, 13)
data.setCell(13, 1, 'testlogin')
data.setCell(13, 2, 'testcases.HybridExecuteTest')
data.setCell(13, 3, 127);
data.setCell(14, 0, 14)
data.setCell(14, 1, 'testlogin')
data.setCell(14, 2, 'testcases.HybridExecuteTest')
data.setCell(14, 3, 99);
data.setCell(15, 0, 15)
data.setCell(15, 1, 'testlogin')
data.setCell(15, 2, 'testcases.HybridExecuteTest')
data.setCell(15, 3, 93);
data.setCell(16, 0, 16)
data.setCell(16, 1, 'testlogin')
data.setCell(16, 2, 'testcases.HybridExecuteTest')
data.setCell(16, 3, 78);
data.setCell(17, 0, 17)
data.setCell(17, 1, 'testlogin')
data.setCell(17, 2, 'testcases.HybridExecuteTest')
data.setCell(17, 3, 72);
data.setCell(18, 0, 18)
data.setCell(18, 1, 'testlogin')
data.setCell(18, 2, 'testcases.HybridExecuteTest')
data.setCell(18, 3, 70);
data.setCell(19, 0, 19)
data.setCell(19, 1, 'testlogin')
data.setCell(19, 2, 'testcases.HybridExecuteTest')
data.setCell(19, 3, 67);
data.setCell(20, 0, 20)
data.setCell(20, 1, 'testlogin')
data.setCell(20, 2, 'testcases.HybridExecuteTest')
data.setCell(20, 3, 61);
data.setCell(21, 0, 21)
data.setCell(21, 1, 'testlogin')
data.setCell(21, 2, 'testcases.HybridExecuteTest')
data.setCell(21, 3, 42);
data.setCell(22, 0, 22)
data.setCell(22, 1, 'testlogin')
data.setCell(22, 2, 'testcases.HybridExecuteTest')
data.setCell(22, 3, 37);
data.setCell(23, 0, 23)
data.setCell(23, 1, 'testlogin')
data.setCell(23, 2, 'testcases.HybridExecuteTest')
data.setCell(23, 3, 28);
data.setCell(24, 0, 24)
data.setCell(24, 1, 'testlogin')
data.setCell(24, 2, 'testcases.HybridExecuteTest')
data.setCell(24, 3, 7);
data.setCell(25, 0, 25)
data.setCell(25, 1, 'testlogin')
data.setCell(25, 2, 'testcases.HybridExecuteTest')
data.setCell(25, 3, 6);
data.setCell(26, 0, 26)
data.setCell(26, 1, 'testlogin')
data.setCell(26, 2, 'testcases.HybridExecuteTest')
data.setCell(26, 3, 5);
data.setCell(27, 0, 27)
data.setCell(27, 1, 'testlogin')
data.setCell(27, 2, 'testcases.HybridExecuteTest')
data.setCell(27, 3, 2);
data.setCell(28, 0, 28)
data.setCell(28, 1, 'testlogin')
data.setCell(28, 2, 'testcases.HybridExecuteTest')
data.setCell(28, 3, 2);
data.setCell(29, 0, 29)
data.setCell(29, 1, 'testlogin')
data.setCell(29, 2, 'testcases.HybridExecuteTest')
data.setCell(29, 3, 1);
data.setCell(30, 0, 30)
data.setCell(30, 1, 'testlogin')
data.setCell(30, 2, 'testcases.HybridExecuteTest')
data.setCell(30, 3, 1);
data.setCell(31, 0, 31)
data.setCell(31, 1, 'testlogin')
data.setCell(31, 2, 'testcases.HybridExecuteTest')
data.setCell(31, 3, 1);
data.setCell(32, 0, 32)
data.setCell(32, 1, 'testlogin')
data.setCell(32, 2, 'testcases.HybridExecuteTest')
data.setCell(32, 3, 1);
data.setCell(33, 0, 33)
data.setCell(33, 1, 'testlogin')
data.setCell(33, 2, 'testcases.HybridExecuteTest')
data.setCell(33, 3, 1);
data.setCell(34, 0, 34)
data.setCell(34, 1, 'testlogin')
data.setCell(34, 2, 'testcases.HybridExecuteTest')
data.setCell(34, 3, 1);
data.setCell(35, 0, 35)
data.setCell(35, 1, 'testlogin')
data.setCell(35, 2, 'testcases.HybridExecuteTest')
data.setCell(35, 3, 1);
data.setCell(36, 0, 36)
data.setCell(36, 1, 'testlogin')
data.setCell(36, 2, 'testcases.HybridExecuteTest')
data.setCell(36, 3, 1);
data.setCell(37, 0, 37)
data.setCell(37, 1, 'testlogin')
data.setCell(37, 2, 'testcases.HybridExecuteTest')
data.setCell(37, 3, 1);
data.setCell(38, 0, 38)
data.setCell(38, 1, 'testlogin')
data.setCell(38, 2, 'testcases.HybridExecuteTest')
data.setCell(38, 3, 0);
data.setCell(39, 0, 39)
data.setCell(39, 1, 'testlogin')
data.setCell(39, 2, 'testcases.HybridExecuteTest')
data.setCell(39, 3, 0);
data.setCell(40, 0, 40)
data.setCell(40, 1, 'testlogin')
data.setCell(40, 2, 'testcases.HybridExecuteTest')
data.setCell(40, 3, 0);
data.setCell(41, 0, 41)
data.setCell(41, 1, 'testlogin')
data.setCell(41, 2, 'testcases.HybridExecuteTest')
data.setCell(41, 3, 0);
data.setCell(42, 0, 42)
data.setCell(42, 1, 'testlogin')
data.setCell(42, 2, 'testcases.HybridExecuteTest')
data.setCell(42, 3, 0);
data.setCell(43, 0, 43)
data.setCell(43, 1, 'testlogin')
data.setCell(43, 2, 'testcases.HybridExecuteTest')
data.setCell(43, 3, 0);
data.setCell(44, 0, 44)
data.setCell(44, 1, 'testlogin')
data.setCell(44, 2, 'testcases.HybridExecuteTest')
data.setCell(44, 3, 0);
data.setCell(45, 0, 45)
data.setCell(45, 1, 'testlogin')
data.setCell(45, 2, 'testcases.HybridExecuteTest')
data.setCell(45, 3, 0);
data.setCell(46, 0, 46)
data.setCell(46, 1, 'testlogin')
data.setCell(46, 2, 'testcases.HybridExecuteTest')
data.setCell(46, 3, 0);
data.setCell(47, 0, 47)
data.setCell(47, 1, 'testlogin')
data.setCell(47, 2, 'testcases.HybridExecuteTest')
data.setCell(47, 3, 0);
data.setCell(48, 0, 48)
data.setCell(48, 1, 'testlogin')
data.setCell(48, 2, 'testcases.HybridExecuteTest')
data.setCell(48, 3, 0);
data.setCell(49, 0, 49)
data.setCell(49, 1, 'testlogin')
data.setCell(49, 2, 'testcases.HybridExecuteTest')
data.setCell(49, 3, 0);
data.setCell(50, 0, 50)
data.setCell(50, 1, 'testlogin')
data.setCell(50, 2, 'testcases.HybridExecuteTest')
data.setCell(50, 3, 0);
data.setCell(51, 0, 51)
data.setCell(51, 1, 'testlogin')
data.setCell(51, 2, 'testcases.HybridExecuteTest')
data.setCell(51, 3, 0);
data.setCell(52, 0, 52)
data.setCell(52, 1, 'testlogin')
data.setCell(52, 2, 'testcases.HybridExecuteTest')
data.setCell(52, 3, 0);
data.setCell(53, 0, 53)
data.setCell(53, 1, 'testlogin')
data.setCell(53, 2, 'testcases.HybridExecuteTest')
data.setCell(53, 3, 0);
window.suiteTableData['Default_suite']= { tableData: data, tableDiv: 'times-div-Default_suite'}
return data;
}
              </script>
              <span class="suite-total-time">Total running time: 24 seconds</span>
              <div id="times-div-Default_suite">
              </div> <!-- times-div-Default_suite -->
            </div> <!-- times-div -->
          </div> <!-- main-panel-content rounded-window-bottom -->
        </div> <!-- panel -->
        <div panel-name="reporter-Default_suite" class="panel">
          <div class="main-panel-header rounded-window-top">
            <span class="header-content">Reporter output for Default suite</span>
          </div> <!-- main-panel-header rounded-window-top -->
          <div class="main-panel-content rounded-window-bottom">
          </div> <!-- main-panel-content rounded-window-bottom -->
        </div> <!-- panel -->
        <div panel-name="ignored-methods-Default_suite" class="panel">
          <div class="main-panel-header rounded-window-top">
            <span class="header-content">0 ignored methods</span>
          </div> <!-- main-panel-header rounded-window-top -->
          <div class="main-panel-content rounded-window-bottom">
          </div> <!-- main-panel-content rounded-window-bottom -->
        </div> <!-- panel -->
        <div panel-name="chronological-Default_suite" class="panel">
          <div class="main-panel-header rounded-window-top">
            <span class="header-content">Methods in chronological order</span>
          </div> <!-- main-panel-header rounded-window-top -->
          <div class="main-panel-content rounded-window-bottom">
            <div class="chronological-class">
              <div class="chronological-class-name">testcases.HybridExecuteTest</div> <!-- chronological-class-name -->
              <div class="test-method">
                <span class="method-name">testlogin(Login to application, , , , , N)</span>
                <span class="method-start">0 ms</span>
              </div> <!-- test-method -->
              <div class="test-method">
                <span class="method-name">testlogin(, GOTOURL, , , url, N)</span>
                <span class="method-start">6 ms</span>
              </div> <!-- test-method -->
              <div class="test-method">
                <span class="method-name">testlogin(, SETTEXT, username, id, test@evalueserve.com, N)</span>
                <span class="method-start">7 ms</span>
              </div> <!-- test-method -->
              <div class="test-method">
                <span class="method-name">testlogin(, SETTEXT, password, id, 123456.0, N)</span>
                <span class="method-start">8 ms</span>
              </div> <!-- test-method -->
              <div class="test-method">
                <span class="method-name">testlogin(, CLICK, password, id, , N)</span>
                <span class="method-start">9 ms</span>
              </div> <!-- test-method -->
              <div class="test-method">
                <span class="method-name">testlogin(, CLICK, login, classname, , N)</span>
                <span class="method-start">10 ms</span>
              </div> <!-- test-method -->
              <div class="test-method">
                <span class="method-name">testlogin(, CLOSE, , , , N)</span>
                <span class="method-start">12 ms</span>
              </div> <!-- test-method -->
              <div class="test-method">
                <span class="method-name">testlogin(Open download comps, , , , , N)</span>
                <span class="method-start">13 ms</span>
              </div> <!-- test-method -->
              <div class="test-method">
                <span class="method-name">testlogin(, GOTOURL, , , url, N)</span>
                <span class="method-start">15 ms</span>
              </div> <!-- test-method -->
              <div class="test-method">
                <span class="method-name">testlogin(, SETTEXT, username, id, test@evalueserve.com, N)</span>
                <span class="method-start">19 ms</span>
              </div> <!-- test-method -->
              <div class="test-method">
                <span class="method-name">testlogin(, SETTEXT, password, id, 123456.0, N)</span>
                <span class="method-start">20 ms</span>
              </div> <!-- test-method -->
              <div class="test-method">
                <span class="method-name">testlogin(, CLICK, login, classname, , N)</span>
                <span class="method-start">21 ms</span>
              </div> <!-- test-method -->
              <div class="test-method">
                <span class="method-name">testlogin(, IMPLICITWAIT, , , , N)</span>
                <span class="method-start">22 ms</span>
              </div> <!-- test-method -->
              <div class="test-method">
                <span class="method-name">testlogin(, CLICK, managecomps, link, , N)</span>
                <span class="method-start">23 ms</span>
              </div> <!-- test-method -->
              <div class="test-method">
                <span class="method-name">testlogin(, CLOSE, , , , N)</span>
                <span class="method-start">23 ms</span>
              </div> <!-- test-method -->
              <div class="test-method">
                <span class="method-name">testlogin(Download Comps, , , , , Y)</span>
                <span class="method-start">25 ms</span>
              </div> <!-- test-method -->
              <div class="test-method">
                <span class="method-name">testlogin(, GOTOURL, , , url, Y)</span>
                <span class="method-start">4255 ms</span>
              </div> <!-- test-method -->
              <div class="test-method">
                <span class="method-name">testlogin(, SETTEXT, username, id, test@evalueserve.com, Y)</span>
                <span class="method-start">6247 ms</span>
              </div> <!-- test-method -->
              <div class="test-method">
                <span class="method-name">testlogin(, SETTEXT, password, id, 123456.0, Y)</span>
                <span class="method-start">6318 ms</span>
              </div> <!-- test-method -->
              <div class="test-method">
                <span class="method-name">testlogin(, CLICK, login, classname, , Y)</span>
                <span class="method-start">6361 ms</span>
              </div> <!-- test-method -->
              <div class="test-method">
                <span class="method-name">testlogin(, IMPLICITWAIT, , , , Y)</span>
                <span class="method-start">6760 ms</span>
              </div> <!-- test-method -->
              <div class="test-method">
                <span class="method-name">testlogin(, CLICK, managecomps, link, , Y)</span>
                <span class="method-start">6768 ms</span>
              </div> <!-- test-method -->
              <div class="test-method">
                <span class="method-name">testlogin(, DRIVERWAIT, , , 2.0, Y)</span>
                <span class="method-start">8192 ms</span>
              </div> <!-- test-method -->
              <div class="test-method">
                <span class="method-name">testlogin(, CLICK, Team_arrow, xpath, , Y)</span>
                <span class="method-start">10195 ms</span>
              </div> <!-- test-method -->
              <div class="test-method">
                <span class="method-name">testlogin(, DRIVERWAIT, , , 2.0, Y)</span>
                <span class="method-start">10288 ms</span>
              </div> <!-- test-method -->
              <div class="test-method">
                <span class="method-name">testlogin(, CLICK, Team_select, xpath, , Y)</span>
                <span class="method-start">12291 ms</span>
              </div> <!-- test-method -->
              <div class="test-method">
                <span class="method-name">testlogin(, DRIVERWAIT, , , 2.0, Y)</span>
                <span class="method-start">12391 ms</span>
              </div> <!-- test-method -->
              <div class="test-method">
                <span class="method-name">testlogin(, CLICK, Template_arrow, xpath, , Y)</span>
                <span class="method-start">14391 ms</span>
              </div> <!-- test-method -->
              <div class="test-method">
                <span class="method-name">testlogin(, DRIVERWAIT, , , 2.0, Y)</span>
                <span class="method-start">14458 ms</span>
              </div> <!-- test-method -->
              <div class="test-method">
                <span class="method-name">testlogin(, CLICK, Template_select, xpath, , Y)</span>
                <span class="method-start">16459 ms</span>
              </div> <!-- test-method -->
              <div class="test-method">
                <span class="method-name">testlogin(, DRIVERWAIT, , , 1.0, Y)</span>
                <span class="method-start">16496 ms</span>
              </div> <!-- test-method -->
              <div class="test-method">
                <span class="method-name">testlogin(, VERIFY, Sector_select, xpath, Consumer, Y)</span>
                <span class="method-start">17497 ms</span>
              </div> <!-- test-method -->
              <div class="test-method">
                <span class="method-name">testlogin(, SCROLL, , , , Y)</span>
                <span class="method-start">17526 ms</span>
              </div> <!-- test-method -->
              <div class="test-method">
                <span class="method-name">testlogin(, DRIVERWAIT, , , 1.0, Y)</span>
                <span class="method-start">17533 ms</span>
              </div> <!-- test-method -->
              <div class="test-method">
                <span class="method-name">testlogin(, CLICK, Subsector_arrow, xpath, , Y)</span>
                <span class="method-start">18535 ms</span>
              </div> <!-- test-method -->
              <div class="test-method">
                <span class="method-name">testlogin(, DRIVERWAIT, , , 2.0, Y)</span>
                <span class="method-start">18613 ms</span>
              </div> <!-- test-method -->
              <div class="test-method">
                <span class="method-name">testlogin(, CLICK, Subsector_select, xpath, , Y)</span>
                <span class="method-start">20615 ms</span>
              </div> <!-- test-method -->
              <div class="test-method">
                <span class="method-name">testlogin(, DRIVERWAIT, , , 3.0, Y)</span>
                <span class="method-start">20676 ms</span>
              </div> <!-- test-method -->
              <div class="test-method">
                <span class="method-name">testlogin(, CLICK, Portfolio_arrow, xpath, , Y)</span>
                <span class="method-start">23678 ms</span>
              </div> <!-- test-method -->
              <div class="test-method">
                <span class="method-name">testlogin(, DRIVERWAIT, , , 1.0, Y)</span>
                <span class="method-start">23805 ms</span>
              </div> <!-- test-method -->
              <div class="test-method">
                <span class="method-name">testlogin(, CLICK, Portfolio_Select, xpath, , Y)</span>
                <span class="method-start">24807 ms</span>
              </div> <!-- test-method -->
              <div class="test-method">
                <span class="method-name">testlogin(, CLOSE, , , , )</span>
                <span class="method-start">24880 ms</span>
              </div> <!-- test-method -->
              <div class="test-method">
                <span class="method-name">testlogin(Upload Comps, , , , , N)</span>
                <span class="method-start">24881 ms</span>
              </div> <!-- test-method -->
              <div class="test-method">
                <span class="method-name">testlogin(, GOTOURL, , , url, N)</span>
                <span class="method-start">24881 ms</span>
              </div> <!-- test-method -->
              <div class="test-method">
                <span class="method-name">testlogin(, SETTEXT, username, id, test@evalueserve.com, N)</span>
                <span class="method-start">24881 ms</span>
              </div> <!-- test-method -->
              <div class="test-method">
                <span class="method-name">testlogin(, SETTEXT, password, id, 123456.0, N)</span>
                <span class="method-start">24882 ms</span>
              </div> <!-- test-method -->
              <div class="test-method">
                <span class="method-name">testlogin(, CLICK, login, classname, , N)</span>
                <span class="method-start">24882 ms</span>
              </div> <!-- test-method -->
              <div class="test-method">
                <span class="method-name">testlogin(, IMPLICITWAIT, , , , N)</span>
                <span class="method-start">24883 ms</span>
              </div> <!-- test-method -->
              <div class="test-method">
                <span class="method-name">testlogin(, CLICK, managecomps, link, , N)</span>
                <span class="method-start">24883 ms</span>
              </div> <!-- test-method -->
              <div class="test-method">
                <span class="method-name">testlogin(, IMPLICITWAIT, , , , N)</span>
                <span class="method-start">24884 ms</span>
              </div> <!-- test-method -->
              <div class="test-method">
                <span class="method-name">testlogin(, CLICK, UploadcompsTab, partiallink, , N)</span>
                <span class="method-start">24884 ms</span>
              </div> <!-- test-method -->
              <div class="test-method">
                <span class="method-name">testlogin(, DRIVERWAIT, , , , N)</span>
                <span class="method-start">24885 ms</span>
              </div> <!-- test-method -->
              <div class="test-method">
                <span class="method-name">testlogin(, SETTEXT, upload, name, C:\\Users\\chaman.preet\\Desktop\\Rahul.pdf, N)</span>
                <span class="method-start">24886 ms</span>
              </div> <!-- test-method -->
              <div class="test-method">
                <span class="method-name">testlogin(, CLOSE, , , , N)</span>
                <span class="method-start">24886 ms</span>
              </div> <!-- test-method -->
          </div> <!-- main-panel-content rounded-window-bottom -->
        </div> <!-- panel -->
      </div> <!-- main-panel-root -->
    </div> <!-- wrapper -->
  </body>
</html>
